    {
        "Id":  1,
        "Version":  5,
        "Qualifiers":  null,
        "Level":  4,
        "Task":  1,
        "Opcode":  0,
        "Keywords":  -9223372036854775808,
        "RecordId":  4180,
        "ProviderName":  "Microsoft-Windows-Sysmon",
        "ProviderId":  "5770385f-c22a-43e0-bf4c-06f5698ffbd9",
        "LogName":  "Microsoft-Windows-Sysmon/Operational",
        "ProcessId":  2808,
        "ThreadId":  3828,
        "MachineName":  "MSEDGEWIN10",
        "UserId":  {
                       "BinaryLength":  12,
                       "AccountDomainSid":  null,
                       "Value":  "S-1-5-18"
                   },
        "TimeCreated":  "\/Date(1740464895553)\/",
        "ActivityId":  null,
        "RelatedActivityId":  null,
        "ContainerLog":  "d:\\gs1_rm556392\\c2.evtx",
        "MatchedQueryIds":  [

                            ],
        "Bookmark":  {

                     },
        "LevelDisplayName":  null,
        "OpcodeDisplayName":  null,
        "TaskDisplayName":  null,
        "KeywordsDisplayNames":  null,
        "Properties":  [
                           {
                               "Value":  "-"
                           },
                           {
                               "Value":  "2025-02-25 06:28:15.546"
                           },
                           {
                               "Value":  "43199d79-62ff-67bd-7f00-000000001000"
                           },
                           {
                               "Value":  4948
                           },
                           {
                               "Value":  "C:\\Windows\\System32\\ctfmon.exe"
                           },
                           {
                               "Value":  "10.0.17763.1 (WinBuild.160101.0800)"
                           },
                           {
                               "Value":  "CTF Loader"
                           },
                           {
                               "Value":  "Microsoft® Windows® Operating System"
                           },
                           {
                               "Value":  "Microsoft Corporation"
                           },
                           {
                               "Value":  "CTFMON.EXE"
                           },
                           {
                               "Value":  "\"ctfmon.exe\""
                           },
                           {
                               "Value":  "C:\\Windows\\system32\\"
                           },
                           {
                               "Value":  "MSEDGEWIN10\\IEUser"
                           },
                           {
                               "Value":  "43199d79-62fe-67bd-3c3c-040000000000"
                           },
                           {
                               "Value":  277564
                           },
                           {
                               "Value":  1
                           },
                           {
                               "Value":  "High"
                           },
                           {
                               "Value":  "MD5=AFE653CCC2592633C22DD5DA4124AB59,SHA256=2D88AB60714D7CAA53B06653CDD31E14093121CEBF3BB7EB7CA0F1B9F04A3A8A,IMPHASH=6FD43544FB51C12382CAD7C88F550240"
                           },
                           {
                               "Value":  "43199d79-62ff-67bd-7d00-000000001000"
                           },
                           {
                               "Value":  4836
                           },
                           {
                               "Value":  "C:\\Windows\\System32\\svchost.exe"
                           },
                           {
                               "Value":  "C:\\Windows\\System32\\svchost.exe -k LocalSystemNetworkRestricted -p -s TabletInputService"
                           },
                           {
                               "Value":  "NT AUTHORITY\\SYSTEM"
                           }
                       ],
        "Message":  null
    },
    {
        "Id":  13,
        "Version":  2,
        "Qualifiers":  null,
        "Level":  4,
        "Task":  13,
        "Opcode":  0,
        "Keywords":  -9223372036854775808,
        "RecordId":  4181,
        "ProviderName":  "Microsoft-Windows-Sysmon",
        "ProviderId":  "5770385f-c22a-43e0-bf4c-06f5698ffbd9",
        "LogName":  "Microsoft-Windows-Sysmon/Operational",
        "ProcessId":  2808,
        "ThreadId":  3828,
        "MachineName":  "MSEDGEWIN10",
        "UserId":  {
                       "BinaryLength":  12,
                       "AccountDomainSid":  null,
                       "Value":  "S-1-5-18"
                   },
        "TimeCreated":  "\/Date(1740464895648)\/",
        "ActivityId":  null,
        "RelatedActivityId":  null,
        "ContainerLog":  "d:\\gs1_rm556392\\c2.evtx",
        "MatchedQueryIds":  [

                            ],
        "Bookmark":  {

                     },
        "LevelDisplayName":  null,
        "OpcodeDisplayName":  null,
        "TaskDisplayName":  null,
        "KeywordsDisplayNames":  null,
        "Properties":  [
                           {
                               "Value":  "T1031,T1050"
                           },
                           {
                               "Value":  "SetValue"
                           },
                           {
                               "Value":  "2025-02-25 06:28:15.596"
                           },
                           {
                               "Value":  "43199d79-62f1-67bd-0b00-000000001000"
                           },
                           {
                               "Value":  616
                           },
                           {
                               "Value":  "C:\\Windows\\system32\\services.exe"
                           },
                           {
                               "Value":  "HKLM\\System\\CurrentControlSet\\Services\\TabletInputService\\Start"
                           },
                           {
                               "Value":  "DWORD (0x00000003)"
                           },
                           {
                               "Value":  "NT AUTHORITY\\SYSTEM"
                           }
                       ],
        "Message":  null
    },
    {
        "Id":  1,
        "Version":  5,
        "Qualifiers":  null,
        "Level":  4,
        "Task":  1,
        "Opcode":  0,
        "Keywords":  -9223372036854775808,
        "RecordId":  4182,
        "ProviderName":  "Microsoft-Windows-Sysmon",
        "ProviderId":  "5770385f-c22a-43e0-bf4c-06f5698ffbd9",
        "LogName":  "Microsoft-Windows-Sysmon/Operational",
        "ProcessId":  2808,
        "ThreadId":  3828,
        "MachineName":  "MSEDGEWIN10",
        "UserId":  {
                       "BinaryLength":  12,
                       "AccountDomainSid":  null,
                       "Value":  "S-1-5-18"
                   },
        "TimeCreated":  "\/Date(1740464895963)\/",
        "ActivityId":  null,
        "RelatedActivityId":  null,
        "ContainerLog":  "d:\\gs1_rm556392\\c2.evtx",
        "MatchedQueryIds":  [

                            ],
        "Bookmark":  {

                     },
        "LevelDisplayName":  null,
        "OpcodeDisplayName":  null,
        "TaskDisplayName":  null,
        "KeywordsDisplayNames":  null,
        "Properties":  [
                           {
                               "Value":  "-"
                           },
                           {
                               "Value":  "2025-02-25 06:28:15.928"
                           },
                           {
                               "Value":  "43199d79-62ff-67bd-8000-000000001000"
                           },
                           {
                               "Value":  5020
                           },
                           {
                               "Value":  "C:\\Windows\\System32\\svchost.exe"
                           },
                           {
                               "Value":  "10.0.17763.1 (WinBuild.160101.0800)"
                           },
                           {
                               "Value":  "Host Process for Windows Services"
                           },
                           {
                               "Value":  "Microsoft® Windows® Operating System"
                           },
                           {
                               "Value":  "Microsoft Corporation"
                           },
                           {
                               "Value":  "svchost.exe"
                           },
                           {
                               "Value":  "C:\\Windows\\system32\\svchost.exe -k LocalService -p -s CDPSvc"
                           },
                           {
                               "Value":  "C:\\Windows\\system32\\"
                           },
                           {
                               "Value":  "NT AUTHORITY\\LOCAL SERVICE"
                           },
                           {
                               "Value":  "43199d79-62f2-67bd-e503-000000000000"
                           },
                           {
                               "Value":  997
                           },
                           {
                               "Value":  0
                           },
                           {
                               "Value":  "System"
                           },
                           {
                               "Value":  "MD5=8A0A29438052FAED8A2532DA50455756,SHA256=7FD065BAC18C5278777AE44908101CDFED72D26FA741367F0AD4D02020787AB6,IMPHASH=247B9220E5D9B720A82B2C8B5069AD69"
                           },
                           {
                               "Value":  "43199d79-62f1-67bd-0b00-000000001000"
                           },
                           {
                               "Value":  616
                           },
                           {
                               "Value":  "C:\\Windows\\System32\\services.exe"
                           },
                           {
                               "Value":  "C:\\Windows\\system32\\services.exe"
                           },
                           {
                               "Value":  "NT AUTHORITY\\SYSTEM"
                           }
                       ],
        "Message":  null
    },
    {
        "Id":  22,
        "Version":  5,
        "Qualifiers":  null,
        "Level":  4,
        "Task":  22,
        "Opcode":  0,
        "Keywords":  -9223372036854775808,
        "RecordId":  4183,
        "ProviderName":  "Microsoft-Windows-Sysmon",
        "ProviderId":  "5770385f-c22a-43e0-bf4c-06f5698ffbd9",
        "LogName":  "Microsoft-Windows-Sysmon/Operational",
        "ProcessId":  2808,
        "ThreadId":  3868,
        "MachineName":  "MSEDGEWIN10",
        "UserId":  {
                       "BinaryLength":  12,
                       "AccountDomainSid":  null,
                       "Value":  "S-1-5-18"
                   },
        "TimeCreated":  "\/Date(1740464896585)\/",
        "ActivityId":  null,
        "RelatedActivityId":  null,
        "ContainerLog":  "d:\\gs1_rm556392\\c2.evtx",
        "MatchedQueryIds":  [

                            ],
        "Bookmark":  {

                     },
        "LevelDisplayName":  null,
        "OpcodeDisplayName":  null,
        "TaskDisplayName":  null,
        "KeywordsDisplayNames":  null,
        "Properties":  [
                           {
                               "Value":  "-"
                           },
                           {
                               "Value":  "2025-02-25 06:28:15.946"
                           },
                           {
                               "Value":  "43199d79-62f4-67bd-3300-000000001000"
                           },
                           {
                               "Value":  2088
                           },
                           {
                               "Value":  "MSEDGEWIN10"
                           },
                           {
                               "Value":  "0"
                           },
                           {
                               "Value":  "fe80::d1b7:2334:df84:1757;::ffff:192.168.208.184;"
                           },
                           {
                               "Value":  "C:\\Windows\\System32\\spoolsv.exe"
                           },
                           {
                               "Value":  "NT AUTHORITY\\SYSTEM"
                           }
                       ],
        "Message":  null
    },
    {
        "Id":  22,
        "Version":  5,
        "Qualifiers":  null,
        "Level":  4,
        "Task":  22,
        "Opcode":  0,
        "Keywords":  -9223372036854775808,
        "RecordId":  4184,
        "ProviderName":  "Microsoft-Windows-Sysmon",
        "ProviderId":  "5770385f-c22a-43e0-bf4c-06f5698ffbd9",
        "LogName":  "Microsoft-Windows-Sysmon/Operational",
        "ProcessId":  2808,
        "ThreadId":  3868,
        "MachineName":  "MSEDGEWIN10",
        "UserId":  {
                       "BinaryLength":  12,
                       "AccountDomainSid":  null,
                       "Value":  "S-1-5-18"
                   },
        "TimeCreated":  "\/Date(1740464897628)\/",
        "ActivityId":  null,
        "RelatedActivityId":  null,
        "ContainerLog":  "d:\\gs1_rm556392\\c2.evtx",
        "MatchedQueryIds":  [

                            ],
        "Bookmark":  {

                     },
        "LevelDisplayName":  null,
        "OpcodeDisplayName":  null,
        "TaskDisplayName":  null,
        "KeywordsDisplayNames":  null,
        "Properties":  [
                           {
                               "Value":  "-"
                           },
                           {
                               "Value":  "2025-02-25 06:28:16.449"
                           },
                           {
                               "Value":  "43199d79-62f4-67bd-3300-000000001000"
                           },
                           {
                               "Value":  2088
                           },
                           {
                               "Value":  "MSEDGEWIN10"
                           },
                           {
                               "Value":  "0"
                           },
                           {
                               "Value":  "192.168.208.184;"
                           },
                           {
                               "Value":  "C:\\Windows\\System32\\spoolsv.exe"
                           },
                           {
                               "Value":  "NT AUTHORITY\\SYSTEM"
                           }
                       ],
        "Message":  null
    },
    {
        "Id":  22,
        "Version":  5,
        "Qualifiers":  null,
        "Level":  4,
        "Task":  22,
        "Opcode":  0,
        "Keywords":  -9223372036854775808,
        "RecordId":  4185,
        "ProviderName":  "Microsoft-Windows-Sysmon",
        "ProviderId":  "5770385f-c22a-43e0-bf4c-06f5698ffbd9",
        "LogName":  "Microsoft-Windows-Sysmon/Operational",
        "ProcessId":  2808,
        "ThreadId":  3868,
        "MachineName":  "MSEDGEWIN10",
        "UserId":  {
                       "BinaryLength":  12,
                       "AccountDomainSid":  null,
                       "Value":  "S-1-5-18"
                   },
        "TimeCreated":  "\/Date(1740464897628)\/",
        "ActivityId":  null,
        "RelatedActivityId":  null,
        "ContainerLog":  "d:\\gs1_rm556392\\c2.evtx",
        "MatchedQueryIds":  [

                            ],
        "Bookmark":  {

                     },
        "LevelDisplayName":  null,
        "OpcodeDisplayName":  null,
        "TaskDisplayName":  null,
        "KeywordsDisplayNames":  null,
        "Properties":  [
                           {
                               "Value":  "-"
                           },
                           {
                               "Value":  "2025-02-25 06:28:16.449"
                           },
                           {
                               "Value":  "43199d79-62f4-67bd-3300-000000001000"
                           },
                           {
                               "Value":  2088
                           },
                           {
                               "Value":  "MSEDGEWIN10"
                           },
                           {
                               "Value":  "0"
                           },
                           {
                               "Value":  "fe80::d1b7:2334:df84:1757;"
                           },
                           {
                               "Value":  "C:\\Windows\\System32\\spoolsv.exe"
                           },
                           {
                               "Value":  "NT AUTHORITY\\SYSTEM"
                           }
                       ],
        "Message":  null
    },
    {
        "Id":  1,
        "Version":  5,
        "Qualifiers":  null,
        "Level":  4,
        "Task":  1,
        "Opcode":  0,
        "Keywords":  -9223372036854775808,
        "RecordId":  4186,
        "ProviderName":  "Microsoft-Windows-Sysmon",
        "ProviderId":  "5770385f-c22a-43e0-bf4c-06f5698ffbd9",
        "LogName":  "Microsoft-Windows-Sysmon/Operational",
        "ProcessId":  2808,
        "ThreadId":  3828,
        "MachineName":  "MSEDGEWIN10",
        "UserId":  {
                       "BinaryLength":  12,
                       "AccountDomainSid":  null,
                       "Value":  "S-1-5-18"
                   },
        "TimeCreated":  "\/Date(1740464898376)\/",
        "ActivityId":  null,
        "RelatedActivityId":  null,
        "ContainerLog":  "d:\\gs1_rm556392\\c2.evtx",
        "MatchedQueryIds":  [

                            ],
        "Bookmark":  {

                     },
        "LevelDisplayName":  null,
        "OpcodeDisplayName":  null,
        "TaskDisplayName":  null,
        "KeywordsDisplayNames":  null,
        "Properties":  [
                           {
                               "Value":  "-"
                           },
                           {
                               "Value":  "2025-02-25 06:28:18.340"
                           },
                           {
                               "Value":  "43199d79-6302-67bd-8200-000000001000"
                           },
                           {
                               "Value":  4164
                           },
                           {
                               "Value":  "C:\\Windows\\System32\\userinit.exe"
                           },
                           {
                               "Value":  "10.0.17763.1 (WinBuild.160101.0800)"
                           },
                           {
                               "Value":  "Userinit Logon Application"
                           },
                           {
                               "Value":  "Microsoft® Windows® Operating System"
                           },
                           {
                               "Value":  "Microsoft Corporation"
                           },
                           {
                               "Value":  "USERINIT.EXE"
                           },
                           {
                               "Value":  "C:\\Windows\\system32\\userinit.exe"
                           },
                           {
                               "Value":  "C:\\Windows\\system32\\"
                           },
                           {
                               "Value":  "MSEDGEWIN10\\IEUser"
                           },
                           {
                               "Value":  "43199d79-62fe-67bd-3c3c-040000000000"
                           },
                           {
                               "Value":  277564
                           },
                           {
                               "Value":  1
                           },
                           {
                               "Value":  "Medium"
                           },
                           {
                               "Value":  "MD5=BF8825D08BC235F0609CA8BBEF4E179C,SHA256=1FE7F7C59EC7EAA276739FA85F7DDA6136D81184E0AEB385B6AC9FEAAA8C4394,IMPHASH=8419D97ABDFEB6C320F0C39028647572"
                           },
                           {
                               "Value":  "43199d79-62f0-67bd-0a00-000000001000"
                           },
                           {
                               "Value":  552
                           },
                           {
                               "Value":  "C:\\Windows\\System32\\winlogon.exe"
                           },
                           {
                               "Value":  "winlogon.exe"
                           },
                           {
                               "Value":  "NT AUTHORITY\\SYSTEM"
                           }
                       ],
        "Message":  null
    },
    {
        "Id":  1,
        "Version":  5,
        "Qualifiers":  null,
        "Level":  4,
        "Task":  1,
        "Opcode":  0,
        "Keywords":  -9223372036854775808,
        "RecordId":  4187,
        "ProviderName":  "Microsoft-Windows-Sysmon",
        "ProviderId":  "5770385f-c22a-43e0-bf4c-06f5698ffbd9",
        "LogName":  "Microsoft-Windows-Sysmon/Operational",
        "ProcessId":  2808,
        "ThreadId":  3828,
        "MachineName":  "MSEDGEWIN10",
        "UserId":  {
                       "BinaryLength":  12,
                       "AccountDomainSid":  null,
                       "Value":  "S-1-5-18"
                   },
        "TimeCreated":  "\/Date(1740464898646)\/",
        "ActivityId":  null,
        "RelatedActivityId":  null,
        "ContainerLog":  "d:\\gs1_rm556392\\c2.evtx",
        "MatchedQueryIds":  [

                            ],
        "Bookmark":  {

                     },
        "LevelDisplayName":  null,
        "OpcodeDisplayName":  null,
        "TaskDisplayName":  null,
        "KeywordsDisplayNames":  null,
        "Properties":  [
                           {
                               "Value":  "-"
                           },
                           {
                               "Value":  "2025-02-25 06:28:18.555"
                           },
                           {
                               "Value":  "43199d79-6302-67bd-8300-000000001000"
                           },
                           {
                               "Value":  4208
                           },
                           {
                               "Value":  "C:\\Windows\\explorer.exe"
                           },
                           {
                               "Value":  "10.0.17763.348 (WinBuild.160101.0800)"
                           },
                           {
                               "Value":  "Windows Explorer"
                           },
                           {
                               "Value":  "Microsoft® Windows® Operating System"
                           },
                           {
                               "Value":  "Microsoft Corporation"
                           },
                           {
                               "Value":  "EXPLORER.EXE"
                           },
                           {
                               "Value":  "C:\\Windows\\Explorer.EXE"
                           },
                           {
                               "Value":  "C:\\Windows\\system32\\"
                           },
                           {
                               "Value":  "MSEDGEWIN10\\IEUser"
                           },
                           {
                               "Value":  "43199d79-62fe-67bd-3c3c-040000000000"
                           },
                           {
                               "Value":  277564
                           },
                           {
                               "Value":  1
                           },
                           {
                               "Value":  "Medium"
                           },
                           {
                               "Value":  "MD5=2F62005FCEA7430BB871A56F7700F81C,SHA256=B759293373A11D1A972873A902BC64B2C9690AB947CE4A185CD047195521296D,IMPHASH=0B98A47B3DAF2EE45939EF2A0F188959"
                           },
                           {
                               "Value":  "43199d79-6302-67bd-8200-000000001000"
                           },
                           {
                               "Value":  4164
                           },
                           {
                               "Value":  "C:\\Windows\\System32\\userinit.exe"
                           },
                           {
                               "Value":  "C:\\Windows\\system32\\userinit.exe"
                           },
                           {
                               "Value":  "MSEDGEWIN10\\IEUser"
                           }
                       ],
        "Message":  null
    },
    {
        "Id":  1,
        "Version":  5,
        "Qualifiers":  null,
        "Level":  4,
        "Task":  1,
        "Opcode":  0,
        "Keywords":  -9223372036854775808,
        "RecordId":  4188,
        "ProviderName":  "Microsoft-Windows-Sysmon",
        "ProviderId":  "5770385f-c22a-43e0-bf4c-06f5698ffbd9",
        "LogName":  "Microsoft-Windows-Sysmon/Operational",
        "ProcessId":  2808,
        "ThreadId":  3828,
        "MachineName":  "MSEDGEWIN10",
        "UserId":  {
                       "BinaryLength":  12,
                       "AccountDomainSid":  null,
                       "Value":  "S-1-5-18"
                   },
        "TimeCreated":  "\/Date(1740464900351)\/",
        "ActivityId":  null,
        "RelatedActivityId":  null,
        "ContainerLog":  "d:\\gs1_rm556392\\c2.evtx",
        "MatchedQueryIds":  [

                            ],
        "Bookmark":  {

                     },
        "LevelDisplayName":  null,
        "OpcodeDisplayName":  null,
        "TaskDisplayName":  null,
        "KeywordsDisplayNames":  null,
        "Properties":  [
                           {
                               "Value":  "-"
                           },
                           {
                               "Value":  "2025-02-25 06:28:20.320"
                           },
                           {
                               "Value":  "43199d79-6304-67bd-8400-000000001000"
                           },
                           {
                               "Value":  4436
                           },
                           {
                               "Value":  "C:\\Windows\\System32\\svchost.exe"
                           },
                           {
                               "Value":  "10.0.17763.1 (WinBuild.160101.0800)"
                           },
                           {
                               "Value":  "Host Process for Windows Services"
                           },
                           {
                               "Value":  "Microsoft® Windows® Operating System"
                           },
                           {
                               "Value":  "Microsoft Corporation"
                           },
                           {
                               "Value":  "svchost.exe"
                           },
                           {
                               "Value":  "C:\\Windows\\system32\\svchost.exe -k ClipboardSvcGroup -p -s cbdhsvc"
                           },
                           {
                               "Value":  "C:\\Windows\\system32\\"
                           },
                           {
                               "Value":  "MSEDGEWIN10\\IEUser"
                           },
                           {
                               "Value":  "43199d79-62fe-67bd-3c3c-040000000000"
                           },
                           {
                               "Value":  277564
                           },
                           {
                               "Value":  1
                           },
                           {
                               "Value":  "Medium"
                           },
                           {
                               "Value":  "MD5=8A0A29438052FAED8A2532DA50455756,SHA256=7FD065BAC18C5278777AE44908101CDFED72D26FA741367F0AD4D02020787AB6,IMPHASH=247B9220E5D9B720A82B2C8B5069AD69"
                           },
                           {
                               "Value":  "43199d79-62f1-67bd-0b00-000000001000"
                           },
                           {
                               "Value":  616
                           },
                           {
                               "Value":  "C:\\Windows\\System32\\services.exe"
                           },
                           {
                               "Value":  "C:\\Windows\\system32\\services.exe"
                           },
                           {
                               "Value":  "NT AUTHORITY\\SYSTEM"
                           }
                       ],
        "Message":  null
    },
    {
        "Id":  22,
        "Version":  5,
        "Qualifiers":  null,
        "Level":  4,
        "Task":  22,
        "Opcode":  0,
        "Keywords":  -9223372036854775808,
        "RecordId":  4189,
        "ProviderName":  "Microsoft-Windows-Sysmon",
        "ProviderId":  "5770385f-c22a-43e0-bf4c-06f5698ffbd9",
        "LogName":  "Microsoft-Windows-Sysmon/Operational",
        "ProcessId":  2808,
        "ThreadId":  3868,
        "MachineName":  "MSEDGEWIN10",
        "UserId":  {
                       "BinaryLength":  12,
                       "AccountDomainSid":  null,
                       "Value":  "S-1-5-18"
                   },
        "TimeCreated":  "\/Date(1740464900659)\/",
        "ActivityId":  null,
        "RelatedActivityId":  null,
        "ContainerLog":  "d:\\gs1_rm556392\\c2.evtx",
        "MatchedQueryIds":  [

                            ],
        "Bookmark":  {

                     },
        "LevelDisplayName":  null,
        "OpcodeDisplayName":  null,
        "TaskDisplayName":  null,
        "KeywordsDisplayNames":  null,
        "Properties":  [
                           {
                               "Value":  "-"
                           },
                           {
                               "Value":  "2025-02-25 06:28:19.934"
                           },
                           {
                               "Value":  "43199d79-62fe-67bd-7800-000000001000"
                           },
                           {
                               "Value":  4604
                           },
                           {
                               "Value":  "cdn.onenote.net"
                           },
                           {
                               "Value":  "0"
                           },
                           {
                               "Value":  "type:  5 cdn.onenote.net.edgekey.net;type:  5 e1553.dspg.akamaiedge.net;::ffff:23.201.217.247;"
                           },
                           {
                               "Value":  "C:\\Windows\\System32\\svchost.exe"
                           },
                           {
                               "Value":  "MSEDGEWIN10\\IEUser"
                           }
                       ],
        "Message":  null
    },
    {
        "Id":  1,
        "Version":  5,
        "Qualifiers":  null,
        "Level":  4,
        "Task":  1,
        "Opcode":  0,
        "Keywords":  -9223372036854775808,
        "RecordId":  4190,
        "ProviderName":  "Microsoft-Windows-Sysmon",
        "ProviderId":  "5770385f-c22a-43e0-bf4c-06f5698ffbd9",
        "LogName":  "Microsoft-Windows-Sysmon/Operational",
        "ProcessId":  2808,
        "ThreadId":  3828,
        "MachineName":  "MSEDGEWIN10",
        "UserId":  {
                       "BinaryLength":  12,
                       "AccountDomainSid":  null,
                       "Value":  "S-1-5-18"
                   },
        "TimeCreated":  "\/Date(1740464904824)\/",
        "ActivityId":  null,
        "RelatedActivityId":  null,
        "ContainerLog":  "d:\\gs1_rm556392\\c2.evtx",
        "MatchedQueryIds":  [

                            ],
        "Bookmark":  {

                     },
        "LevelDisplayName":  null,
        "OpcodeDisplayName":  null,
        "TaskDisplayName":  null,
        "KeywordsDisplayNames":  null,
        "Properties":  [
                           {
                               "Value":  "-"
                           },
                           {
                               "Value":  "2025-02-25 06:28:24.808"
                           },
                           {
                               "Value":  "43199d79-6308-67bd-8a00-000000001000"
                           },
                           {
                               "Value":  5768
                           },
                           {
                               "Value":  "C:\\Windows\\System32\\ApplicationFrameHost.exe"
                           },
                           {
                               "Value":  "10.0.17763.1 (WinBuild.160101.0800)"
                           },
                           {
                               "Value":  "Application Frame Host"
                           },
                           {
                               "Value":  "Microsoft® Windows® Operating System"
                           },
                           {
                               "Value":  "Microsoft Corporation"
                           },
                           {
                               "Value":  "ApplicationFrameHost.exe"
                           },
                           {
                               "Value":  "C:\\Windows\\system32\\ApplicationFrameHost.exe -Embedding"
                           },
                           {
                               "Value":  "C:\\Windows\\system32\\"
                           },
                           {
                               "Value":  "MSEDGEWIN10\\IEUser"
                           },
                           {
                               "Value":  "43199d79-62fe-67bd-3c3c-040000000000"
                           },
                           {
                               "Value":  277564
                           },
                           {
                               "Value":  1
                           },
                           {
                               "Value":  "Medium"
                           },
                           {
                               "Value":  "MD5=F04ADA7AF26797029FA84FE969E7D215,SHA256=010A39F2C33B3DF513C599E951B61AFC8299C85B60C86E957E9DA17C1CD5655A,IMPHASH=09ACF1642E301359F90E7DA59EE838C6"
                           },
                           {
                               "Value":  "43199d79-62f1-67bd-1000-000000001000"
                           },
                           {
                               "Value":  768
                           },
                           {
                               "Value":  "C:\\Windows\\System32\\svchost.exe"
                           },
                           {
                               "Value":  "C:\\Windows\\system32\\svchost.exe -k DcomLaunch -p"
                           },
                           {
                               "Value":  "NT AUTHORITY\\SYSTEM"
                           }
                       ],
        "Message":  null
    },
    {
        "Id":  1,
        "Version":  5,
        "Qualifiers":  null,
        "Level":  4,
        "Task":  1,
        "Opcode":  0,
        "Keywords":  -9223372036854775808,
        "RecordId":  4191,
        "ProviderName":  "Microsoft-Windows-Sysmon",
        "ProviderId":  "5770385f-c22a-43e0-bf4c-06f5698ffbd9",
        "LogName":  "Microsoft-Windows-Sysmon/Operational",
        "ProcessId":  2808,
        "ThreadId":  3828,
        "MachineName":  "MSEDGEWIN10",
        "UserId":  {
                       "BinaryLength":  12,
                       "AccountDomainSid":  null,
                       "Value":  "S-1-5-18"
                   },
        "TimeCreated":  "\/Date(1740464906081)\/",
        "ActivityId":  null,
        "RelatedActivityId":  null,
        "ContainerLog":  "d:\\gs1_rm556392\\c2.evtx",
        "MatchedQueryIds":  [

                            ],
        "Bookmark":  {

                     },
        "LevelDisplayName":  null,
        "OpcodeDisplayName":  null,
        "TaskDisplayName":  null,
        "KeywordsDisplayNames":  null,
        "Properties":  [
                           {
                               "Value":  "-"
                           },
                           {
                               "Value":  "2025-02-25 06:28:26.025"
                           },
                           {
                               "Value":  "43199d79-630a-67bd-8b00-000000001000"
                           },
                           {
                               "Value":  5924
                           },
                           {
                               "Value":  "C:\\Windows\\System32\\browser_broker.exe"
                           },
                           {
                               "Value":  "11.00.17763.316 (WinBuild.160101.0800)"
                           },
                           {
                               "Value":  "Browser_Broker"
                           },
                           {
                               "Value":  "Microsoft® Windows® Operating System"
                           },
                           {
                               "Value":  "Microsoft Corporation"
                           },
                           {
                               "Value":  "browser_broker.EXE"
                           },
                           {
                               "Value":  "C:\\Windows\\system32\\browser_broker.exe -Embedding"
                           },
                           {
                               "Value":  "C:\\Windows\\system32\\"
                           },
                           {
                               "Value":  "MSEDGEWIN10\\IEUser"
                           },
                           {
                               "Value":  "43199d79-62fe-67bd-3c3c-040000000000"
                           },
                           {
                               "Value":  277564
                           },
                           {
                               "Value":  1
                           },
                           {
                               "Value":  "Medium"
                           },
                           {
                               "Value":  "MD5=08EAE2A042C90DB1DBA4FB34E4D56264,SHA256=609A3A73A983A1C47511282D31D9FCFE7909950944AC5324344596215CD778AA,IMPHASH=DB359A050881ECD06E06DC1C90FF4448"
                           },
                           {
                               "Value":  "43199d79-62f1-67bd-1000-000000001000"
                           },
                           {
                               "Value":  768
                           },
                           {
                               "Value":  "C:\\Windows\\System32\\svchost.exe"
                           },
                           {
                               "Value":  "C:\\Windows\\system32\\svchost.exe -k DcomLaunch -p"
                           },
                           {
                               "Value":  "NT AUTHORITY\\SYSTEM"
                           }
                       ],
        "Message":  null
    },
    {
        "Id":  1,
        "Version":  5,
        "Qualifiers":  null,
        "Level":  4,
        "Task":  1,
        "Opcode":  0,
        "Keywords":  -9223372036854775808,
        "RecordId":  4192,
        "ProviderName":  "Microsoft-Windows-Sysmon",
        "ProviderId":  "5770385f-c22a-43e0-bf4c-06f5698ffbd9",
        "LogName":  "Microsoft-Windows-Sysmon/Operational",
        "ProcessId":  2808,
        "ThreadId":  3828,
        "MachineName":  "MSEDGEWIN10",
        "UserId":  {
                       "BinaryLength":  12,
                       "AccountDomainSid":  null,
                       "Value":  "S-1-5-18"
                   },
        "TimeCreated":  "\/Date(1740464907106)\/",
        "ActivityId":  null,
        "RelatedActivityId":  null,
        "ContainerLog":  "d:\\gs1_rm556392\\c2.evtx",
        "MatchedQueryIds":  [

                            ],
        "Bookmark":  {

                     },
        "LevelDisplayName":  null,
        "OpcodeDisplayName":  null,
        "TaskDisplayName":  null,
        "KeywordsDisplayNames":  null,
        "Properties":  [
                           {
                               "Value":  "-"
                           },
                           {
                               "Value":  "2025-02-25 06:28:27.096"
                           },
                           {
                               "Value":  "43199d79-630b-67bd-8f00-000000001000"
                           },
                           {
                               "Value":  4828
                           },
                           {
                               "Value":  "C:\\Windows\\System32\\rundll32.exe"
                           },
                           {
                               "Value":  "10.0.17763.1 (WinBuild.160101.0800)"
                           },
                           {
                               "Value":  "Windows host process (Rundll32)"
                           },
                           {
                               "Value":  "Microsoft® Windows® Operating System"
                           },
                           {
                               "Value":  "Microsoft Corporation"
                           },
                           {
                               "Value":  "RUNDLL32.EXE"
                           },
                           {
                               "Value":  "rundll32.exe AppXDeploymentExtensions.OneCore.dll,ShellRefresh"
                           },
                           {
                               "Value":  "C:\\Windows\\system32\\"
                           },
                           {
                               "Value":  "MSEDGEWIN10\\IEUser"
                           },
                           {
                               "Value":  "43199d79-62fe-67bd-3c3c-040000000000"
                           },
                           {
                               "Value":  277564
                           },
                           {
                               "Value":  1
                           },
                           {
                               "Value":  "Medium"
                           },
                           {
                               "Value":  "MD5=C73BA51880F5A7FB20C84185A23212EF,SHA256=01B407AF0200B66A34D9B1FA6D9EAAB758EFA36A36BB99B554384F59F8690B1A,IMPHASH=F27A7FC3A53E74F45BE370131953896A"
                           },
                           {
                               "Value":  "43199d79-6301-67bd-8100-000000001000"
                           },
                           {
                               "Value":  4124
                           },
                           {
                               "Value":  "C:\\Windows\\System32\\svchost.exe"
                           },
                           {
                               "Value":  "C:\\Windows\\system32\\svchost.exe -k wsappx -p -s AppXSvc"
                           },
                           {
                               "Value":  "NT AUTHORITY\\SYSTEM"
                           }
                       ],
        "Message":  null
    },
