    {
        "Id":  13,
        "Version":  2,
        "Qualifiers":  null,
        "Level":  4,
        "Task":  13,
        "Opcode":  0,
        "Keywords":  -9223372036854775808,
        "RecordId":  4146,
        "ProviderName":  "Microsoft-Windows-Sysmon",
        "ProviderId":  "5770385f-c22a-43e0-bf4c-06f5698ffbd9",
        "LogName":  "Microsoft-Windows-Sysmon/Operational",
        "ProcessId":  2808,
        "ThreadId":  3828,
        "MachineName":  "MSEDGEWIN10",
        "UserId":  {
                       "BinaryLength":  12,
                       "AccountDomainSid":  null,
                       "Value":  "S-1-5-18"
                   },
        "TimeCreated":  "\/Date(1740464894797)\/",
        "ActivityId":  null,
        "RelatedActivityId":  null,
        "ContainerLog":  "d:\\gs1_rm556392\\c2.evtx",
        "MatchedQueryIds":  [

                            ],
        "Bookmark":  {

                     },
        "LevelDisplayName":  null,
        "OpcodeDisplayName":  null,
        "TaskDisplayName":  null,
        "KeywordsDisplayNames":  null,
        "Properties":  [
                           {
                               "Value":  "T1031,T1050"
                           },
                           {
                               "Value":  "SetValue"
                           },
                           {
                               "Value":  "2025-02-25 06:28:14.768"
                           },
                           {
                               "Value":  "43199d79-62f1-67bd-0b00-000000001000"
                           },
                           {
                               "Value":  616
                           },
                           {
                               "Value":  "C:\\Windows\\system32\\services.exe"
                           },
                           {
                               "Value":  "HKLM\\System\\CurrentControlSet\\Services\\CaptureService_45c7b\\ImagePath"
                           },
                           {
                               "Value":  "C:\\Windows\\system32\\svchost.exe -k LocalService -p"
                           },
                           {
                               "Value":  "NT AUTHORITY\\SYSTEM"
                           }
                       ],
        "Message":  null
    },
    {
        "Id":  13,
        "Version":  2,
        "Qualifiers":  null,
        "Level":  4,
        "Task":  13,
        "Opcode":  0,
        "Keywords":  -9223372036854775808,
        "RecordId":  4147,
        "ProviderName":  "Microsoft-Windows-Sysmon",
        "ProviderId":  "5770385f-c22a-43e0-bf4c-06f5698ffbd9",
        "LogName":  "Microsoft-Windows-Sysmon/Operational",
        "ProcessId":  2808,
        "ThreadId":  3828,
        "MachineName":  "MSEDGEWIN10",
        "UserId":  {
                       "BinaryLength":  12,
                       "AccountDomainSid":  null,
                       "Value":  "S-1-5-18"
                   },
        "TimeCreated":  "\/Date(1740464894798)\/",
        "ActivityId":  null,
        "RelatedActivityId":  null,
        "ContainerLog":  "d:\\gs1_rm556392\\c2.evtx",
        "MatchedQueryIds":  [

                            ],
        "Bookmark":  {

                     },
        "LevelDisplayName":  null,
        "OpcodeDisplayName":  null,
        "TaskDisplayName":  null,
        "KeywordsDisplayNames":  null,
        "Properties":  [
                           {
                               "Value":  "T1031,T1050"
                           },
                           {
                               "Value":  "SetValue"
                           },
                           {
                               "Value":  "2025-02-25 06:28:14.768"
                           },
                           {
                               "Value":  "43199d79-62f1-67bd-0b00-000000001000"
                           },
                           {
                               "Value":  616
                           },
                           {
                               "Value":  "C:\\Windows\\system32\\services.exe"
                           },
                           {
                               "Value":  "HKLM\\System\\CurrentControlSet\\Services\\cbdhsvc_45c7b\\Start"
                           },
                           {
                               "Value":  "DWORD (0x00000003)"
                           },
                           {
                               "Value":  "NT AUTHORITY\\SYSTEM"
                           }
                       ],
        "Message":  null
    },
    {
        "Id":  13,
        "Version":  2,
        "Qualifiers":  null,
        "Level":  4,
        "Task":  13,
        "Opcode":  0,
        "Keywords":  -9223372036854775808,
        "RecordId":  4148,
        "ProviderName":  "Microsoft-Windows-Sysmon",
        "ProviderId":  "5770385f-c22a-43e0-bf4c-06f5698ffbd9",
        "LogName":  "Microsoft-Windows-Sysmon/Operational",
        "ProcessId":  2808,
        "ThreadId":  3828,
        "MachineName":  "MSEDGEWIN10",
        "UserId":  {
                       "BinaryLength":  12,
                       "AccountDomainSid":  null,
                       "Value":  "S-1-5-18"
                   },
        "TimeCreated":  "\/Date(1740464894798)\/",
        "ActivityId":  null,
        "RelatedActivityId":  null,
        "ContainerLog":  "d:\\gs1_rm556392\\c2.evtx",
        "MatchedQueryIds":  [

                            ],
        "Bookmark":  {

                     },
        "LevelDisplayName":  null,
        "OpcodeDisplayName":  null,
        "TaskDisplayName":  null,
        "KeywordsDisplayNames":  null,
        "Properties":  [
                           {
                               "Value":  "T1031,T1050"
                           },
                           {
                               "Value":  "SetValue"
                           },
                           {
                               "Value":  "2025-02-25 06:28:14.768"
                           },
                           {
                               "Value":  "43199d79-62f1-67bd-0b00-000000001000"
                           },
                           {
                               "Value":  616
                           },
                           {
                               "Value":  "C:\\Windows\\system32\\services.exe"
                           },
                           {
                               "Value":  "HKLM\\System\\CurrentControlSet\\Services\\cbdhsvc_45c7b\\ImagePath"
                           },
                           {
                               "Value":  "C:\\Windows\\system32\\svchost.exe -k ClipboardSvcGroup -p"
                           },
                           {
                               "Value":  "NT AUTHORITY\\SYSTEM"
                           }
                       ],
        "Message":  null
    },
    {
        "Id":  1,
        "Version":  5,
        "Qualifiers":  null,
        "Level":  4,
        "Task":  1,
        "Opcode":  0,
        "Keywords":  -9223372036854775808,
        "RecordId":  4149,
        "ProviderName":  "Microsoft-Windows-Sysmon",
        "ProviderId":  "5770385f-c22a-43e0-bf4c-06f5698ffbd9",
        "LogName":  "Microsoft-Windows-Sysmon/Operational",
        "ProcessId":  2808,
        "ThreadId":  3828,
        "MachineName":  "MSEDGEWIN10",
        "UserId":  {
                       "BinaryLength":  12,
                       "AccountDomainSid":  null,
                       "Value":  "S-1-5-18"
                   },
        "TimeCreated":  "\/Date(1740464894800)\/",
        "ActivityId":  null,
        "RelatedActivityId":  null,
        "ContainerLog":  "d:\\gs1_rm556392\\c2.evtx",
        "MatchedQueryIds":  [

                            ],
        "Bookmark":  {

                     },
        "LevelDisplayName":  null,
        "OpcodeDisplayName":  null,
        "TaskDisplayName":  null,
        "KeywordsDisplayNames":  null,
        "Properties":  [
                           {
                               "Value":  "-"
                           },
                           {
                               "Value":  "2025-02-25 06:28:14.783"
                           },
                           {
                               "Value":  "43199d79-62fe-67bd-7600-000000001000"
                           },
                           {
                               "Value":  4552
                           },
                           {
                               "Value":  "C:\\Windows\\System32\\sihost.exe"
                           },
                           {
                               "Value":  "10.0.17763.1 (WinBuild.160101.0800)"
                           },
                           {
                               "Value":  "Shell Infrastructure Host"
                           },
                           {
                               "Value":  "Microsoft® Windows® Operating System"
                           },
                           {
                               "Value":  "Microsoft Corporation"
                           },
                           {
                               "Value":  "sihost.exe"
                           },
                           {
                               "Value":  "sihost.exe"
                           },
                           {
                               "Value":  "C:\\Windows\\system32\\"
                           },
                           {
                               "Value":  "MSEDGEWIN10\\IEUser"
                           },
                           {
                               "Value":  "43199d79-62fe-67bd-3c3c-040000000000"
                           },
                           {
                               "Value":  277564
                           },
                           {
                               "Value":  1
                           },
                           {
                               "Value":  "Medium"
                           },
                           {
                               "Value":  "MD5=8B6722980E0C5A06312E00BD0565B692,SHA256=09D94357241EBB37E4510C3A168178822C9458530A30D0E829F5759D6202834D,IMPHASH=D79FA753A3003DE97EDFC038DF32C136"
                           },
                           {
                               "Value":  "43199d79-62f2-67bd-1d00-000000001000"
                           },
                           {
                               "Value":  1260
                           },
                           {
                               "Value":  "C:\\Windows\\System32\\svchost.exe"
                           },
                           {
                               "Value":  "C:\\Windows\\system32\\svchost.exe -k netsvcs -p -s UserManager"
                           },
                           {
                               "Value":  "NT AUTHORITY\\SYSTEM"
                           }
                       ],
        "Message":  null
    },
    {
        "Id":  13,
        "Version":  2,
        "Qualifiers":  null,
        "Level":  4,
        "Task":  13,
        "Opcode":  0,
        "Keywords":  -9223372036854775808,
        "RecordId":  4150,
        "ProviderName":  "Microsoft-Windows-Sysmon",
        "ProviderId":  "5770385f-c22a-43e0-bf4c-06f5698ffbd9",
        "LogName":  "Microsoft-Windows-Sysmon/Operational",
        "ProcessId":  2808,
        "ThreadId":  3828,
        "MachineName":  "MSEDGEWIN10",
        "UserId":  {
                       "BinaryLength":  12,
                       "AccountDomainSid":  null,
                       "Value":  "S-1-5-18"
                   },
        "TimeCreated":  "\/Date(1740464894801)\/",
        "ActivityId":  null,
        "RelatedActivityId":  null,
        "ContainerLog":  "d:\\gs1_rm556392\\c2.evtx",
        "MatchedQueryIds":  [

                            ],
        "Bookmark":  {

                     },
        "LevelDisplayName":  null,
        "OpcodeDisplayName":  null,
        "TaskDisplayName":  null,
        "KeywordsDisplayNames":  null,
        "Properties":  [
                           {
                               "Value":  "T1031,T1050"
                           },
                           {
                               "Value":  "SetValue"
                           },
                           {
                               "Value":  "2025-02-25 06:28:14.784"
                           },
                           {
                               "Value":  "43199d79-62f1-67bd-0b00-000000001000"
                           },
                           {
                               "Value":  616
                           },
                           {
                               "Value":  "C:\\Windows\\system32\\services.exe"
                           },
                           {
                               "Value":  "HKLM\\System\\CurrentControlSet\\Services\\CDPUserSvc_45c7b\\Start"
                           },
                           {
                               "Value":  "DWORD (0x00000002)"
                           },
                           {
                               "Value":  "NT AUTHORITY\\SYSTEM"
                           }
                       ],
        "Message":  null
    },
    {
        "Id":  13,
        "Version":  2,
        "Qualifiers":  null,
        "Level":  4,
        "Task":  13,
        "Opcode":  0,
        "Keywords":  -9223372036854775808,
        "RecordId":  4151,
        "ProviderName":  "Microsoft-Windows-Sysmon",
        "ProviderId":  "5770385f-c22a-43e0-bf4c-06f5698ffbd9",
        "LogName":  "Microsoft-Windows-Sysmon/Operational",
        "ProcessId":  2808,
        "ThreadId":  3828,
        "MachineName":  "MSEDGEWIN10",
        "UserId":  {
                       "BinaryLength":  12,
                       "AccountDomainSid":  null,
                       "Value":  "S-1-5-18"
                   },
        "TimeCreated":  "\/Date(1740464894802)\/",
        "ActivityId":  null,
        "RelatedActivityId":  null,
        "ContainerLog":  "d:\\gs1_rm556392\\c2.evtx",
        "MatchedQueryIds":  [

                            ],
        "Bookmark":  {

                     },
        "LevelDisplayName":  null,
        "OpcodeDisplayName":  null,
        "TaskDisplayName":  null,
        "KeywordsDisplayNames":  null,
        "Properties":  [
                           {
                               "Value":  "T1031,T1050"
                           },
                           {
                               "Value":  "SetValue"
                           },
                           {
                               "Value":  "2025-02-25 06:28:14.784"
                           },
                           {
                               "Value":  "43199d79-62f1-67bd-0b00-000000001000"
                           },
                           {
                               "Value":  616
                           },
                           {
                               "Value":  "C:\\Windows\\system32\\services.exe"
                           },
                           {
                               "Value":  "HKLM\\System\\CurrentControlSet\\Services\\CDPUserSvc_45c7b\\ImagePath"
                           },
                           {
                               "Value":  "C:\\Windows\\system32\\svchost.exe -k UnistackSvcGroup"
                           },
                           {
                               "Value":  "NT AUTHORITY\\SYSTEM"
                           }
                       ],
        "Message":  null
    },
    {
        "Id":  13,
        "Version":  2,
        "Qualifiers":  null,
        "Level":  4,
        "Task":  13,
        "Opcode":  0,
        "Keywords":  -9223372036854775808,
        "RecordId":  4152,
        "ProviderName":  "Microsoft-Windows-Sysmon",
        "ProviderId":  "5770385f-c22a-43e0-bf4c-06f5698ffbd9",
        "LogName":  "Microsoft-Windows-Sysmon/Operational",
        "ProcessId":  2808,
        "ThreadId":  3828,
        "MachineName":  "MSEDGEWIN10",
        "UserId":  {
                       "BinaryLength":  12,
                       "AccountDomainSid":  null,
                       "Value":  "S-1-5-18"
                   },
        "TimeCreated":  "\/Date(1740464894803)\/",
        "ActivityId":  null,
        "RelatedActivityId":  null,
        "ContainerLog":  "d:\\gs1_rm556392\\c2.evtx",
        "MatchedQueryIds":  [

                            ],
        "Bookmark":  {

                     },
        "LevelDisplayName":  null,
        "OpcodeDisplayName":  null,
        "TaskDisplayName":  null,
        "KeywordsDisplayNames":  null,
        "Properties":  [
                           {
                               "Value":  "T1031,T1050"
                           },
                           {
                               "Value":  "SetValue"
                           },
                           {
                               "Value":  "2025-02-25 06:28:14.784"
                           },
                           {
                               "Value":  "43199d79-62f1-67bd-0b00-000000001000"
                           },
                           {
                               "Value":  616
                           },
                           {
                               "Value":  "C:\\Windows\\system32\\services.exe"
                           },
                           {
                               "Value":  "HKLM\\System\\CurrentControlSet\\Services\\ConsentUxUserSvc_45c7b\\Start"
                           },
                           {
                               "Value":  "DWORD (0x00000003)"
                           },
                           {
                               "Value":  "NT AUTHORITY\\SYSTEM"
                           }
                       ],
        "Message":  null
    },
    {
        "Id":  13,
        "Version":  2,
        "Qualifiers":  null,
        "Level":  4,
        "Task":  13,
        "Opcode":  0,
        "Keywords":  -9223372036854775808,
        "RecordId":  4153,
        "ProviderName":  "Microsoft-Windows-Sysmon",
        "ProviderId":  "5770385f-c22a-43e0-bf4c-06f5698ffbd9",
        "LogName":  "Microsoft-Windows-Sysmon/Operational",
        "ProcessId":  2808,
        "ThreadId":  3828,
        "MachineName":  "MSEDGEWIN10",
        "UserId":  {
                       "BinaryLength":  12,
                       "AccountDomainSid":  null,
                       "Value":  "S-1-5-18"
                   },
        "TimeCreated":  "\/Date(1740464894803)\/",
        "ActivityId":  null,
        "RelatedActivityId":  null,
        "ContainerLog":  "d:\\gs1_rm556392\\c2.evtx",
        "MatchedQueryIds":  [

                            ],
        "Bookmark":  {

                     },
        "LevelDisplayName":  null,
        "OpcodeDisplayName":  null,
        "TaskDisplayName":  null,
        "KeywordsDisplayNames":  null,
        "Properties":  [
                           {
                               "Value":  "T1031,T1050"
                           },
                           {
                               "Value":  "SetValue"
                           },
                           {
                               "Value":  "2025-02-25 06:28:14.784"
                           },
                           {
                               "Value":  "43199d79-62f1-67bd-0b00-000000001000"
                           },
                           {
                               "Value":  616
                           },
                           {
                               "Value":  "C:\\Windows\\system32\\services.exe"
                           },
                           {
                               "Value":  "HKLM\\System\\CurrentControlSet\\Services\\ConsentUxUserSvc_45c7b\\ImagePath"
                           },
                           {
                               "Value":  "C:\\Windows\\system32\\svchost.exe -k DevicesFlow"
                           },
                           {
                               "Value":  "NT AUTHORITY\\SYSTEM"
                           }
                       ],
        "Message":  null
    },
    {
        "Id":  13,
        "Version":  2,
        "Qualifiers":  null,
        "Level":  4,
        "Task":  13,
        "Opcode":  0,
        "Keywords":  -9223372036854775808,
        "RecordId":  4154,
        "ProviderName":  "Microsoft-Windows-Sysmon",
        "ProviderId":  "5770385f-c22a-43e0-bf4c-06f5698ffbd9",
        "LogName":  "Microsoft-Windows-Sysmon/Operational",
        "ProcessId":  2808,
        "ThreadId":  3828,
        "MachineName":  "MSEDGEWIN10",
        "UserId":  {
                       "BinaryLength":  12,
                       "AccountDomainSid":  null,
                       "Value":  "S-1-5-18"
                   },
        "TimeCreated":  "\/Date(1740464894804)\/",
        "ActivityId":  null,
        "RelatedActivityId":  null,
        "ContainerLog":  "d:\\gs1_rm556392\\c2.evtx",
        "MatchedQueryIds":  [

                            ],
        "Bookmark":  {

                     },
        "LevelDisplayName":  null,
        "OpcodeDisplayName":  null,
        "TaskDisplayName":  null,
        "KeywordsDisplayNames":  null,
        "Properties":  [
                           {
                               "Value":  "T1031,T1050"
                           },
                           {
                               "Value":  "SetValue"
                           },
                           {
                               "Value":  "2025-02-25 06:28:14.800"
                           },
                           {
                               "Value":  "43199d79-62f1-67bd-0b00-000000001000"
                           },
                           {
                               "Value":  616
                           },
                           {
                               "Value":  "C:\\Windows\\system32\\services.exe"
                           },
                           {
                               "Value":  "HKLM\\System\\CurrentControlSet\\Services\\DevicePickerUserSvc_45c7b\\Start"
                           },
                           {
                               "Value":  "DWORD (0x00000003)"
                           },
                           {
                               "Value":  "NT AUTHORITY\\SYSTEM"
                           }
                       ],
        "Message":  null
    },
    {
        "Id":  13,
        "Version":  2,
        "Qualifiers":  null,
        "Level":  4,
        "Task":  13,
        "Opcode":  0,
        "Keywords":  -9223372036854775808,
        "RecordId":  4155,
        "ProviderName":  "Microsoft-Windows-Sysmon",
        "ProviderId":  "5770385f-c22a-43e0-bf4c-06f5698ffbd9",
        "LogName":  "Microsoft-Windows-Sysmon/Operational",
        "ProcessId":  2808,
        "ThreadId":  3828,
        "MachineName":  "MSEDGEWIN10",
        "UserId":  {
                       "BinaryLength":  12,
                       "AccountDomainSid":  null,
                       "Value":  "S-1-5-18"
                   },
        "TimeCreated":  "\/Date(1740464894805)\/",
        "ActivityId":  null,
        "RelatedActivityId":  null,
        "ContainerLog":  "d:\\gs1_rm556392\\c2.evtx",
        "MatchedQueryIds":  [

                            ],
        "Bookmark":  {

                     },
        "LevelDisplayName":  null,
        "OpcodeDisplayName":  null,
        "TaskDisplayName":  null,
        "KeywordsDisplayNames":  null,
        "Properties":  [
                           {
                               "Value":  "T1031,T1050"
                           },
                           {
                               "Value":  "SetValue"
                           },
                           {
                               "Value":  "2025-02-25 06:28:14.800"
                           },
                           {
                               "Value":  "43199d79-62f1-67bd-0b00-000000001000"
                           },
                           {
                               "Value":  616
                           },
                           {
                               "Value":  "C:\\Windows\\system32\\services.exe"
                           },
                           {
                               "Value":  "HKLM\\System\\CurrentControlSet\\Services\\DevicePickerUserSvc_45c7b\\ImagePath"
                           },
                           {
                               "Value":  "C:\\Windows\\system32\\svchost.exe -k DevicesFlow"
                           },
                           {
                               "Value":  "NT AUTHORITY\\SYSTEM"
                           }
                       ],
        "Message":  null
    },
    {
        "Id":  13,
        "Version":  2,
        "Qualifiers":  null,
        "Level":  4,
        "Task":  13,
        "Opcode":  0,
        "Keywords":  -9223372036854775808,
        "RecordId":  4156,
        "ProviderName":  "Microsoft-Windows-Sysmon",
        "ProviderId":  "5770385f-c22a-43e0-bf4c-06f5698ffbd9",
        "LogName":  "Microsoft-Windows-Sysmon/Operational",
        "ProcessId":  2808,
        "ThreadId":  3828,
        "MachineName":  "MSEDGEWIN10",
        "UserId":  {
                       "BinaryLength":  12,
                       "AccountDomainSid":  null,
                       "Value":  "S-1-5-18"
                   },
        "TimeCreated":  "\/Date(1740464894809)\/",
        "ActivityId":  null,
        "RelatedActivityId":  null,
        "ContainerLog":  "d:\\gs1_rm556392\\c2.evtx",
        "MatchedQueryIds":  [

                            ],
        "Bookmark":  {

                     },
        "LevelDisplayName":  null,
        "OpcodeDisplayName":  null,
        "TaskDisplayName":  null,
        "KeywordsDisplayNames":  null,
        "Properties":  [
                           {
                               "Value":  "T1031,T1050"
                           },
                           {
                               "Value":  "SetValue"
                           },
                           {
                               "Value":  "2025-02-25 06:28:14.800"
                           },
                           {
                               "Value":  "43199d79-62f1-67bd-0b00-000000001000"
                           },
                           {
                               "Value":  616
                           },
                           {
                               "Value":  "C:\\Windows\\system32\\services.exe"
                           },
                           {
                               "Value":  "HKLM\\System\\CurrentControlSet\\Services\\DevicesFlowUserSvc_45c7b\\Start"
                           },
                           {
                               "Value":  "DWORD (0x00000003)"
                           },
                           {
                               "Value":  "NT AUTHORITY\\SYSTEM"
                           }
                       ],
        "Message":  null
    },
    {
        "Id":  13,
        "Version":  2,
        "Qualifiers":  null,
        "Level":  4,
        "Task":  13,
        "Opcode":  0,
        "Keywords":  -9223372036854775808,
        "RecordId":  4157,
        "ProviderName":  "Microsoft-Windows-Sysmon",
        "ProviderId":  "5770385f-c22a-43e0-bf4c-06f5698ffbd9",
        "LogName":  "Microsoft-Windows-Sysmon/Operational",
        "ProcessId":  2808,
        "ThreadId":  3828,
        "MachineName":  "MSEDGEWIN10",
        "UserId":  {
                       "BinaryLength":  12,
                       "AccountDomainSid":  null,
                       "Value":  "S-1-5-18"
                   },
        "TimeCreated":  "\/Date(1740464894810)\/",
        "ActivityId":  null,
        "RelatedActivityId":  null,
        "ContainerLog":  "d:\\gs1_rm556392\\c2.evtx",
        "MatchedQueryIds":  [

                            ],
        "Bookmark":  {

                     },
        "LevelDisplayName":  null,
        "OpcodeDisplayName":  null,
        "TaskDisplayName":  null,
        "KeywordsDisplayNames":  null,
        "Properties":  [
                           {
                               "Value":  "T1031,T1050"
                           },
                           {
                               "Value":  "SetValue"
                           },
                           {
                               "Value":  "2025-02-25 06:28:14.800"
                           },
                           {
                               "Value":  "43199d79-62f1-67bd-0b00-000000001000"
                           },
                           {
                               "Value":  616
                           },
                           {
                               "Value":  "C:\\Windows\\system32\\services.exe"
                           },
                           {
                               "Value":  "HKLM\\System\\CurrentControlSet\\Services\\DevicesFlowUserSvc_45c7b\\ImagePath"
                           },
                           {
                               "Value":  "C:\\Windows\\system32\\svchost.exe -k DevicesFlow"
                           },
                           {
                               "Value":  "NT AUTHORITY\\SYSTEM"
                           }
                       ],
        "Message":  null
    },
    {
        "Id":  13,
        "Version":  2,
        "Qualifiers":  null,
        "Level":  4,
        "Task":  13,
        "Opcode":  0,
        "Keywords":  -9223372036854775808,
        "RecordId":  4158,
        "ProviderName":  "Microsoft-Windows-Sysmon",
        "ProviderId":  "5770385f-c22a-43e0-bf4c-06f5698ffbd9",
        "LogName":  "Microsoft-Windows-Sysmon/Operational",
        "ProcessId":  2808,
        "ThreadId":  3828,
        "MachineName":  "MSEDGEWIN10",
        "UserId":  {
                       "BinaryLength":  12,
                       "AccountDomainSid":  null,
                       "Value":  "S-1-5-18"
                   },
        "TimeCreated":  "\/Date(1740464894815)\/",
        "ActivityId":  null,
        "RelatedActivityId":  null,
        "ContainerLog":  "d:\\gs1_rm556392\\c2.evtx",
        "MatchedQueryIds":  [

                            ],
        "Bookmark":  {

                     },
        "LevelDisplayName":  null,
        "OpcodeDisplayName":  null,
        "TaskDisplayName":  null,
        "KeywordsDisplayNames":  null,
        "Properties":  [
                           {
                               "Value":  "T1031,T1050"
                           },
                           {
                               "Value":  "SetValue"
                           },
                           {
                               "Value":  "2025-02-25 06:28:14.800"
                           },
                           {
                               "Value":  "43199d79-62f1-67bd-0b00-000000001000"
                           },
                           {
                               "Value":  616
                           },
                           {
                               "Value":  "C:\\Windows\\system32\\services.exe"
                           },
                           {
                               "Value":  "HKLM\\System\\CurrentControlSet\\Services\\MessagingService_45c7b\\Start"
                           },
                           {
                               "Value":  "DWORD (0x00000003)"
                           },
                           {
                               "Value":  "NT AUTHORITY\\SYSTEM"
                           }
                       ],
        "Message":  null
    },
    {
        "Id":  13,
        "Version":  2,
        "Qualifiers":  null,
        "Level":  4,
        "Task":  13,
        "Opcode":  0,
        "Keywords":  -9223372036854775808,
        "RecordId":  4159,
        "ProviderName":  "Microsoft-Windows-Sysmon",
        "ProviderId":  "5770385f-c22a-43e0-bf4c-06f5698ffbd9",
        "LogName":  "Microsoft-Windows-Sysmon/Operational",
        "ProcessId":  2808,
        "ThreadId":  3828,
        "MachineName":  "MSEDGEWIN10",
        "UserId":  {
                       "BinaryLength":  12,
                       "AccountDomainSid":  null,
                       "Value":  "S-1-5-18"
                   },
        "TimeCreated":  "\/Date(1740464894816)\/",
        "ActivityId":  null,
        "RelatedActivityId":  null,
        "ContainerLog":  "d:\\gs1_rm556392\\c2.evtx",
        "MatchedQueryIds":  [

                            ],
        "Bookmark":  {

                     },
        "LevelDisplayName":  null,
        "OpcodeDisplayName":  null,
        "TaskDisplayName":  null,
        "KeywordsDisplayNames":  null,
        "Properties":  [
                           {
                               "Value":  "T1031,T1050"
                           },
                           {
                               "Value":  "SetValue"
                           },
                           {
                               "Value":  "2025-02-25 06:28:14.800"
                           },
                           {
                               "Value":  "43199d79-62f1-67bd-0b00-000000001000"
                           },
                           {
                               "Value":  616
                           },
                           {
                               "Value":  "C:\\Windows\\system32\\services.exe"
                           },
                           {
                               "Value":  "HKLM\\System\\CurrentControlSet\\Services\\MessagingService_45c7b\\ImagePath"
                           },
                           {
                               "Value":  "C:\\Windows\\system32\\svchost.exe -k UnistackSvcGroup"
                           },
                           {
                               "Value":  "NT AUTHORITY\\SYSTEM"
                           }
                       ],
        "Message":  null
    },
    {
        "Id":  13,
        "Version":  2,
        "Qualifiers":  null,
        "Level":  4,
        "Task":  13,
        "Opcode":  0,
        "Keywords":  -9223372036854775808,
        "RecordId":  4160,
        "ProviderName":  "Microsoft-Windows-Sysmon",
        "ProviderId":  "5770385f-c22a-43e0-bf4c-06f5698ffbd9",
        "LogName":  "Microsoft-Windows-Sysmon/Operational",
        "ProcessId":  2808,
        "ThreadId":  3828,
        "MachineName":  "MSEDGEWIN10",
        "UserId":  {
                       "BinaryLength":  12,
                       "AccountDomainSid":  null,
                       "Value":  "S-1-5-18"
                   },
        "TimeCreated":  "\/Date(1740464894841)\/",
        "ActivityId":  null,
        "RelatedActivityId":  null,
        "ContainerLog":  "d:\\gs1_rm556392\\c2.evtx",
        "MatchedQueryIds":  [

                            ],
        "Bookmark":  {

                     },
        "LevelDisplayName":  null,
        "OpcodeDisplayName":  null,
        "TaskDisplayName":  null,
        "KeywordsDisplayNames":  null,
        "Properties":  [
                           {
                               "Value":  "T1031,T1050"
                           },
                           {
                               "Value":  "SetValue"
                           },
                           {
                               "Value":  "2025-02-25 06:28:14.815"
                           },
                           {
                               "Value":  "43199d79-62f1-67bd-0b00-000000001000"
                           },
                           {
                               "Value":  616
                           },
                           {
                               "Value":  "C:\\Windows\\system32\\services.exe"
                           },
                           {
                               "Value":  "HKLM\\System\\CurrentControlSet\\Services\\OneSyncSvc_45c7b\\Start"
                           },
                           {
                               "Value":  "DWORD (0x00000002)"
                           },
                           {
                               "Value":  "NT AUTHORITY\\SYSTEM"
                           }
                       ],
        "Message":  null
    },
    {
        "Id":  13,
        "Version":  2,
        "Qualifiers":  null,
        "Level":  4,
        "Task":  13,
        "Opcode":  0,
        "Keywords":  -9223372036854775808,
        "RecordId":  4161,
        "ProviderName":  "Microsoft-Windows-Sysmon",
        "ProviderId":  "5770385f-c22a-43e0-bf4c-06f5698ffbd9",
        "LogName":  "Microsoft-Windows-Sysmon/Operational",
        "ProcessId":  2808,
        "ThreadId":  3828,
        "MachineName":  "MSEDGEWIN10",
        "UserId":  {
                       "BinaryLength":  12,
                       "AccountDomainSid":  null,
                       "Value":  "S-1-5-18"
                   },
        "TimeCreated":  "\/Date(1740464894841)\/",
        "ActivityId":  null,
        "RelatedActivityId":  null,
        "ContainerLog":  "d:\\gs1_rm556392\\c2.evtx",
        "MatchedQueryIds":  [

                            ],
        "Bookmark":  {

                     },
        "LevelDisplayName":  null,
        "OpcodeDisplayName":  null,
        "TaskDisplayName":  null,
        "KeywordsDisplayNames":  null,
        "Properties":  [
                           {
                               "Value":  "T1031,T1050"
                           },
                           {
                               "Value":  "SetValue"
                           },
                           {
                               "Value":  "2025-02-25 06:28:14.815"
                           },
                           {
                               "Value":  "43199d79-62f1-67bd-0b00-000000001000"
                           },
                           {
                               "Value":  616
                           },
                           {
                               "Value":  "C:\\Windows\\system32\\services.exe"
                           },
                           {
                               "Value":  "HKLM\\System\\CurrentControlSet\\Services\\OneSyncSvc_45c7b\\ImagePath"
                           },
                           {
                               "Value":  "C:\\Windows\\system32\\svchost.exe -k UnistackSvcGroup"
                           },
                           {
                               "Value":  "NT AUTHORITY\\SYSTEM"
                           }
                       ],
        "Message":  null
    },
    {
        "Id":  13,
        "Version":  2,
        "Qualifiers":  null,
        "Level":  4,
        "Task":  13,
        "Opcode":  0,
        "Keywords":  -9223372036854775808,
        "RecordId":  4162,
        "ProviderName":  "Microsoft-Windows-Sysmon",
        "ProviderId":  "5770385f-c22a-43e0-bf4c-06f5698ffbd9",
        "LogName":  "Microsoft-Windows-Sysmon/Operational",
        "ProcessId":  2808,
        "ThreadId":  3828,
        "MachineName":  "MSEDGEWIN10",
        "UserId":  {
                       "BinaryLength":  12,
                       "AccountDomainSid":  null,
                       "Value":  "S-1-5-18"
                   },
        "TimeCreated":  "\/Date(1740464894842)\/",
        "ActivityId":  null,
        "RelatedActivityId":  null,
        "ContainerLog":  "d:\\gs1_rm556392\\c2.evtx",
        "MatchedQueryIds":  [

                            ],
        "Bookmark":  {

                     },
        "LevelDisplayName":  null,
        "OpcodeDisplayName":  null,
        "TaskDisplayName":  null,
        "KeywordsDisplayNames":  null,
        "Properties":  [
                           {
                               "Value":  "T1031,T1050"
                           },
                           {
                               "Value":  "SetValue"
                           },
                           {
                               "Value":  "2025-02-25 06:28:14.815"
                           },
                           {
                               "Value":  "43199d79-62f1-67bd-0b00-000000001000"
                           },
                           {
                               "Value":  616
                           },
                           {
                               "Value":  "C:\\Windows\\system32\\services.exe"
                           },
                           {
                               "Value":  "HKLM\\System\\CurrentControlSet\\Services\\PimIndexMaintenanceSvc_45c7b\\Start"
                           },
                           {
                               "Value":  "DWORD (0x00000003)"
                           },
                           {
                               "Value":  "NT AUTHORITY\\SYSTEM"
                           }
                       ],
        "Message":  null
    },
    {
        "Id":  13,
        "Version":  2,
        "Qualifiers":  null,
        "Level":  4,
        "Task":  13,
        "Opcode":  0,
        "Keywords":  -9223372036854775808,
        "RecordId":  4163,
        "ProviderName":  "Microsoft-Windows-Sysmon",
        "ProviderId":  "5770385f-c22a-43e0-bf4c-06f5698ffbd9",
        "LogName":  "Microsoft-Windows-Sysmon/Operational",
        "ProcessId":  2808,
        "ThreadId":  3828,
        "MachineName":  "MSEDGEWIN10",
        "UserId":  {
                       "BinaryLength":  12,
                       "AccountDomainSid":  null,
                       "Value":  "S-1-5-18"
                   },
        "TimeCreated":  "\/Date(1740464894842)\/",
        "ActivityId":  null,
        "RelatedActivityId":  null,
        "ContainerLog":  "d:\\gs1_rm556392\\c2.evtx",
        "MatchedQueryIds":  [

                            ],
        "Bookmark":  {

                     },
        "LevelDisplayName":  null,
        "OpcodeDisplayName":  null,
        "TaskDisplayName":  null,
        "KeywordsDisplayNames":  null,
        "Properties":  [
                           {
                               "Value":  "T1031,T1050"
                           },
                           {
                               "Value":  "SetValue"
                           },
                           {
                               "Value":  "2025-02-25 06:28:14.815"
                           },
                           {
                               "Value":  "43199d79-62f1-67bd-0b00-000000001000"
                           },
                           {
                               "Value":  616
                           },
                           {
                               "Value":  "C:\\Windows\\system32\\services.exe"
                           },
                           {
                               "Value":  "HKLM\\System\\CurrentControlSet\\Services\\PimIndexMaintenanceSvc_45c7b\\ImagePath"
                           },
                           {
                               "Value":  "C:\\Windows\\system32\\svchost.exe -k UnistackSvcGroup"
                           },
                           {
                               "Value":  "NT AUTHORITY\\SYSTEM"
                           }
                       ],
        "Message":  null
    },
    {
        "Id":  13,
        "Version":  2,
        "Qualifiers":  null,
        "Level":  4,
        "Task":  13,
        "Opcode":  0,
        "Keywords":  -9223372036854775808,
        "RecordId":  4164,
        "ProviderName":  "Microsoft-Windows-Sysmon",
        "ProviderId":  "5770385f-c22a-43e0-bf4c-06f5698ffbd9",
        "LogName":  "Microsoft-Windows-Sysmon/Operational",
        "ProcessId":  2808,
        "ThreadId":  3828,
        "MachineName":  "MSEDGEWIN10",
        "UserId":  {
                       "BinaryLength":  12,
                       "AccountDomainSid":  null,
                       "Value":  "S-1-5-18"
                   },
        "TimeCreated":  "\/Date(1740464894843)\/",
        "ActivityId":  null,
        "RelatedActivityId":  null,
        "ContainerLog":  "d:\\gs1_rm556392\\c2.evtx",
        "MatchedQueryIds":  [

                            ],
        "Bookmark":  {

                     },
        "LevelDisplayName":  null,
        "OpcodeDisplayName":  null,
        "TaskDisplayName":  null,
        "KeywordsDisplayNames":  null,
        "Properties":  [
                           {
                               "Value":  "T1031,T1050"
                           },
                           {
                               "Value":  "SetValue"
                           },
                           {
                               "Value":  "2025-02-25 06:28:14.815"
                           },
                           {
                               "Value":  "43199d79-62f1-67bd-0b00-000000001000"
                           },
                           {
                               "Value":  616
                           },
                           {
                               "Value":  "C:\\Windows\\system32\\services.exe"
                           },
                           {
                               "Value":  "HKLM\\System\\CurrentControlSet\\Services\\PrintWorkflowUserSvc_45c7b\\Start"
                           },
                           {
                               "Value":  "DWORD (0x00000003)"
                           },
                           {
                               "Value":  "NT AUTHORITY\\SYSTEM"
                           }
                       ],
        "Message":  null
    },
    {
        "Id":  13,
        "Version":  2,
        "Qualifiers":  null,
        "Level":  4,
        "Task":  13,
        "Opcode":  0,
        "Keywords":  -9223372036854775808,
        "RecordId":  4165,
        "ProviderName":  "Microsoft-Windows-Sysmon",
        "ProviderId":  "5770385f-c22a-43e0-bf4c-06f5698ffbd9",
        "LogName":  "Microsoft-Windows-Sysmon/Operational",
        "ProcessId":  2808,
        "ThreadId":  3828,
        "MachineName":  "MSEDGEWIN10",
        "UserId":  {
                       "BinaryLength":  12,
                       "AccountDomainSid":  null,
                       "Value":  "S-1-5-18"
                   },
        "TimeCreated":  "\/Date(1740464894843)\/",
        "ActivityId":  null,
        "RelatedActivityId":  null,
        "ContainerLog":  "d:\\gs1_rm556392\\c2.evtx",
        "MatchedQueryIds":  [

                            ],
        "Bookmark":  {

                     },
        "LevelDisplayName":  null,
        "OpcodeDisplayName":  null,
        "TaskDisplayName":  null,
        "KeywordsDisplayNames":  null,
        "Properties":  [
                           {
                               "Value":  "T1031,T1050"
                           },
                           {
                               "Value":  "SetValue"
                           },
                           {
                               "Value":  "2025-02-25 06:28:14.815"
                           },
                           {
                               "Value":  "43199d79-62f1-67bd-0b00-000000001000"
                           },
                           {
                               "Value":  616
                           },
                           {
                               "Value":  "C:\\Windows\\system32\\services.exe"
                           },
                           {
                               "Value":  "HKLM\\System\\CurrentControlSet\\Services\\PrintWorkflowUserSvc_45c7b\\ImagePath"
                           },
                           {
                               "Value":  "C:\\Windows\\system32\\svchost.exe -k PrintWorkflow"
                           },
                           {
                               "Value":  "NT AUTHORITY\\SYSTEM"
                           }
                       ],
        "Message":  null
    },
