    {
        "Id":  1,
        "Version":  5,
        "Qualifiers":  null,
        "Level":  4,
        "Task":  1,
        "Opcode":  0,
        "Keywords":  -9223372036854775808,
        "RecordId":  4352,
        "ProviderName":  "Microsoft-Windows-Sysmon",
        "ProviderId":  "5770385f-c22a-43e0-bf4c-06f5698ffbd9",
        "LogName":  "Microsoft-Windows-Sysmon/Operational",
        "ProcessId":  2808,
        "ThreadId":  3828,
        "MachineName":  "MSEDGEWIN10",
        "UserId":  {
                       "BinaryLength":  12,
                       "AccountDomainSid":  null,
                       "Value":  "S-1-5-18"
                   },
        "TimeCreated":  "\/Date(1740465350344)\/",
        "ActivityId":  null,
        "RelatedActivityId":  null,
        "ContainerLog":  "d:\\gs1_rm556392\\c2.evtx",
        "MatchedQueryIds":  [

                            ],
        "Bookmark":  {

                     },
        "LevelDisplayName":  null,
        "OpcodeDisplayName":  null,
        "TaskDisplayName":  null,
        "KeywordsDisplayNames":  null,
        "Properties":  [
                           {
                               "Value":  "-"
                           },
                           {
                               "Value":  "2025-02-25 06:35:50.324"
                           },
                           {
                               "Value":  "43199d79-64c6-67bd-1901-000000001000"
                           },
                           {
                               "Value":  1560
                           },
                           {
                               "Value":  "C:\\Windows\\System32\\browser_broker.exe"
                           },
                           {
                               "Value":  "11.00.17763.316 (WinBuild.160101.0800)"
                           },
                           {
                               "Value":  "Browser_Broker"
                           },
                           {
                               "Value":  "Microsoft® Windows® Operating System"
                           },
                           {
                               "Value":  "Microsoft Corporation"
                           },
                           {
                               "Value":  "browser_broker.EXE"
                           },
                           {
                               "Value":  "C:\\Windows\\system32\\browser_broker.exe -Embedding"
                           },
                           {
                               "Value":  "C:\\Windows\\system32\\"
                           },
                           {
                               "Value":  "MSEDGEWIN10\\IEUser"
                           },
                           {
                               "Value":  "43199d79-62fe-67bd-3c3c-040000000000"
                           },
                           {
                               "Value":  277564
                           },
                           {
                               "Value":  1
                           },
                           {
                               "Value":  "Medium"
                           },
                           {
                               "Value":  "MD5=08EAE2A042C90DB1DBA4FB34E4D56264,SHA256=609A3A73A983A1C47511282D31D9FCFE7909950944AC5324344596215CD778AA,IMPHASH=DB359A050881ECD06E06DC1C90FF4448"
                           },
                           {
                               "Value":  "43199d79-62f1-67bd-1000-000000001000"
                           },
                           {
                               "Value":  768
                           },
                           {
                               "Value":  "C:\\Windows\\System32\\svchost.exe"
                           },
                           {
                               "Value":  "C:\\Windows\\system32\\svchost.exe -k DcomLaunch -p"
                           },
                           {
                               "Value":  "NT AUTHORITY\\SYSTEM"
                           }
                       ],
        "Message":  null
    },
    {
        "Id":  1,
        "Version":  5,
        "Qualifiers":  null,
        "Level":  4,
        "Task":  1,
        "Opcode":  0,
        "Keywords":  -9223372036854775808,
        "RecordId":  4353,
        "ProviderName":  "Microsoft-Windows-Sysmon",
        "ProviderId":  "5770385f-c22a-43e0-bf4c-06f5698ffbd9",
        "LogName":  "Microsoft-Windows-Sysmon/Operational",
        "ProcessId":  2808,
        "ThreadId":  3828,
        "MachineName":  "MSEDGEWIN10",
        "UserId":  {
                       "BinaryLength":  12,
                       "AccountDomainSid":  null,
                       "Value":  "S-1-5-18"
                   },
        "TimeCreated":  "\/Date(1740465351519)\/",
        "ActivityId":  null,
        "RelatedActivityId":  null,
        "ContainerLog":  "d:\\gs1_rm556392\\c2.evtx",
        "MatchedQueryIds":  [

                            ],
        "Bookmark":  {

                     },
        "LevelDisplayName":  null,
        "OpcodeDisplayName":  null,
        "TaskDisplayName":  null,
        "KeywordsDisplayNames":  null,
        "Properties":  [
                           {
                               "Value":  "-"
                           },
                           {
                               "Value":  "2025-02-25 06:35:51.513"
                           },
                           {
                               "Value":  "43199d79-64c7-67bd-1e01-000000001000"
                           },
                           {
                               "Value":  7672
                           },
                           {
                               "Value":  "C:\\Windows\\System32\\svchost.exe"
                           },
                           {
                               "Value":  "10.0.17763.1 (WinBuild.160101.0800)"
                           },
                           {
                               "Value":  "Host Process for Windows Services"
                           },
                           {
                               "Value":  "Microsoft® Windows® Operating System"
                           },
                           {
                               "Value":  "Microsoft Corporation"
                           },
                           {
                               "Value":  "svchost.exe"
                           },
                           {
                               "Value":  "C:\\Windows\\System32\\svchost.exe -k netsvcs -p"
                           },
                           {
                               "Value":  "C:\\Windows\\system32\\"
                           },
                           {
                               "Value":  "NT AUTHORITY\\SYSTEM"
                           },
                           {
                               "Value":  "43199d79-62f1-67bd-e703-000000000000"
                           },
                           {
                               "Value":  999
                           },
                           {
                               "Value":  0
                           },
                           {
                               "Value":  "System"
                           },
                           {
                               "Value":  "MD5=8A0A29438052FAED8A2532DA50455756,SHA256=7FD065BAC18C5278777AE44908101CDFED72D26FA741367F0AD4D02020787AB6,IMPHASH=247B9220E5D9B720A82B2C8B5069AD69"
                           },
                           {
                               "Value":  "43199d79-62f1-67bd-0b00-000000001000"
                           },
                           {
                               "Value":  616
                           },
                           {
                               "Value":  "C:\\Windows\\System32\\services.exe"
                           },
                           {
                               "Value":  "C:\\Windows\\system32\\services.exe"
                           },
                           {
                               "Value":  "NT AUTHORITY\\SYSTEM"
                           }
                       ],
        "Message":  null
    },
    {
        "Id":  22,
        "Version":  5,
        "Qualifiers":  null,
        "Level":  4,
        "Task":  22,
        "Opcode":  0,
        "Keywords":  -9223372036854775808,
        "RecordId":  4354,
        "ProviderName":  "Microsoft-Windows-Sysmon",
        "ProviderId":  "5770385f-c22a-43e0-bf4c-06f5698ffbd9",
        "LogName":  "Microsoft-Windows-Sysmon/Operational",
        "ProcessId":  2808,
        "ThreadId":  3868,
        "MachineName":  "MSEDGEWIN10",
        "UserId":  {
                       "BinaryLength":  12,
                       "AccountDomainSid":  null,
                       "Value":  "S-1-5-18"
                   },
        "TimeCreated":  "\/Date(1740465351588)\/",
        "ActivityId":  null,
        "RelatedActivityId":  null,
        "ContainerLog":  "d:\\gs1_rm556392\\c2.evtx",
        "MatchedQueryIds":  [

                            ],
        "Bookmark":  {

                     },
        "LevelDisplayName":  null,
        "OpcodeDisplayName":  null,
        "TaskDisplayName":  null,
        "KeywordsDisplayNames":  null,
        "Properties":  [
                           {
                               "Value":  "-"
                           },
                           {
                               "Value":  "2025-02-25 06:36:36.555"
                           },
                           {
                               "Value":  "43199d79-64c6-67bd-1c01-000000001000"
                           },
                           {
                               "Value":  1612
                           },
                           {
                               "Value":  "img-s-msn-com.akamaized.net"
                           },
                           {
                               "Value":  "0"
                           },
                           {
                               "Value":  "type:  5 a1834.dscg2.akamai.net;::ffff:191.249.246.139;::ffff:191.249.246.123;"
                           },
                           {
                               "Value":  "C:\\Windows\\System32\\MicrosoftEdgeCP.exe"
                           },
                           {
                               "Value":  "MSEDGEWIN10\\IEUser"
                           }
                       ],
        "Message":  null
    },
    {
        "Id":  22,
        "Version":  5,
        "Qualifiers":  null,
        "Level":  4,
        "Task":  22,
        "Opcode":  0,
        "Keywords":  -9223372036854775808,
        "RecordId":  4355,
        "ProviderName":  "Microsoft-Windows-Sysmon",
        "ProviderId":  "5770385f-c22a-43e0-bf4c-06f5698ffbd9",
        "LogName":  "Microsoft-Windows-Sysmon/Operational",
        "ProcessId":  2808,
        "ThreadId":  3868,
        "MachineName":  "MSEDGEWIN10",
        "UserId":  {
                       "BinaryLength":  12,
                       "AccountDomainSid":  null,
                       "Value":  "S-1-5-18"
                   },
        "TimeCreated":  "\/Date(1740465351588)\/",
        "ActivityId":  null,
        "RelatedActivityId":  null,
        "ContainerLog":  "d:\\gs1_rm556392\\c2.evtx",
        "MatchedQueryIds":  [

                            ],
        "Bookmark":  {

                     },
        "LevelDisplayName":  null,
        "OpcodeDisplayName":  null,
        "TaskDisplayName":  null,
        "KeywordsDisplayNames":  null,
        "Properties":  [
                           {
                               "Value":  "-"
                           },
                           {
                               "Value":  "2025-02-25 06:36:36.558"
                           },
                           {
                               "Value":  "43199d79-64c6-67bd-1801-000000001000"
                           },
                           {
                               "Value":  6396
                           },
                           {
                               "Value":  "img-s-msn-com.akamaized.net"
                           },
                           {
                               "Value":  "0"
                           },
                           {
                               "Value":  "type:  5 a1834.dscg2.akamai.net;::ffff:191.249.246.139;::ffff:191.249.246.123;"
                           },
                           {
                               "Value":  "C:\\Windows\\SystemApps\\Microsoft.MicrosoftEdge_8wekyb3d8bbwe\\MicrosoftEdge.exe"
                           },
                           {
                               "Value":  "MSEDGEWIN10\\IEUser"
                           }
                       ],
        "Message":  null
    },
    {
        "Id":  1,
        "Version":  5,
        "Qualifiers":  null,
        "Level":  4,
        "Task":  1,
        "Opcode":  0,
        "Keywords":  -9223372036854775808,
        "RecordId":  4356,
        "ProviderName":  "Microsoft-Windows-Sysmon",
        "ProviderId":  "5770385f-c22a-43e0-bf4c-06f5698ffbd9",
        "LogName":  "Microsoft-Windows-Sysmon/Operational",
        "ProcessId":  2808,
        "ThreadId":  3828,
        "MachineName":  "MSEDGEWIN10",
        "UserId":  {
                       "BinaryLength":  12,
                       "AccountDomainSid":  null,
                       "Value":  "S-1-5-18"
                   },
        "TimeCreated":  "\/Date(1740465455750)\/",
        "ActivityId":  null,
        "RelatedActivityId":  null,
        "ContainerLog":  "d:\\gs1_rm556392\\c2.evtx",
        "MatchedQueryIds":  [

                            ],
        "Bookmark":  {

                     },
        "LevelDisplayName":  null,
        "OpcodeDisplayName":  null,
        "TaskDisplayName":  null,
        "KeywordsDisplayNames":  null,
        "Properties":  [
                           {
                               "Value":  "-"
                           },
                           {
                               "Value":  "2025-02-25 06:37:35.675"
                           },
                           {
                               "Value":  "43199d79-652f-67bd-2001-000000001000"
                           },
                           {
                               "Value":  6320
                           },
                           {
                               "Value":  "C:\\ProgramData\\Microsoft\\Windows Defender\\Platform\\4.18.24090.11-0\\MpCmdRun.exe"
                           },
                           {
                               "Value":  "4.18.24090.11 (26d75470953920f90fd0438874501e9d9a31e621)"
                           },
                           {
                               "Value":  "Microsoft Malware Protection Command Line Utility"
                           },
                           {
                               "Value":  "Microsoft® Windows® Operating System"
                           },
                           {
                               "Value":  "Microsoft Corporation"
                           },
                           {
                               "Value":  "MpCmdRun.exe"
                           },
                           {
                               "Value":  "\"C:\\ProgramData\\Microsoft\\Windows Defender\\platform\\4.18.24090.11-0\\MpCmdRun.exe\" SignatureUpdate -ScheduleJob -RestrictPrivileges"
                           },
                           {
                               "Value":  "C:\\Windows\\system32\\"
                           },
                           {
                               "Value":  "NT AUTHORITY\\SYSTEM"
                           },
                           {
                               "Value":  "43199d79-62f1-67bd-e703-000000000000"
                           },
                           {
                               "Value":  999
                           },
                           {
                               "Value":  0
                           },
                           {
                               "Value":  "System"
                           },
                           {
                               "Value":  "MD5=7C8CFF40C38AB2F6B04DD3B02300FFE5,SHA256=2FBEBA1195E689ED651BAB016428F75F7456D587311483599702703AAE5E8C51,IMPHASH=37E6F96972789476855AAE6A38A50442"
                           },
                           {
                               "Value":  "43199d79-62f5-67bd-4600-000000001000"
                           },
                           {
                               "Value":  2756
                           },
                           {
                               "Value":  "C:\\ProgramData\\Microsoft\\Windows Defender\\Platform\\4.18.24090.11-0\\MsMpEng.exe"
                           },
                           {
                               "Value":  "\"C:\\ProgramData\\Microsoft\\Windows Defender\\platform\\4.18.24090.11-0\\MsMpEng.exe\""
                           },
                           {
                               "Value":  "NT AUTHORITY\\SYSTEM"
                           }
                       ],
        "Message":  null
    },
    {
        "Id":  1,
        "Version":  5,
        "Qualifiers":  null,
        "Level":  4,
        "Task":  1,
        "Opcode":  0,
        "Keywords":  -9223372036854775808,
        "RecordId":  4357,
        "ProviderName":  "Microsoft-Windows-Sysmon",
        "ProviderId":  "5770385f-c22a-43e0-bf4c-06f5698ffbd9",
        "LogName":  "Microsoft-Windows-Sysmon/Operational",
        "ProcessId":  2808,
        "ThreadId":  3828,
        "MachineName":  "MSEDGEWIN10",
        "UserId":  {
                       "BinaryLength":  12,
                       "AccountDomainSid":  null,
                       "Value":  "S-1-5-18"
                   },
        "TimeCreated":  "\/Date(1740465455835)\/",
        "ActivityId":  null,
        "RelatedActivityId":  null,
        "ContainerLog":  "d:\\gs1_rm556392\\c2.evtx",
        "MatchedQueryIds":  [

                            ],
        "Bookmark":  {

                     },
        "LevelDisplayName":  null,
        "OpcodeDisplayName":  null,
        "TaskDisplayName":  null,
        "KeywordsDisplayNames":  null,
        "Properties":  [
                           {
                               "Value":  "-"
                           },
                           {
                               "Value":  "2025-02-25 06:37:35.831"
                           },
                           {
                               "Value":  "43199d79-652f-67bd-2201-000000001000"
                           },
                           {
                               "Value":  1088
                           },
                           {
                               "Value":  "C:\\ProgramData\\Microsoft\\Windows Defender\\Platform\\4.18.24090.11-0\\MpCmdRun.exe"
                           },
                           {
                               "Value":  "4.18.24090.11 (26d75470953920f90fd0438874501e9d9a31e621)"
                           },
                           {
                               "Value":  "Microsoft Malware Protection Command Line Utility"
                           },
                           {
                               "Value":  "Microsoft® Windows® Operating System"
                           },
                           {
                               "Value":  "Microsoft Corporation"
                           },
                           {
                               "Value":  "MpCmdRun.exe"
                           },
                           {
                               "Value":  "\"C:\\ProgramData\\Microsoft\\Windows Defender\\platform\\4.18.24090.11-0\\MpCmdRun.exe\" SignaturesUpdateService -ScheduleJob -UnmanagedUpdate"
                           },
                           {
                               "Value":  "C:\\Windows\\system32\\"
                           },
                           {
                               "Value":  "NT AUTHORITY\\SYSTEM"
                           },
                           {
                               "Value":  "43199d79-62f1-67bd-e703-000000000000"
                           },
                           {
                               "Value":  999
                           },
                           {
                               "Value":  0
                           },
                           {
                               "Value":  "System"
                           },
                           {
                               "Value":  "MD5=7C8CFF40C38AB2F6B04DD3B02300FFE5,SHA256=2FBEBA1195E689ED651BAB016428F75F7456D587311483599702703AAE5E8C51,IMPHASH=37E6F96972789476855AAE6A38A50442"
                           },
                           {
                               "Value":  "43199d79-62f5-67bd-4600-000000001000"
                           },
                           {
                               "Value":  2756
                           },
                           {
                               "Value":  "C:\\ProgramData\\Microsoft\\Windows Defender\\Platform\\4.18.24090.11-0\\MsMpEng.exe"
                           },
                           {
                               "Value":  "\"C:\\ProgramData\\Microsoft\\Windows Defender\\platform\\4.18.24090.11-0\\MsMpEng.exe\""
                           },
                           {
                               "Value":  "NT AUTHORITY\\SYSTEM"
                           }
                       ],
        "Message":  null
    },
    {
        "Id":  1,
        "Version":  5,
        "Qualifiers":  null,
        "Level":  4,
        "Task":  1,
        "Opcode":  0,
        "Keywords":  -9223372036854775808,
        "RecordId":  4358,
        "ProviderName":  "Microsoft-Windows-Sysmon",
        "ProviderId":  "5770385f-c22a-43e0-bf4c-06f5698ffbd9",
        "LogName":  "Microsoft-Windows-Sysmon/Operational",
        "ProcessId":  2808,
        "ThreadId":  3828,
        "MachineName":  "MSEDGEWIN10",
        "UserId":  {
                       "BinaryLength":  12,
                       "AccountDomainSid":  null,
                       "Value":  "S-1-5-18"
                   },
        "TimeCreated":  "\/Date(1740465463355)\/",
        "ActivityId":  null,
        "RelatedActivityId":  null,
        "ContainerLog":  "d:\\gs1_rm556392\\c2.evtx",
        "MatchedQueryIds":  [

                            ],
        "Bookmark":  {

                     },
        "LevelDisplayName":  null,
        "OpcodeDisplayName":  null,
        "TaskDisplayName":  null,
        "KeywordsDisplayNames":  null,
        "Properties":  [
                           {
                               "Value":  "-"
                           },
                           {
                               "Value":  "2025-02-25 06:37:43.350"
                           },
                           {
                               "Value":  "43199d79-6537-67bd-2601-000000001000"
                           },
                           {
                               "Value":  928
                           },
                           {
                               "Value":  "C:\\Windows\\System32\\taskhostw.exe"
                           },
                           {
                               "Value":  "10.0.17763.1 (WinBuild.160101.0800)"
                           },
                           {
                               "Value":  "Host Process for Windows Tasks"
                           },
                           {
                               "Value":  "Microsoft® Windows® Operating System"
                           },
                           {
                               "Value":  "Microsoft Corporation"
                           },
                           {
                               "Value":  "taskhostw.exe"
                           },
                           {
                               "Value":  "taskhostw.exe -RegisterDevice -ProtectionStateChanged -FreeNetworkOnly"
                           },
                           {
                               "Value":  "C:\\Windows\\system32\\"
                           },
                           {
                               "Value":  "NT AUTHORITY\\SYSTEM"
                           },
                           {
                               "Value":  "43199d79-62f1-67bd-e703-000000000000"
                           },
                           {
                               "Value":  999
                           },
                           {
                               "Value":  0
                           },
                           {
                               "Value":  "System"
                           },
                           {
                               "Value":  "MD5=F225F37717C8D714B56CF21C7C1E9C34,SHA256=E272D0E33299BCA60479683EAE0D9B5D880293C01B337D5759FEE812EA631A39,IMPHASH=9839C7FD9649496B162F72128209528A"
                           },
                           {
                               "Value":  "43199d79-62f2-67bd-1a00-000000001000"
                           },
                           {
                               "Value":  1128
                           },
                           {
                               "Value":  "C:\\Windows\\System32\\svchost.exe"
                           },
                           {
                               "Value":  "C:\\Windows\\system32\\svchost.exe -k netsvcs -p -s Schedule"
                           },
                           {
                               "Value":  "NT AUTHORITY\\SYSTEM"
                           }
                       ],
        "Message":  null
    },
    {
        "Id":  1,
        "Version":  5,
        "Qualifiers":  null,
        "Level":  4,
        "Task":  1,
        "Opcode":  0,
        "Keywords":  -9223372036854775808,
        "RecordId":  4359,
        "ProviderName":  "Microsoft-Windows-Sysmon",
        "ProviderId":  "5770385f-c22a-43e0-bf4c-06f5698ffbd9",
        "LogName":  "Microsoft-Windows-Sysmon/Operational",
        "ProcessId":  2808,
        "ThreadId":  3828,
        "MachineName":  "MSEDGEWIN10",
        "UserId":  {
                       "BinaryLength":  12,
                       "AccountDomainSid":  null,
                       "Value":  "S-1-5-18"
                   },
        "TimeCreated":  "\/Date(1740465463607)\/",
        "ActivityId":  null,
        "RelatedActivityId":  null,
        "ContainerLog":  "d:\\gs1_rm556392\\c2.evtx",
        "MatchedQueryIds":  [

                            ],
        "Bookmark":  {

                     },
        "LevelDisplayName":  null,
        "OpcodeDisplayName":  null,
        "TaskDisplayName":  null,
        "KeywordsDisplayNames":  null,
        "Properties":  [
                           {
                               "Value":  "-"
                           },
                           {
                               "Value":  "2025-02-25 06:37:43.601"
                           },
                           {
                               "Value":  "43199d79-6537-67bd-2a01-000000001000"
                           },
                           {
                               "Value":  2980
                           },
                           {
                               "Value":  "C:\\Users\\IEUser\\AppData\\Local\\Microsoft\\OneDrive\\21.220.1024.0005\\FileCoAuth.exe"
                           },
                           {
                               "Value":  "21.220.1024.0005"
                           },
                           {
                               "Value":  "Microsoft OneDriveFile Co-Authoring Executable"
                           },
                           {
                               "Value":  "Microsoft OneDrive"
                           },
                           {
                               "Value":  "Microsoft Corporation"
                           },
                           {
                               "Value":  "FileCoAuth.exe"
                           },
                           {
                               "Value":  "\"C:\\Users\\IEUser\\AppData\\Local\\Microsoft\\OneDrive\\21.220.1024.0005\\FileCoAuth.exe\" -Embedding"
                           },
                           {
                               "Value":  "C:\\Windows\\system32\\"
                           },
                           {
                               "Value":  "MSEDGEWIN10\\IEUser"
                           },
                           {
                               "Value":  "43199d79-62fe-67bd-3c3c-040000000000"
                           },
                           {
                               "Value":  277564
                           },
                           {
                               "Value":  1
                           },
                           {
                               "Value":  "Medium"
                           },
                           {
                               "Value":  "MD5=611DA0A2ACD64616C83451B68C8C3A4C,SHA256=EE51F6C4623C642F58C40794937C6C5A61C2FD6E8382EABA4DE0ACAA40A7BD7D,IMPHASH=32F02158B6269CEBFDF22EE0249CCF23"
                           },
                           {
                               "Value":  "43199d79-62f1-67bd-1000-000000001000"
                           },
                           {
                               "Value":  768
                           },
                           {
                               "Value":  "C:\\Windows\\System32\\svchost.exe"
                           },
                           {
                               "Value":  "C:\\Windows\\system32\\svchost.exe -k DcomLaunch -p"
                           },
                           {
                               "Value":  "NT AUTHORITY\\SYSTEM"
                           }
                       ],
        "Message":  null
    },
    {
        "Id":  1,
        "Version":  5,
        "Qualifiers":  null,
        "Level":  4,
        "Task":  1,
        "Opcode":  0,
        "Keywords":  -9223372036854775808,
        "RecordId":  4360,
        "ProviderName":  "Microsoft-Windows-Sysmon",
        "ProviderId":  "5770385f-c22a-43e0-bf4c-06f5698ffbd9",
        "LogName":  "Microsoft-Windows-Sysmon/Operational",
        "ProcessId":  2808,
        "ThreadId":  3828,
        "MachineName":  "MSEDGEWIN10",
        "UserId":  {
                       "BinaryLength":  12,
                       "AccountDomainSid":  null,
                       "Value":  "S-1-5-18"
                   },
        "TimeCreated":  "\/Date(1740465463804)\/",
        "ActivityId":  null,
        "RelatedActivityId":  null,
        "ContainerLog":  "d:\\gs1_rm556392\\c2.evtx",
        "MatchedQueryIds":  [

                            ],
        "Bookmark":  {

                     },
        "LevelDisplayName":  null,
        "OpcodeDisplayName":  null,
        "TaskDisplayName":  null,
        "KeywordsDisplayNames":  null,
        "Properties":  [
                           {
                               "Value":  "-"
                           },
                           {
                               "Value":  "2025-02-25 06:37:43.800"
                           },
                           {
                               "Value":  "43199d79-6537-67bd-2b01-000000001000"
                           },
                           {
                               "Value":  2572
                           },
                           {
                               "Value":  "C:\\Windows\\System32\\svchost.exe"
                           },
                           {
                               "Value":  "10.0.17763.1 (WinBuild.160101.0800)"
                           },
                           {
                               "Value":  "Host Process for Windows Services"
                           },
                           {
                               "Value":  "Microsoft® Windows® Operating System"
                           },
                           {
                               "Value":  "Microsoft Corporation"
                           },
                           {
                               "Value":  "svchost.exe"
                           },
                           {
                               "Value":  "C:\\Windows\\system32\\svchost.exe -k netsvcs -p -s gpsvc"
                           },
                           {
                               "Value":  "C:\\Windows\\system32\\"
                           },
                           {
                               "Value":  "NT AUTHORITY\\SYSTEM"
                           },
                           {
                               "Value":  "43199d79-62f1-67bd-e703-000000000000"
                           },
                           {
                               "Value":  999
                           },
                           {
                               "Value":  0
                           },
                           {
                               "Value":  "System"
                           },
                           {
                               "Value":  "MD5=8A0A29438052FAED8A2532DA50455756,SHA256=7FD065BAC18C5278777AE44908101CDFED72D26FA741367F0AD4D02020787AB6,IMPHASH=247B9220E5D9B720A82B2C8B5069AD69"
                           },
                           {
                               "Value":  "43199d79-62f1-67bd-0b00-000000001000"
                           },
                           {
                               "Value":  616
                           },
                           {
                               "Value":  "C:\\Windows\\System32\\services.exe"
                           },
                           {
                               "Value":  "C:\\Windows\\system32\\services.exe"
                           },
                           {
                               "Value":  "NT AUTHORITY\\SYSTEM"
                           }
                       ],
        "Message":  null
    },
    {
        "Id":  5,
        "Version":  3,
        "Qualifiers":  null,
        "Level":  4,
        "Task":  5,
        "Opcode":  0,
        "Keywords":  -9223372036854775808,
        "RecordId":  4361,
        "ProviderName":  "Microsoft-Windows-Sysmon",
        "ProviderId":  "5770385f-c22a-43e0-bf4c-06f5698ffbd9",
        "LogName":  "Microsoft-Windows-Sysmon/Operational",
        "ProcessId":  2808,
        "ThreadId":  3828,
        "MachineName":  "MSEDGEWIN10",
        "UserId":  {
                       "BinaryLength":  12,
                       "AccountDomainSid":  null,
                       "Value":  "S-1-5-18"
                   },
        "TimeCreated":  "\/Date(1740465469149)\/",
        "ActivityId":  null,
        "RelatedActivityId":  null,
        "ContainerLog":  "d:\\gs1_rm556392\\c2.evtx",
        "MatchedQueryIds":  [

                            ],
        "Bookmark":  {

                     },
        "LevelDisplayName":  null,
        "OpcodeDisplayName":  null,
        "TaskDisplayName":  null,
        "KeywordsDisplayNames":  null,
        "Properties":  [
                           {
                               "Value":  "-"
                           },
                           {
                               "Value":  "2025-02-25 06:37:49.141"
                           },
                           {
                               "Value":  "43199d79-6537-67bd-2a01-000000001000"
                           },
                           {
                               "Value":  2980
                           },
                           {
                               "Value":  "C:\\Users\\IEUser\\AppData\\Local\\Microsoft\\OneDrive\\21.220.1024.0005\\FileCoAuth.exe"
                           },
                           {
                               "Value":  "MSEDGEWIN10\\IEUser"
                           }
                       ],
        "Message":  null
    },
    {
        "Id":  1,
        "Version":  5,
        "Qualifiers":  null,
        "Level":  4,
        "Task":  1,
        "Opcode":  0,
        "Keywords":  -9223372036854775808,
        "RecordId":  4362,
        "ProviderName":  "Microsoft-Windows-Sysmon",
        "ProviderId":  "5770385f-c22a-43e0-bf4c-06f5698ffbd9",
        "LogName":  "Microsoft-Windows-Sysmon/Operational",
        "ProcessId":  2808,
        "ThreadId":  3828,
        "MachineName":  "MSEDGEWIN10",
        "UserId":  {
                       "BinaryLength":  12,
                       "AccountDomainSid":  null,
                       "Value":  "S-1-5-18"
                   },
        "TimeCreated":  "\/Date(1740465561980)\/",
        "ActivityId":  null,
        "RelatedActivityId":  null,
        "ContainerLog":  "d:\\gs1_rm556392\\c2.evtx",
        "MatchedQueryIds":  [

                            ],
        "Bookmark":  {

                     },
        "LevelDisplayName":  null,
        "OpcodeDisplayName":  null,
        "TaskDisplayName":  null,
        "KeywordsDisplayNames":  null,
        "Properties":  [
                           {
                               "Value":  "-"
                           },
                           {
                               "Value":  "2025-02-25 06:39:21.975"
                           },
                           {
                               "Value":  "43199d79-6599-67bd-2c01-000000001000"
                           },
                           {
                               "Value":  628
                           },
                           {
                               "Value":  "C:\\Windows\\System32\\net.exe"
                           },
                           {
                               "Value":  "10.0.17763.1 (WinBuild.160101.0800)"
                           },
                           {
                               "Value":  "Net Command"
                           },
                           {
                               "Value":  "Microsoft® Windows® Operating System"
                           },
                           {
                               "Value":  "Microsoft Corporation"
                           },
                           {
                               "Value":  "net.exe"
                           },
                           {
                               "Value":  "net  user"
                           },
                           {
                               "Value":  "C:\\Windows\\system32\\"
                           },
                           {
                               "Value":  "MSEDGEWIN10\\IEUser"
                           },
                           {
                               "Value":  "43199d79-62fe-67bd-0c3c-040000000000"
                           },
                           {
                               "Value":  277516
                           },
                           {
                               "Value":  1
                           },
                           {
                               "Value":  "High"
                           },
                           {
                               "Value":  "MD5=AE61D8F04BCDE8158304067913160B31,SHA256=25C8266D2BC1D5626DCDF72419838B397D28D44D00AC09F02FF4E421B43EC369,IMPHASH=57F0C47AE2A1A2C06C8B987372AB0B07"
                           },
                           {
                               "Value":  "43199d79-63f2-67bd-0801-000000001000"
                           },
                           {
                               "Value":  4152
                           },
                           {
                               "Value":  "C:\\Windows\\System32\\cmd.exe"
                           },
                           {
                               "Value":  "\"C:\\Windows\\system32\\cmd.exe\" "
                           },
                           {
                               "Value":  "MSEDGEWIN10\\IEUser"
                           }
                       ],
        "Message":  null
    },
    {
        "Id":  1,
        "Version":  5,
        "Qualifiers":  null,
        "Level":  4,
        "Task":  1,
        "Opcode":  0,
        "Keywords":  -9223372036854775808,
        "RecordId":  4363,
        "ProviderName":  "Microsoft-Windows-Sysmon",
        "ProviderId":  "5770385f-c22a-43e0-bf4c-06f5698ffbd9",
        "LogName":  "Microsoft-Windows-Sysmon/Operational",
        "ProcessId":  2808,
        "ThreadId":  3828,
        "MachineName":  "MSEDGEWIN10",
        "UserId":  {
                       "BinaryLength":  12,
                       "AccountDomainSid":  null,
                       "Value":  "S-1-5-18"
                   },
        "TimeCreated":  "\/Date(1740465561999)\/",
        "ActivityId":  null,
        "RelatedActivityId":  null,
        "ContainerLog":  "d:\\gs1_rm556392\\c2.evtx",
        "MatchedQueryIds":  [

                            ],
        "Bookmark":  {

                     },
        "LevelDisplayName":  null,
        "OpcodeDisplayName":  null,
        "TaskDisplayName":  null,
        "KeywordsDisplayNames":  null,
        "Properties":  [
                           {
                               "Value":  "-"
                           },
                           {
                               "Value":  "2025-02-25 06:39:21.995"
                           },
                           {
                               "Value":  "43199d79-6599-67bd-2d01-000000001000"
                           },
                           {
                               "Value":  6572
                           },
                           {
                               "Value":  "C:\\Windows\\System32\\net1.exe"
                           },
                           {
                               "Value":  "10.0.17763.1 (WinBuild.160101.0800)"
                           },
                           {
                               "Value":  "Net Command"
                           },
                           {
                               "Value":  "Microsoft® Windows® Operating System"
                           },
                           {
                               "Value":  "Microsoft Corporation"
                           },
                           {
                               "Value":  "net1.exe"
                           },
                           {
                               "Value":  "C:\\Windows\\system32\\net1  user"
                           },
                           {
                               "Value":  "C:\\Windows\\system32\\"
                           },
                           {
                               "Value":  "MSEDGEWIN10\\IEUser"
                           },
                           {
                               "Value":  "43199d79-62fe-67bd-0c3c-040000000000"
                           },
                           {
                               "Value":  277516
                           },
                           {
                               "Value":  1
                           },
                           {
                               "Value":  "High"
                           },
                           {
                               "Value":  "MD5=63DD4523677E62A73A8A7494DB321EA2,SHA256=C687157FD58EAA51757CDA87D06C30953A31F03F5356B9F5A9C004FA4BAD4BF5,IMPHASH=41DBA1AF77E1A2260F0CE46D59ADCB5E"
                           },
                           {
                               "Value":  "43199d79-6599-67bd-2c01-000000001000"
                           },
                           {
                               "Value":  628
                           },
                           {
                               "Value":  "C:\\Windows\\System32\\net.exe"
                           },
                           {
                               "Value":  "net  user"
                           },
                           {
                               "Value":  "MSEDGEWIN10\\IEUser"
                           }
                       ],
        "Message":  null
    },
