    {
        "Id":  13,
        "Version":  2,
        "Qualifiers":  null,
        "Level":  4,
        "Task":  13,
        "Opcode":  0,
        "Keywords":  -9223372036854775808,
        "RecordId":  4335,
        "ProviderName":  "Microsoft-Windows-Sysmon",
        "ProviderId":  "5770385f-c22a-43e0-bf4c-06f5698ffbd9",
        "LogName":  "Microsoft-Windows-Sysmon/Operational",
        "ProcessId":  2808,
        "ThreadId":  3828,
        "MachineName":  "MSEDGEWIN10",
        "UserId":  {
                       "BinaryLength":  12,
                       "AccountDomainSid":  null,
                       "Value":  "S-1-5-18"
                   },
        "TimeCreated":  "\/Date(1740465146774)\/",
        "ActivityId":  null,
        "RelatedActivityId":  null,
        "ContainerLog":  "d:\\gs1_rm556392\\c2.evtx",
        "MatchedQueryIds":  [

                            ],
        "Bookmark":  {

                     },
        "LevelDisplayName":  null,
        "OpcodeDisplayName":  null,
        "TaskDisplayName":  null,
        "KeywordsDisplayNames":  null,
        "Properties":  [
                           {
                               "Value":  "Suspicious,ImageBeginWithBackslash"
                           },
                           {
                               "Value":  "SetValue"
                           },
                           {
                               "Value":  "2025-02-25 06:32:26.772"
                           },
                           {
                               "Value":  "43199d79-63d4-67bd-0301-000000001000"
                           },
                           {
                               "Value":  7396
                           },
                           {
                               "Value":  "\\\\?\\C:\\Windows\\system32\\wbem\\WMIADAP.EXE"
                           },
                           {
                               "Value":  "HKLM\\SOFTWARE\\Microsoft\\Wbem\\WDM\\DREDGE\\C:\\Windows\\System32\\drivers\\en-US\\mssmbios.sys.mui[MofResource]"
                           },
                           {
                               "Value":  "LowDateTime:1996329365,HighDateTime:30690448***Binary mof compiled successfully"
                           },
                           {
                               "Value":  "NT AUTHORITY\\SYSTEM"
                           }
                       ],
        "Message":  null
    },
    {
        "Id":  13,
        "Version":  2,
        "Qualifiers":  null,
        "Level":  4,
        "Task":  13,
        "Opcode":  0,
        "Keywords":  -9223372036854775808,
        "RecordId":  4336,
        "ProviderName":  "Microsoft-Windows-Sysmon",
        "ProviderId":  "5770385f-c22a-43e0-bf4c-06f5698ffbd9",
        "LogName":  "Microsoft-Windows-Sysmon/Operational",
        "ProcessId":  2808,
        "ThreadId":  3828,
        "MachineName":  "MSEDGEWIN10",
        "UserId":  {
                       "BinaryLength":  12,
                       "AccountDomainSid":  null,
                       "Value":  "S-1-5-18"
                   },
        "TimeCreated":  "\/Date(1740465146774)\/",
        "ActivityId":  null,
        "RelatedActivityId":  null,
        "ContainerLog":  "d:\\gs1_rm556392\\c2.evtx",
        "MatchedQueryIds":  [

                            ],
        "Bookmark":  {

                     },
        "LevelDisplayName":  null,
        "OpcodeDisplayName":  null,
        "TaskDisplayName":  null,
        "KeywordsDisplayNames":  null,
        "Properties":  [
                           {
                               "Value":  "Suspicious,ImageBeginWithBackslash"
                           },
                           {
                               "Value":  "SetValue"
                           },
                           {
                               "Value":  "2025-02-25 06:32:26.772"
                           },
                           {
                               "Value":  "43199d79-63d4-67bd-0301-000000001000"
                           },
                           {
                               "Value":  7396
                           },
                           {
                               "Value":  "\\\\?\\C:\\Windows\\system32\\wbem\\WMIADAP.EXE"
                           },
                           {
                               "Value":  "HKLM\\SOFTWARE\\Microsoft\\Wbem\\WDM\\DREDGE\\C:\\Windows\\System32\\drivers\\intelppm.sys[PROCESSORWMI]"
                           },
                           {
                               "Value":  "LowDateTime:-1636470343,HighDateTime:30690434***Binary mof compiled successfully"
                           },
                           {
                               "Value":  "NT AUTHORITY\\SYSTEM"
                           }
                       ],
        "Message":  null
    },
    {
        "Id":  13,
        "Version":  2,
        "Qualifiers":  null,
        "Level":  4,
        "Task":  13,
        "Opcode":  0,
        "Keywords":  -9223372036854775808,
        "RecordId":  4337,
        "ProviderName":  "Microsoft-Windows-Sysmon",
        "ProviderId":  "5770385f-c22a-43e0-bf4c-06f5698ffbd9",
        "LogName":  "Microsoft-Windows-Sysmon/Operational",
        "ProcessId":  2808,
        "ThreadId":  3828,
        "MachineName":  "MSEDGEWIN10",
        "UserId":  {
                       "BinaryLength":  12,
                       "AccountDomainSid":  null,
                       "Value":  "S-1-5-18"
                   },
        "TimeCreated":  "\/Date(1740465146774)\/",
        "ActivityId":  null,
        "RelatedActivityId":  null,
        "ContainerLog":  "d:\\gs1_rm556392\\c2.evtx",
        "MatchedQueryIds":  [

                            ],
        "Bookmark":  {

                     },
        "LevelDisplayName":  null,
        "OpcodeDisplayName":  null,
        "TaskDisplayName":  null,
        "KeywordsDisplayNames":  null,
        "Properties":  [
                           {
                               "Value":  "Suspicious,ImageBeginWithBackslash"
                           },
                           {
                               "Value":  "SetValue"
                           },
                           {
                               "Value":  "2025-02-25 06:32:26.772"
                           },
                           {
                               "Value":  "43199d79-63d4-67bd-0301-000000001000"
                           },
                           {
                               "Value":  7396
                           },
                           {
                               "Value":  "\\\\?\\C:\\Windows\\system32\\wbem\\WMIADAP.EXE"
                           },
                           {
                               "Value":  "HKLM\\SOFTWARE\\Microsoft\\Wbem\\WDM\\DREDGE\\C:\\Windows\\System32\\drivers\\en-US\\intelppm.sys.mui[PROCESSORWMI]"
                           },
                           {
                               "Value":  "LowDateTime:2004914976,HighDateTime:30690448***Binary mof compiled successfully"
                           },
                           {
                               "Value":  "NT AUTHORITY\\SYSTEM"
                           }
                       ],
        "Message":  null
    },
    {
        "Id":  13,
        "Version":  2,
        "Qualifiers":  null,
        "Level":  4,
        "Task":  13,
        "Opcode":  0,
        "Keywords":  -9223372036854775808,
        "RecordId":  4338,
        "ProviderName":  "Microsoft-Windows-Sysmon",
        "ProviderId":  "5770385f-c22a-43e0-bf4c-06f5698ffbd9",
        "LogName":  "Microsoft-Windows-Sysmon/Operational",
        "ProcessId":  2808,
        "ThreadId":  3828,
        "MachineName":  "MSEDGEWIN10",
        "UserId":  {
                       "BinaryLength":  12,
                       "AccountDomainSid":  null,
                       "Value":  "S-1-5-18"
                   },
        "TimeCreated":  "\/Date(1740465146774)\/",
        "ActivityId":  null,
        "RelatedActivityId":  null,
        "ContainerLog":  "d:\\gs1_rm556392\\c2.evtx",
        "MatchedQueryIds":  [

                            ],
        "Bookmark":  {

                     },
        "LevelDisplayName":  null,
        "OpcodeDisplayName":  null,
        "TaskDisplayName":  null,
        "KeywordsDisplayNames":  null,
        "Properties":  [
                           {
                               "Value":  "Suspicious,ImageBeginWithBackslash"
                           },
                           {
                               "Value":  "SetValue"
                           },
                           {
                               "Value":  "2025-02-25 06:32:26.772"
                           },
                           {
                               "Value":  "43199d79-63d4-67bd-0301-000000001000"
                           },
                           {
                               "Value":  7396
                           },
                           {
                               "Value":  "\\\\?\\C:\\Windows\\system32\\wbem\\WMIADAP.EXE"
                           },
                           {
                               "Value":  "HKLM\\SOFTWARE\\Microsoft\\Wbem\\WDM\\DREDGE\\C:\\Windows\\System32\\drivers\\monitor.sys[MonitorWMI]"
                           },
                           {
                               "Value":  "LowDateTime:-1655065712,HighDateTime:30690434***Binary mof failed, see WMIPROV.LOG"
                           },
                           {
                               "Value":  "NT AUTHORITY\\SYSTEM"
                           }
                       ],
        "Message":  null
    },
    {
        "Id":  13,
        "Version":  2,
        "Qualifiers":  null,
        "Level":  4,
        "Task":  13,
        "Opcode":  0,
        "Keywords":  -9223372036854775808,
        "RecordId":  4339,
        "ProviderName":  "Microsoft-Windows-Sysmon",
        "ProviderId":  "5770385f-c22a-43e0-bf4c-06f5698ffbd9",
        "LogName":  "Microsoft-Windows-Sysmon/Operational",
        "ProcessId":  2808,
        "ThreadId":  3828,
        "MachineName":  "MSEDGEWIN10",
        "UserId":  {
                       "BinaryLength":  12,
                       "AccountDomainSid":  null,
                       "Value":  "S-1-5-18"
                   },
        "TimeCreated":  "\/Date(1740465146774)\/",
        "ActivityId":  null,
        "RelatedActivityId":  null,
        "ContainerLog":  "d:\\gs1_rm556392\\c2.evtx",
        "MatchedQueryIds":  [

                            ],
        "Bookmark":  {

                     },
        "LevelDisplayName":  null,
        "OpcodeDisplayName":  null,
        "TaskDisplayName":  null,
        "KeywordsDisplayNames":  null,
        "Properties":  [
                           {
                               "Value":  "Suspicious,ImageBeginWithBackslash"
                           },
                           {
                               "Value":  "SetValue"
                           },
                           {
                               "Value":  "2025-02-25 06:32:26.772"
                           },
                           {
                               "Value":  "43199d79-63d4-67bd-0301-000000001000"
                           },
                           {
                               "Value":  7396
                           },
                           {
                               "Value":  "\\\\?\\C:\\Windows\\system32\\wbem\\WMIADAP.EXE"
                           },
                           {
                               "Value":  "HKLM\\SOFTWARE\\Microsoft\\Wbem\\PROVIDERS\\Performance\\Performance Refresh"
                           },
                           {
                               "Value":  "DWORD (0x00000000)"
                           },
                           {
                               "Value":  "NT AUTHORITY\\SYSTEM"
                           }
                       ],
        "Message":  null
    },
    {
        "Id":  13,
        "Version":  2,
        "Qualifiers":  null,
        "Level":  4,
        "Task":  13,
        "Opcode":  0,
        "Keywords":  -9223372036854775808,
        "RecordId":  4340,
        "ProviderName":  "Microsoft-Windows-Sysmon",
        "ProviderId":  "5770385f-c22a-43e0-bf4c-06f5698ffbd9",
        "LogName":  "Microsoft-Windows-Sysmon/Operational",
        "ProcessId":  2808,
        "ThreadId":  3828,
        "MachineName":  "MSEDGEWIN10",
        "UserId":  {
                       "BinaryLength":  12,
                       "AccountDomainSid":  null,
                       "Value":  "S-1-5-18"
                   },
        "TimeCreated":  "\/Date(1740465146774)\/",
        "ActivityId":  null,
        "RelatedActivityId":  null,
        "ContainerLog":  "d:\\gs1_rm556392\\c2.evtx",
        "MatchedQueryIds":  [

                            ],
        "Bookmark":  {

                     },
        "LevelDisplayName":  null,
        "OpcodeDisplayName":  null,
        "TaskDisplayName":  null,
        "KeywordsDisplayNames":  null,
        "Properties":  [
                           {
                               "Value":  "Suspicious,ImageBeginWithBackslash"
                           },
                           {
                               "Value":  "SetValue"
                           },
                           {
                               "Value":  "2025-02-25 06:32:26.772"
                           },
                           {
                               "Value":  "43199d79-63d4-67bd-0301-000000001000"
                           },
                           {
                               "Value":  7396
                           },
                           {
                               "Value":  "\\\\?\\C:\\Windows\\system32\\wbem\\WMIADAP.EXE"
                           },
                           {
                               "Value":  "HKLM\\SOFTWARE\\Microsoft\\Wbem\\PROVIDERS\\Performance\\Performance Refreshed"
                           },
                           {
                               "Value":  "DWORD (0x00000001)"
                           },
                           {
                               "Value":  "NT AUTHORITY\\SYSTEM"
                           }
                       ],
        "Message":  null
    },
    {
        "Id":  1,
        "Version":  5,
        "Qualifiers":  null,
        "Level":  4,
        "Task":  1,
        "Opcode":  0,
        "Keywords":  -9223372036854775808,
        "RecordId":  4341,
        "ProviderName":  "Microsoft-Windows-Sysmon",
        "ProviderId":  "5770385f-c22a-43e0-bf4c-06f5698ffbd9",
        "LogName":  "Microsoft-Windows-Sysmon/Operational",
        "ProcessId":  2808,
        "ThreadId":  3828,
        "MachineName":  "MSEDGEWIN10",
        "UserId":  {
                       "BinaryLength":  12,
                       "AccountDomainSid":  null,
                       "Value":  "S-1-5-18"
                   },
        "TimeCreated":  "\/Date(1740465154116)\/",
        "ActivityId":  null,
        "RelatedActivityId":  null,
        "ContainerLog":  "d:\\gs1_rm556392\\c2.evtx",
        "MatchedQueryIds":  [

                            ],
        "Bookmark":  {

                     },
        "LevelDisplayName":  null,
        "OpcodeDisplayName":  null,
        "TaskDisplayName":  null,
        "KeywordsDisplayNames":  null,
        "Properties":  [
                           {
                               "Value":  "-"
                           },
                           {
                               "Value":  "2025-02-25 06:32:34.110"
                           },
                           {
                               "Value":  "43199d79-6402-67bd-0c01-000000001000"
                           },
                           {
                               "Value":  6836
                           },
                           {
                               "Value":  "C:\\Windows\\System32\\net.exe"
                           },
                           {
                               "Value":  "10.0.17763.1 (WinBuild.160101.0800)"
                           },
                           {
                               "Value":  "Net Command"
                           },
                           {
                               "Value":  "Microsoft® Windows® Operating System"
                           },
                           {
                               "Value":  "Microsoft Corporation"
                           },
                           {
                               "Value":  "net.exe"
                           },
                           {
                               "Value":  "net  user /domain"
                           },
                           {
                               "Value":  "C:\\Windows\\system32\\"
                           },
                           {
                               "Value":  "MSEDGEWIN10\\IEUser"
                           },
                           {
                               "Value":  "43199d79-62fe-67bd-0c3c-040000000000"
                           },
                           {
                               "Value":  277516
                           },
                           {
                               "Value":  1
                           },
                           {
                               "Value":  "High"
                           },
                           {
                               "Value":  "MD5=AE61D8F04BCDE8158304067913160B31,SHA256=25C8266D2BC1D5626DCDF72419838B397D28D44D00AC09F02FF4E421B43EC369,IMPHASH=57F0C47AE2A1A2C06C8B987372AB0B07"
                           },
                           {
                               "Value":  "43199d79-63f2-67bd-0801-000000001000"
                           },
                           {
                               "Value":  4152
                           },
                           {
                               "Value":  "C:\\Windows\\System32\\cmd.exe"
                           },
                           {
                               "Value":  "\"C:\\Windows\\system32\\cmd.exe\" "
                           },
                           {
                               "Value":  "MSEDGEWIN10\\IEUser"
                           }
                       ],
        "Message":  null
    },
    {
        "Id":  1,
        "Version":  5,
        "Qualifiers":  null,
        "Level":  4,
        "Task":  1,
        "Opcode":  0,
        "Keywords":  -9223372036854775808,
        "RecordId":  4342,
        "ProviderName":  "Microsoft-Windows-Sysmon",
        "ProviderId":  "5770385f-c22a-43e0-bf4c-06f5698ffbd9",
        "LogName":  "Microsoft-Windows-Sysmon/Operational",
        "ProcessId":  2808,
        "ThreadId":  3828,
        "MachineName":  "MSEDGEWIN10",
        "UserId":  {
                       "BinaryLength":  12,
                       "AccountDomainSid":  null,
                       "Value":  "S-1-5-18"
                   },
        "TimeCreated":  "\/Date(1740465154132)\/",
        "ActivityId":  null,
        "RelatedActivityId":  null,
        "ContainerLog":  "d:\\gs1_rm556392\\c2.evtx",
        "MatchedQueryIds":  [

                            ],
        "Bookmark":  {

                     },
        "LevelDisplayName":  null,
        "OpcodeDisplayName":  null,
        "TaskDisplayName":  null,
        "KeywordsDisplayNames":  null,
        "Properties":  [
                           {
                               "Value":  "-"
                           },
                           {
                               "Value":  "2025-02-25 06:32:34.128"
                           },
                           {
                               "Value":  "43199d79-6402-67bd-0d01-000000001000"
                           },
                           {
                               "Value":  7044
                           },
                           {
                               "Value":  "C:\\Windows\\System32\\net1.exe"
                           },
                           {
                               "Value":  "10.0.17763.1 (WinBuild.160101.0800)"
                           },
                           {
                               "Value":  "Net Command"
                           },
                           {
                               "Value":  "Microsoft® Windows® Operating System"
                           },
                           {
                               "Value":  "Microsoft Corporation"
                           },
                           {
                               "Value":  "net1.exe"
                           },
                           {
                               "Value":  "C:\\Windows\\system32\\net1  user /domain"
                           },
                           {
                               "Value":  "C:\\Windows\\system32\\"
                           },
                           {
                               "Value":  "MSEDGEWIN10\\IEUser"
                           },
                           {
                               "Value":  "43199d79-62fe-67bd-0c3c-040000000000"
                           },
                           {
                               "Value":  277516
                           },
                           {
                               "Value":  1
                           },
                           {
                               "Value":  "High"
                           },
                           {
                               "Value":  "MD5=63DD4523677E62A73A8A7494DB321EA2,SHA256=C687157FD58EAA51757CDA87D06C30953A31F03F5356B9F5A9C004FA4BAD4BF5,IMPHASH=41DBA1AF77E1A2260F0CE46D59ADCB5E"
                           },
                           {
                               "Value":  "43199d79-6402-67bd-0c01-000000001000"
                           },
                           {
                               "Value":  6836
                           },
                           {
                               "Value":  "C:\\Windows\\System32\\net.exe"
                           },
                           {
                               "Value":  "net  user /domain"
                           },
                           {
                               "Value":  "MSEDGEWIN10\\IEUser"
                           }
                       ],
        "Message":  null
    },
    {
        "Id":  22,
        "Version":  5,
        "Qualifiers":  null,
        "Level":  4,
        "Task":  22,
        "Opcode":  0,
        "Keywords":  -9223372036854775808,
        "RecordId":  4343,
        "ProviderName":  "Microsoft-Windows-Sysmon",
        "ProviderId":  "5770385f-c22a-43e0-bf4c-06f5698ffbd9",
        "LogName":  "Microsoft-Windows-Sysmon/Operational",
        "ProcessId":  2808,
        "ThreadId":  3868,
        "MachineName":  "MSEDGEWIN10",
        "UserId":  {
                       "BinaryLength":  12,
                       "AccountDomainSid":  null,
                       "Value":  "S-1-5-18"
                   },
        "TimeCreated":  "\/Date(1740465176526)\/",
        "ActivityId":  null,
        "RelatedActivityId":  null,
        "ContainerLog":  "d:\\gs1_rm556392\\c2.evtx",
        "MatchedQueryIds":  [

                            ],
        "Bookmark":  {

                     },
        "LevelDisplayName":  null,
        "OpcodeDisplayName":  null,
        "TaskDisplayName":  null,
        "KeywordsDisplayNames":  null,
        "Properties":  [
                           {
                               "Value":  "-"
                           },
                           {
                               "Value":  "2025-02-25 06:33:20.382"
                           },
                           {
                               "Value":  "43199d79-6306-67bd-8600-000000001000"
                           },
                           {
                               "Value":  5208
                           },
                           {
                               "Value":  "16044015429907528220c0c5b0e99eed.azr.footprintdns.com"
                           },
                           {
                               "Value":  "0"
                           },
                           {
                               "Value":  "type:  5 azperfmaptargets-prod.trafficmanager.net;type:  5 zrh20prdapp02-canary.netmon.azure.com;type:  5 zrh20prdapp02-canary.switzerlandnorth.cloudapp.azure.com;::ffff:20.203.155.189;"
                           },
                           {
                               "Value":  "C:\\Windows\\SystemApps\\Microsoft.Windows.Cortana_cw5n1h2txyewy\\SearchUI.exe"
                           },
                           {
                               "Value":  "MSEDGEWIN10\\IEUser"
                           }
                       ],
        "Message":  null
    },
    {
        "Id":  1,
        "Version":  5,
        "Qualifiers":  null,
        "Level":  4,
        "Task":  1,
        "Opcode":  0,
        "Keywords":  -9223372036854775808,
        "RecordId":  4344,
        "ProviderName":  "Microsoft-Windows-Sysmon",
        "ProviderId":  "5770385f-c22a-43e0-bf4c-06f5698ffbd9",
        "LogName":  "Microsoft-Windows-Sysmon/Operational",
        "ProcessId":  2808,
        "ThreadId":  3828,
        "MachineName":  "MSEDGEWIN10",
        "UserId":  {
                       "BinaryLength":  12,
                       "AccountDomainSid":  null,
                       "Value":  "S-1-5-18"
                   },
        "TimeCreated":  "\/Date(1740465180048)\/",
        "ActivityId":  null,
        "RelatedActivityId":  null,
        "ContainerLog":  "d:\\gs1_rm556392\\c2.evtx",
        "MatchedQueryIds":  [

                            ],
        "Bookmark":  {

                     },
        "LevelDisplayName":  null,
        "OpcodeDisplayName":  null,
        "TaskDisplayName":  null,
        "KeywordsDisplayNames":  null,
        "Properties":  [
                           {
                               "Value":  "-"
                           },
                           {
                               "Value":  "2025-02-25 06:33:00.027"
                           },
                           {
                               "Value":  "43199d79-641c-67bd-0e01-000000001000"
                           },
                           {
                               "Value":  9724
                           },
                           {
                               "Value":  "C:\\Windows\\System32\\WindowsPowerShell\\v1.0\\powershell.exe"
                           },
                           {
                               "Value":  "10.0.17763.1 (WinBuild.160101.0800)"
                           },
                           {
                               "Value":  "Windows PowerShell"
                           },
                           {
                               "Value":  "Microsoft® Windows® Operating System"
                           },
                           {
                               "Value":  "Microsoft Corporation"
                           },
                           {
                               "Value":  "PowerShell.EXE"
                           },
                           {
                               "Value":  "\"C:\\Windows\\System32\\WindowsPowerShell\\v1.0\\powershell.exe\" "
                           },
                           {
                               "Value":  "C:\\Users\\IEUser\\"
                           },
                           {
                               "Value":  "MSEDGEWIN10\\IEUser"
                           },
                           {
                               "Value":  "43199d79-62fe-67bd-3c3c-040000000000"
                           },
                           {
                               "Value":  277564
                           },
                           {
                               "Value":  1
                           },
                           {
                               "Value":  "Medium"
                           },
                           {
                               "Value":  "MD5=7353F60B1739074EB17C5F4DDDEFE239,SHA256=DE96A6E69944335375DC1AC238336066889D9FFC7D73628EF4FE1B1B160AB32C,IMPHASH=741776AACCFC5B71FF59832DCDCACE0F"
                           },
                           {
                               "Value":  "43199d79-6302-67bd-8300-000000001000"
                           },
                           {
                               "Value":  4208
                           },
                           {
                               "Value":  "C:\\Windows\\explorer.exe"
                           },
                           {
                               "Value":  "C:\\Windows\\Explorer.EXE"
                           },
                           {
                               "Value":  "MSEDGEWIN10\\IEUser"
                           }
                       ],
        "Message":  null
    },
    {
        "Id":  11,
        "Version":  2,
        "Qualifiers":  null,
        "Level":  4,
        "Task":  11,
        "Opcode":  0,
        "Keywords":  -9223372036854775808,
        "RecordId":  4345,
        "ProviderName":  "Microsoft-Windows-Sysmon",
        "ProviderId":  "5770385f-c22a-43e0-bf4c-06f5698ffbd9",
        "LogName":  "Microsoft-Windows-Sysmon/Operational",
        "ProcessId":  2808,
        "ThreadId":  3828,
        "MachineName":  "MSEDGEWIN10",
        "UserId":  {
                       "BinaryLength":  12,
                       "AccountDomainSid":  null,
                       "Value":  "S-1-5-18"
                   },
        "TimeCreated":  "\/Date(1740465182293)\/",
        "ActivityId":  null,
        "RelatedActivityId":  null,
        "ContainerLog":  "d:\\gs1_rm556392\\c2.evtx",
        "MatchedQueryIds":  [

                            ],
        "Bookmark":  {

                     },
        "LevelDisplayName":  null,
        "OpcodeDisplayName":  null,
        "TaskDisplayName":  null,
        "KeywordsDisplayNames":  null,
        "Properties":  [
                           {
                               "Value":  "-"
                           },
                           {
                               "Value":  "2025-02-25 06:33:02.280"
                           },
                           {
                               "Value":  "43199d79-641c-67bd-0e01-000000001000"
                           },
                           {
                               "Value":  9724
                           },
                           {
                               "Value":  "C:\\Windows\\System32\\WindowsPowerShell\\v1.0\\powershell.exe"
                           },
                           {
                               "Value":  "C:\\Users\\IEUser\\AppData\\Local\\Temp\\__PSScriptPolicyTest_bjnox2el.qkz.ps1"
                           },
                           {
                               "Value":  "2025-02-25 06:33:02.280"
                           },
                           {
                               "Value":  "MSEDGEWIN10\\IEUser"
                           }
                       ],
        "Message":  null
    },
    {
        "Id":  22,
        "Version":  5,
        "Qualifiers":  null,
        "Level":  4,
        "Task":  22,
        "Opcode":  0,
        "Keywords":  -9223372036854775808,
        "RecordId":  4346,
        "ProviderName":  "Microsoft-Windows-Sysmon",
        "ProviderId":  "5770385f-c22a-43e0-bf4c-06f5698ffbd9",
        "LogName":  "Microsoft-Windows-Sysmon/Operational",
        "ProcessId":  2808,
        "ThreadId":  3868,
        "MachineName":  "MSEDGEWIN10",
        "UserId":  {
                       "BinaryLength":  12,
                       "AccountDomainSid":  null,
                       "Value":  "S-1-5-18"
                   },
        "TimeCreated":  "\/Date(1740465183000)\/",
        "ActivityId":  null,
        "RelatedActivityId":  null,
        "ContainerLog":  "d:\\gs1_rm556392\\c2.evtx",
        "MatchedQueryIds":  [

                            ],
        "Bookmark":  {

                     },
        "LevelDisplayName":  null,
        "OpcodeDisplayName":  null,
        "TaskDisplayName":  null,
        "KeywordsDisplayNames":  null,
        "Properties":  [
                           {
                               "Value":  "-"
                           },
                           {
                               "Value":  "2025-02-25 06:33:28.396"
                           },
                           {
                               "Value":  "43199d79-6306-67bd-8600-000000001000"
                           },
                           {
                               "Value":  5208
                           },
                           {
                               "Value":  "fp-afd.azurefd.net"
                           },
                           {
                               "Value":  "0"
                           },
                           {
                               "Value":  "type:  5 azurefd-t-prod.trafficmanager.net;type:  5 shed.dual-low.s-part-0005.t-0009.t-msedge.net;type:  5 s-part-0005.t-0009.t-msedge.net;::ffff:13.107.246.33;"
                           },
                           {
                               "Value":  "C:\\Windows\\SystemApps\\Microsoft.Windows.Cortana_cw5n1h2txyewy\\SearchUI.exe"
                           },
                           {
                               "Value":  "MSEDGEWIN10\\IEUser"
                           }
                       ],
        "Message":  null
    },
    {
        "Id":  13,
        "Version":  2,
        "Qualifiers":  null,
        "Level":  4,
        "Task":  13,
        "Opcode":  0,
        "Keywords":  -9223372036854775808,
        "RecordId":  4347,
        "ProviderName":  "Microsoft-Windows-Sysmon",
        "ProviderId":  "5770385f-c22a-43e0-bf4c-06f5698ffbd9",
        "LogName":  "Microsoft-Windows-Sysmon/Operational",
        "ProcessId":  2808,
        "ThreadId":  3828,
        "MachineName":  "MSEDGEWIN10",
        "UserId":  {
                       "BinaryLength":  12,
                       "AccountDomainSid":  null,
                       "Value":  "S-1-5-18"
                   },
        "TimeCreated":  "\/Date(1740465183274)\/",
        "ActivityId":  null,
        "RelatedActivityId":  null,
        "ContainerLog":  "d:\\gs1_rm556392\\c2.evtx",
        "MatchedQueryIds":  [

                            ],
        "Bookmark":  {

                     },
        "LevelDisplayName":  null,
        "OpcodeDisplayName":  null,
        "TaskDisplayName":  null,
        "KeywordsDisplayNames":  null,
        "Properties":  [
                           {
                               "Value":  "T1042"
                           },
                           {
                               "Value":  "SetValue"
                           },
                           {
                               "Value":  "2025-02-25 06:33:03.265"
                           },
                           {
                               "Value":  "43199d79-6302-67bd-8300-000000001000"
                           },
                           {
                               "Value":  4208
                           },
                           {
                               "Value":  "C:\\Windows\\Explorer.EXE"
                           },
                           {
                               "Value":  "HKU\\S-1-5-21-321011808-3761883066-353627080-1000\\Software\\Microsoft\\Windows\\CurrentVersion\\Explorer\\FileExts\\.exe\\OpenWithProgids\\exefile"
                           },
                           {
                               "Value":  "Binary Data"
                           },
                           {
                               "Value":  "MSEDGEWIN10\\IEUser"
                           }
                       ],
        "Message":  null
    },
    {
        "Id":  22,
        "Version":  5,
        "Qualifiers":  null,
        "Level":  4,
        "Task":  22,
        "Opcode":  0,
        "Keywords":  -9223372036854775808,
        "RecordId":  4348,
        "ProviderName":  "Microsoft-Windows-Sysmon",
        "ProviderId":  "5770385f-c22a-43e0-bf4c-06f5698ffbd9",
        "LogName":  "Microsoft-Windows-Sysmon/Operational",
        "ProcessId":  2808,
        "ThreadId":  3868,
        "MachineName":  "MSEDGEWIN10",
        "UserId":  {
                       "BinaryLength":  12,
                       "AccountDomainSid":  null,
                       "Value":  "S-1-5-18"
                   },
        "TimeCreated":  "\/Date(1740465183931)\/",
        "ActivityId":  null,
        "RelatedActivityId":  null,
        "ContainerLog":  "d:\\gs1_rm556392\\c2.evtx",
        "MatchedQueryIds":  [

                            ],
        "Bookmark":  {

                     },
        "LevelDisplayName":  null,
        "OpcodeDisplayName":  null,
        "TaskDisplayName":  null,
        "KeywordsDisplayNames":  null,
        "Properties":  [
                           {
                               "Value":  "-"
                           },
                           {
                               "Value":  "2025-02-25 06:33:28.562"
                           },
                           {
                               "Value":  "43199d79-6306-67bd-8600-000000001000"
                           },
                           {
                               "Value":  5208
                           },
                           {
                               "Value":  "d939de4732a8c70972e66ae83d3805ba.azr.footprintdns.com"
                           },
                           {
                               "Value":  "0"
                           },
                           {
                               "Value":  "type:  5 azperfmaptargets-prod.trafficmanager.net;type:  5 zrh20prdapp02-canary.netmon.azure.com;type:  5 zrh20prdapp02-canary.switzerlandnorth.cloudapp.azure.com;::ffff:20.203.155.189;"
                           },
                           {
                               "Value":  "C:\\Windows\\SystemApps\\Microsoft.Windows.Cortana_cw5n1h2txyewy\\SearchUI.exe"
                           },
                           {
                               "Value":  "MSEDGEWIN10\\IEUser"
                           }
                       ],
        "Message":  null
    },
    {
        "Id":  1,
        "Version":  5,
        "Qualifiers":  null,
        "Level":  4,
        "Task":  1,
        "Opcode":  0,
        "Keywords":  -9223372036854775808,
        "RecordId":  4349,
        "ProviderName":  "Microsoft-Windows-Sysmon",
        "ProviderId":  "5770385f-c22a-43e0-bf4c-06f5698ffbd9",
        "LogName":  "Microsoft-Windows-Sysmon/Operational",
        "ProcessId":  2808,
        "ThreadId":  3828,
        "MachineName":  "MSEDGEWIN10",
        "UserId":  {
                       "BinaryLength":  12,
                       "AccountDomainSid":  null,
                       "Value":  "S-1-5-18"
                   },
        "TimeCreated":  "\/Date(1740465338459)\/",
        "ActivityId":  null,
        "RelatedActivityId":  null,
        "ContainerLog":  "d:\\gs1_rm556392\\c2.evtx",
        "MatchedQueryIds":  [

                            ],
        "Bookmark":  {

                     },
        "LevelDisplayName":  null,
        "OpcodeDisplayName":  null,
        "TaskDisplayName":  null,
        "KeywordsDisplayNames":  null,
        "Properties":  [
                           {
                               "Value":  "-"
                           },
                           {
                               "Value":  "2025-02-25 06:35:38.454"
                           },
                           {
                               "Value":  "43199d79-64ba-67bd-1101-000000001000"
                           },
                           {
                               "Value":  2948
                           },
                           {
                               "Value":  "C:\\Windows\\System32\\OpenWith.exe"
                           },
                           {
                               "Value":  "10.0.17763.1 (WinBuild.160101.0800)"
                           },
                           {
                               "Value":  "Pick an app"
                           },
                           {
                               "Value":  "Microsoft® Windows® Operating System"
                           },
                           {
                               "Value":  "Microsoft Corporation"
                           },
                           {
                               "Value":  "OpenWith.exe"
                           },
                           {
                               "Value":  "C:\\Windows\\system32\\OpenWith.exe -Embedding"
                           },
                           {
                               "Value":  "C:\\Windows\\system32\\"
                           },
                           {
                               "Value":  "MSEDGEWIN10\\IEUser"
                           },
                           {
                               "Value":  "43199d79-62fe-67bd-3c3c-040000000000"
                           },
                           {
                               "Value":  277564
                           },
                           {
                               "Value":  1
                           },
                           {
                               "Value":  "Medium"
                           },
                           {
                               "Value":  "MD5=D57DC11AAD44C1A370128453497C6E95,SHA256=567DD48DF79A3AF4BAE2DDFEE7032CBE889C04E4C19414672CF9EE4543A7B8D3,IMPHASH=01127AB7F0C3DB972F554822D5100369"
                           },
                           {
                               "Value":  "43199d79-62f1-67bd-1000-000000001000"
                           },
                           {
                               "Value":  768
                           },
                           {
                               "Value":  "C:\\Windows\\System32\\svchost.exe"
                           },
                           {
                               "Value":  "C:\\Windows\\system32\\svchost.exe -k DcomLaunch -p"
                           },
                           {
                               "Value":  "NT AUTHORITY\\SYSTEM"
                           }
                       ],
        "Message":  null
    },
    {
        "Id":  22,
        "Version":  5,
        "Qualifiers":  null,
        "Level":  4,
        "Task":  22,
        "Opcode":  0,
        "Keywords":  -9223372036854775808,
        "RecordId":  4350,
        "ProviderName":  "Microsoft-Windows-Sysmon",
        "ProviderId":  "5770385f-c22a-43e0-bf4c-06f5698ffbd9",
        "LogName":  "Microsoft-Windows-Sysmon/Operational",
        "ProcessId":  2808,
        "ThreadId":  3868,
        "MachineName":  "MSEDGEWIN10",
        "UserId":  {
                       "BinaryLength":  12,
                       "AccountDomainSid":  null,
                       "Value":  "S-1-5-18"
                   },
        "TimeCreated":  "\/Date(1740465342784)\/",
        "ActivityId":  null,
        "RelatedActivityId":  null,
        "ContainerLog":  "d:\\gs1_rm556392\\c2.evtx",
        "MatchedQueryIds":  [

                            ],
        "Bookmark":  {

                     },
        "LevelDisplayName":  null,
        "OpcodeDisplayName":  null,
        "TaskDisplayName":  null,
        "KeywordsDisplayNames":  null,
        "Properties":  [
                           {
                               "Value":  "-"
                           },
                           {
                               "Value":  "2025-02-25 06:36:25.797"
                           },
                           {
                               "Value":  "43199d79-634b-67bd-cd00-000000001000"
                           },
                           {
                               "Value":  10232
                           },
                           {
                               "Value":  "hackudo.com"
                           },
                           {
                               "Value":  "0"
                           },
                           {
                               "Value":  "::ffff:192.168.208.182;"
                           },
                           {
                               "Value":  "C:\\Windows\\SystemApps\\Microsoft.MicrosoftEdge_8wekyb3d8bbwe\\MicrosoftEdge.exe"
                           },
                           {
                               "Value":  "MSEDGEWIN10\\IEUser"
                           }
                       ],
        "Message":  null
    },
    {
        "Id":  22,
        "Version":  5,
        "Qualifiers":  null,
        "Level":  4,
        "Task":  22,
        "Opcode":  0,
        "Keywords":  -9223372036854775808,
        "RecordId":  4351,
        "ProviderName":  "Microsoft-Windows-Sysmon",
        "ProviderId":  "5770385f-c22a-43e0-bf4c-06f5698ffbd9",
        "LogName":  "Microsoft-Windows-Sysmon/Operational",
        "ProcessId":  2808,
        "ThreadId":  3868,
        "MachineName":  "MSEDGEWIN10",
        "UserId":  {
                       "BinaryLength":  12,
                       "AccountDomainSid":  null,
                       "Value":  "S-1-5-18"
                   },
        "TimeCreated":  "\/Date(1740465343676)\/",
        "ActivityId":  null,
        "RelatedActivityId":  null,
        "ContainerLog":  "d:\\gs1_rm556392\\c2.evtx",
        "MatchedQueryIds":  [

                            ],
        "Bookmark":  {

                     },
        "LevelDisplayName":  null,
        "OpcodeDisplayName":  null,
        "TaskDisplayName":  null,
        "KeywordsDisplayNames":  null,
        "Properties":  [
                           {
                               "Value":  "-"
                           },
                           {
                               "Value":  "2025-02-25 06:36:26.896"
                           },
                           {
                               "Value":  "43199d79-64be-67bd-1401-000000001000"
                           },
                           {
                               "Value":  7352
                           },
                           {
                               "Value":  "hackudo.com"
                           },
                           {
                               "Value":  "0"
                           },
                           {
                               "Value":  "::ffff:192.168.208.182;"
                           },
                           {
                               "Value":  "C:\\Windows\\System32\\MicrosoftEdgeCP.exe"
                           },
                           {
                               "Value":  "MSEDGEWIN10\\IEUser"
                           }
                       ],
        "Message":  null
    },
