    {
        "Id":  1,
        "Version":  5,
        "Qualifiers":  null,
        "Level":  4,
        "Task":  1,
        "Opcode":  0,
        "Keywords":  -9223372036854775808,
        "RecordId":  4364,
        "ProviderName":  "Microsoft-Windows-Sysmon",
        "ProviderId":  "5770385f-c22a-43e0-bf4c-06f5698ffbd9",
        "LogName":  "Microsoft-Windows-Sysmon/Operational",
        "ProcessId":  2808,
        "ThreadId":  3828,
        "MachineName":  "MSEDGEWIN10",
        "UserId":  {
                       "BinaryLength":  12,
                       "AccountDomainSid":  null,
                       "Value":  "S-1-5-18"
                   },
        "TimeCreated":  "\/Date(1740465609520)\/",
        "ActivityId":  null,
        "RelatedActivityId":  null,
        "ContainerLog":  "d:\\gs1_rm556392\\c2.evtx",
        "MatchedQueryIds":  [

                            ],
        "Bookmark":  {

                     },
        "LevelDisplayName":  null,
        "OpcodeDisplayName":  null,
        "TaskDisplayName":  null,
        "KeywordsDisplayNames":  null,
        "Properties":  [
                           {
                               "Value":  "-"
                           },
                           {
                               "Value":  "2025-02-25 06:40:09.514"
                           },
                           {
                               "Value":  "43199d79-65c9-67bd-2e01-000000001000"
                           },
                           {
                               "Value":  6876
                           },
                           {
                               "Value":  "C:\\Windows\\System32\\net.exe"
                           },
                           {
                               "Value":  "10.0.17763.1 (WinBuild.160101.0800)"
                           },
                           {
                               "Value":  "Net Command"
                           },
                           {
                               "Value":  "Microsoft® Windows® Operating System"
                           },
                           {
                               "Value":  "Microsoft Corporation"
                           },
                           {
                               "Value":  "net.exe"
                           },
                           {
                               "Value":  "net  user tonhodalua 123456 /ADD"
                           },
                           {
                               "Value":  "C:\\Windows\\system32\\"
                           },
                           {
                               "Value":  "MSEDGEWIN10\\IEUser"
                           },
                           {
                               "Value":  "43199d79-62fe-67bd-0c3c-040000000000"
                           },
                           {
                               "Value":  277516
                           },
                           {
                               "Value":  1
                           },
                           {
                               "Value":  "High"
                           },
                           {
                               "Value":  "MD5=AE61D8F04BCDE8158304067913160B31,SHA256=25C8266D2BC1D5626DCDF72419838B397D28D44D00AC09F02FF4E421B43EC369,IMPHASH=57F0C47AE2A1A2C06C8B987372AB0B07"
                           },
                           {
                               "Value":  "43199d79-63f2-67bd-0801-000000001000"
                           },
                           {
                               "Value":  4152
                           },
                           {
                               "Value":  "C:\\Windows\\System32\\cmd.exe"
                           },
                           {
                               "Value":  "\"C:\\Windows\\system32\\cmd.exe\" "
                           },
                           {
                               "Value":  "MSEDGEWIN10\\IEUser"
                           }
                       ],
        "Message":  null
    },
    {
        "Id":  1,
        "Version":  5,
        "Qualifiers":  null,
        "Level":  4,
        "Task":  1,
        "Opcode":  0,
        "Keywords":  -9223372036854775808,
        "RecordId":  4365,
        "ProviderName":  "Microsoft-Windows-Sysmon",
        "ProviderId":  "5770385f-c22a-43e0-bf4c-06f5698ffbd9",
        "LogName":  "Microsoft-Windows-Sysmon/Operational",
        "ProcessId":  2808,
        "ThreadId":  3828,
        "MachineName":  "MSEDGEWIN10",
        "UserId":  {
                       "BinaryLength":  12,
                       "AccountDomainSid":  null,
                       "Value":  "S-1-5-18"
                   },
        "TimeCreated":  "\/Date(1740465609536)\/",
        "ActivityId":  null,
        "RelatedActivityId":  null,
        "ContainerLog":  "d:\\gs1_rm556392\\c2.evtx",
        "MatchedQueryIds":  [

                            ],
        "Bookmark":  {

                     },
        "LevelDisplayName":  null,
        "OpcodeDisplayName":  null,
        "TaskDisplayName":  null,
        "KeywordsDisplayNames":  null,
        "Properties":  [
                           {
                               "Value":  "-"
                           },
                           {
                               "Value":  "2025-02-25 06:40:09.531"
                           },
                           {
                               "Value":  "43199d79-65c9-67bd-2f01-000000001000"
                           },
                           {
                               "Value":  6088
                           },
                           {
                               "Value":  "C:\\Windows\\System32\\net1.exe"
                           },
                           {
                               "Value":  "10.0.17763.1 (WinBuild.160101.0800)"
                           },
                           {
                               "Value":  "Net Command"
                           },
                           {
                               "Value":  "Microsoft® Windows® Operating System"
                           },
                           {
                               "Value":  "Microsoft Corporation"
                           },
                           {
                               "Value":  "net1.exe"
                           },
                           {
                               "Value":  "C:\\Windows\\system32\\net1  user tonhodalua 123456 /ADD"
                           },
                           {
                               "Value":  "C:\\Windows\\system32\\"
                           },
                           {
                               "Value":  "MSEDGEWIN10\\IEUser"
                           },
                           {
                               "Value":  "43199d79-62fe-67bd-0c3c-040000000000"
                           },
                           {
                               "Value":  277516
                           },
                           {
                               "Value":  1
                           },
                           {
                               "Value":  "High"
                           },
                           {
                               "Value":  "MD5=63DD4523677E62A73A8A7494DB321EA2,SHA256=C687157FD58EAA51757CDA87D06C30953A31F03F5356B9F5A9C004FA4BAD4BF5,IMPHASH=41DBA1AF77E1A2260F0CE46D59ADCB5E"
                           },
                           {
                               "Value":  "43199d79-65c9-67bd-2e01-000000001000"
                           },
                           {
                               "Value":  6876
                           },
                           {
                               "Value":  "C:\\Windows\\System32\\net.exe"
                           },
                           {
                               "Value":  "net  user tonhodalua 123456 /ADD"
                           },
                           {
                               "Value":  "MSEDGEWIN10\\IEUser"
                           }
                       ],
        "Message":  null
    },
    {
        "Id":  1,
        "Version":  5,
        "Qualifiers":  null,
        "Level":  4,
        "Task":  1,
        "Opcode":  0,
        "Keywords":  -9223372036854775808,
        "RecordId":  4366,
        "ProviderName":  "Microsoft-Windows-Sysmon",
        "ProviderId":  "5770385f-c22a-43e0-bf4c-06f5698ffbd9",
        "LogName":  "Microsoft-Windows-Sysmon/Operational",
        "ProcessId":  2808,
        "ThreadId":  3828,
        "MachineName":  "MSEDGEWIN10",
        "UserId":  {
                       "BinaryLength":  12,
                       "AccountDomainSid":  null,
                       "Value":  "S-1-5-18"
                   },
        "TimeCreated":  "\/Date(1740465653583)\/",
        "ActivityId":  null,
        "RelatedActivityId":  null,
        "ContainerLog":  "d:\\gs1_rm556392\\c2.evtx",
        "MatchedQueryIds":  [

                            ],
        "Bookmark":  {

                     },
        "LevelDisplayName":  null,
        "OpcodeDisplayName":  null,
        "TaskDisplayName":  null,
        "KeywordsDisplayNames":  null,
        "Properties":  [
                           {
                               "Value":  "-"
                           },
                           {
                               "Value":  "2025-02-25 06:40:53.575"
                           },
                           {
                               "Value":  "43199d79-65f5-67bd-3001-000000001000"
                           },
                           {
                               "Value":  9116
                           },
                           {
                               "Value":  "C:\\Windows\\System32\\WindowsPowerShell\\v1.0\\powershell.exe"
                           },
                           {
                               "Value":  "10.0.17763.1 (WinBuild.160101.0800)"
                           },
                           {
                               "Value":  "Windows PowerShell"
                           },
                           {
                               "Value":  "Microsoft® Windows® Operating System"
                           },
                           {
                               "Value":  "Microsoft Corporation"
                           },
                           {
                               "Value":  "PowerShell.EXE"
                           },
                           {
                               "Value":  "\"C:\\Windows\\System32\\WindowsPowerShell\\v1.0\\powershell.exe\" "
                           },
                           {
                               "Value":  "C:\\Users\\IEUser\\"
                           },
                           {
                               "Value":  "MSEDGEWIN10\\IEUser"
                           },
                           {
                               "Value":  "43199d79-62fe-67bd-3c3c-040000000000"
                           },
                           {
                               "Value":  277564
                           },
                           {
                               "Value":  1
                           },
                           {
                               "Value":  "Medium"
                           },
                           {
                               "Value":  "MD5=7353F60B1739074EB17C5F4DDDEFE239,SHA256=DE96A6E69944335375DC1AC238336066889D9FFC7D73628EF4FE1B1B160AB32C,IMPHASH=741776AACCFC5B71FF59832DCDCACE0F"
                           },
                           {
                               "Value":  "43199d79-6302-67bd-8300-000000001000"
                           },
                           {
                               "Value":  4208
                           },
                           {
                               "Value":  "C:\\Windows\\explorer.exe"
                           },
                           {
                               "Value":  "C:\\Windows\\Explorer.EXE"
                           },
                           {
                               "Value":  "MSEDGEWIN10\\IEUser"
                           }
                       ],
        "Message":  null
    },
    {
        "Id":  11,
        "Version":  2,
        "Qualifiers":  null,
        "Level":  4,
        "Task":  11,
        "Opcode":  0,
        "Keywords":  -9223372036854775808,
        "RecordId":  4367,
        "ProviderName":  "Microsoft-Windows-Sysmon",
        "ProviderId":  "5770385f-c22a-43e0-bf4c-06f5698ffbd9",
        "LogName":  "Microsoft-Windows-Sysmon/Operational",
        "ProcessId":  2808,
        "ThreadId":  3828,
        "MachineName":  "MSEDGEWIN10",
        "UserId":  {
                       "BinaryLength":  12,
                       "AccountDomainSid":  null,
                       "Value":  "S-1-5-18"
                   },
        "TimeCreated":  "\/Date(1740465655022)\/",
        "ActivityId":  null,
        "RelatedActivityId":  null,
        "ContainerLog":  "d:\\gs1_rm556392\\c2.evtx",
        "MatchedQueryIds":  [

                            ],
        "Bookmark":  {

                     },
        "LevelDisplayName":  null,
        "OpcodeDisplayName":  null,
        "TaskDisplayName":  null,
        "KeywordsDisplayNames":  null,
        "Properties":  [
                           {
                               "Value":  "-"
                           },
                           {
                               "Value":  "2025-02-25 06:40:55.015"
                           },
                           {
                               "Value":  "43199d79-65f5-67bd-3001-000000001000"
                           },
                           {
                               "Value":  9116
                           },
                           {
                               "Value":  "C:\\Windows\\System32\\WindowsPowerShell\\v1.0\\powershell.exe"
                           },
                           {
                               "Value":  "C:\\Users\\IEUser\\AppData\\Local\\Temp\\__PSScriptPolicyTest_bx5fzurs.nzq.ps1"
                           },
                           {
                               "Value":  "2025-02-25 06:40:55.015"
                           },
                           {
                               "Value":  "MSEDGEWIN10\\IEUser"
                           }
                       ],
        "Message":  null
    },
    {
        "Id":  22,
        "Version":  5,
        "Qualifiers":  null,
        "Level":  4,
        "Task":  22,
        "Opcode":  0,
        "Keywords":  -9223372036854775808,
        "RecordId":  4368,
        "ProviderName":  "Microsoft-Windows-Sysmon",
        "ProviderId":  "5770385f-c22a-43e0-bf4c-06f5698ffbd9",
        "LogName":  "Microsoft-Windows-Sysmon/Operational",
        "ProcessId":  2808,
        "ThreadId":  3868,
        "MachineName":  "MSEDGEWIN10",
        "UserId":  {
                       "BinaryLength":  12,
                       "AccountDomainSid":  null,
                       "Value":  "S-1-5-18"
                   },
        "TimeCreated":  "\/Date(1740465656427)\/",
        "ActivityId":  null,
        "RelatedActivityId":  null,
        "ContainerLog":  "d:\\gs1_rm556392\\c2.evtx",
        "MatchedQueryIds":  [

                            ],
        "Bookmark":  {

                     },
        "LevelDisplayName":  null,
        "OpcodeDisplayName":  null,
        "TaskDisplayName":  null,
        "KeywordsDisplayNames":  null,
        "Properties":  [
                           {
                               "Value":  "-"
                           },
                           {
                               "Value":  "2025-02-25 06:42:14.525"
                           },
                           {
                               "Value":  "43199d79-6306-67bd-8600-000000001000"
                           },
                           {
                               "Value":  5208
                           },
                           {
                               "Value":  "fp-afd.azureedge.us"
                           },
                           {
                               "Value":  "0"
                           },
                           {
                               "Value":  "type:  5 fp-afd.afd.azureedge.us;type:  5 afd.msedge.azure.us;type:  5 t-0001.msedge.azure.us;type:  5 eafd-3p-profile.usgovtrafficmanager.net;type:  5 eafd-ffgov-snr9b1-roxy-default-sni.aksroxy.azureedge.us;::ffff:20.140.56.69;"
                           },
                           {
                               "Value":  "C:\\Windows\\SystemApps\\Microsoft.Windows.Cortana_cw5n1h2txyewy\\SearchUI.exe"
                           },
                           {
                               "Value":  "MSEDGEWIN10\\IEUser"
                           }
                       ],
        "Message":  null
    },
    {
        "Id":  22,
        "Version":  5,
        "Qualifiers":  null,
        "Level":  4,
        "Task":  22,
        "Opcode":  0,
        "Keywords":  -9223372036854775808,
        "RecordId":  4369,
        "ProviderName":  "Microsoft-Windows-Sysmon",
        "ProviderId":  "5770385f-c22a-43e0-bf4c-06f5698ffbd9",
        "LogName":  "Microsoft-Windows-Sysmon/Operational",
        "ProcessId":  2808,
        "ThreadId":  3868,
        "MachineName":  "MSEDGEWIN10",
        "UserId":  {
                       "BinaryLength":  12,
                       "AccountDomainSid":  null,
                       "Value":  "S-1-5-18"
                   },
        "TimeCreated":  "\/Date(1740465658223)\/",
        "ActivityId":  null,
        "RelatedActivityId":  null,
        "ContainerLog":  "d:\\gs1_rm556392\\c2.evtx",
        "MatchedQueryIds":  [

                            ],
        "Bookmark":  {

                     },
        "LevelDisplayName":  null,
        "OpcodeDisplayName":  null,
        "TaskDisplayName":  null,
        "KeywordsDisplayNames":  null,
        "Properties":  [
                           {
                               "Value":  "-"
                           },
                           {
                               "Value":  "2025-02-25 06:42:15.699"
                           },
                           {
                               "Value":  "43199d79-6306-67bd-8600-000000001000"
                           },
                           {
                               "Value":  5208
                           },
                           {
                               "Value":  "036c656a529e12073f4c7cbea120d356.clo.footprintdns.com"
                           },
                           {
                               "Value":  "0"
                           },
                           {
                               "Value":  "type:  5 s-ring.msedge.net;type:  5 s-ring.s-9999.s-msedge.net;type:  5 s-9999.s-msedge.net;::ffff:13.107.3.254;"
                           },
                           {
                               "Value":  "C:\\Windows\\SystemApps\\Microsoft.Windows.Cortana_cw5n1h2txyewy\\SearchUI.exe"
                           },
                           {
                               "Value":  "MSEDGEWIN10\\IEUser"
                           }
                       ],
        "Message":  null
    },
    {
        "Id":  1,
        "Version":  5,
        "Qualifiers":  null,
        "Level":  4,
        "Task":  1,
        "Opcode":  0,
        "Keywords":  -9223372036854775808,
        "RecordId":  4370,
        "ProviderName":  "Microsoft-Windows-Sysmon",
        "ProviderId":  "5770385f-c22a-43e0-bf4c-06f5698ffbd9",
        "LogName":  "Microsoft-Windows-Sysmon/Operational",
        "ProcessId":  2808,
        "ThreadId":  3828,
        "MachineName":  "MSEDGEWIN10",
        "UserId":  {
                       "BinaryLength":  12,
                       "AccountDomainSid":  null,
                       "Value":  "S-1-5-18"
                   },
        "TimeCreated":  "\/Date(1740465698297)\/",
        "ActivityId":  null,
        "RelatedActivityId":  null,
        "ContainerLog":  "d:\\gs1_rm556392\\c2.evtx",
        "MatchedQueryIds":  [

                            ],
        "Bookmark":  {

                     },
        "LevelDisplayName":  null,
        "OpcodeDisplayName":  null,
        "TaskDisplayName":  null,
        "KeywordsDisplayNames":  null,
        "Properties":  [
                           {
                               "Value":  "-"
                           },
                           {
                               "Value":  "2025-02-25 06:41:38.292"
                           },
                           {
                               "Value":  "43199d79-6622-67bd-3401-000000001000"
                           },
                           {
                               "Value":  740
                           },
                           {
                               "Value":  "C:\\Windows\\System32\\taskhostw.exe"
                           },
                           {
                               "Value":  "10.0.17763.1 (WinBuild.160101.0800)"
                           },
                           {
                               "Value":  "Host Process for Windows Tasks"
                           },
                           {
                               "Value":  "Microsoft® Windows® Operating System"
                           },
                           {
                               "Value":  "Microsoft Corporation"
                           },
                           {
                               "Value":  "taskhostw.exe"
                           },
                           {
                               "Value":  "taskhostw.exe Logon"
                           },
                           {
                               "Value":  "C:\\Windows\\system32\\"
                           },
                           {
                               "Value":  "MSEDGEWIN10\\IEUser"
                           },
                           {
                               "Value":  "43199d79-62fe-67bd-3c3c-040000000000"
                           },
                           {
                               "Value":  277564
                           },
                           {
                               "Value":  1
                           },
                           {
                               "Value":  "Medium"
                           },
                           {
                               "Value":  "MD5=F225F37717C8D714B56CF21C7C1E9C34,SHA256=E272D0E33299BCA60479683EAE0D9B5D880293C01B337D5759FEE812EA631A39,IMPHASH=9839C7FD9649496B162F72128209528A"
                           },
                           {
                               "Value":  "43199d79-62f2-67bd-1a00-000000001000"
                           },
                           {
                               "Value":  1128
                           },
                           {
                               "Value":  "C:\\Windows\\System32\\svchost.exe"
                           },
                           {
                               "Value":  "C:\\Windows\\system32\\svchost.exe -k netsvcs -p -s Schedule"
                           },
                           {
                               "Value":  "NT AUTHORITY\\SYSTEM"
                           }
                       ],
        "Message":  null
    },
    {
        "Id":  22,
        "Version":  5,
        "Qualifiers":  null,
        "Level":  4,
        "Task":  22,
        "Opcode":  0,
        "Keywords":  -9223372036854775808,
        "RecordId":  4371,
        "ProviderName":  "Microsoft-Windows-Sysmon",
        "ProviderId":  "5770385f-c22a-43e0-bf4c-06f5698ffbd9",
        "LogName":  "Microsoft-Windows-Sysmon/Operational",
        "ProcessId":  2808,
        "ThreadId":  3868,
        "MachineName":  "MSEDGEWIN10",
        "UserId":  {
                       "BinaryLength":  12,
                       "AccountDomainSid":  null,
                       "Value":  "S-1-5-18"
                   },
        "TimeCreated":  "\/Date(1740465701098)\/",
        "ActivityId":  null,
        "RelatedActivityId":  null,
        "ContainerLog":  "d:\\gs1_rm556392\\c2.evtx",
        "MatchedQueryIds":  [

                            ],
        "Bookmark":  {

                     },
        "LevelDisplayName":  null,
        "OpcodeDisplayName":  null,
        "TaskDisplayName":  null,
        "KeywordsDisplayNames":  null,
        "Properties":  [
                           {
                               "Value":  "-"
                           },
                           {
                               "Value":  "2025-02-25 06:43:03.564"
                           },
                           {
                               "Value":  "43199d79-62f3-67bd-2a00-000000001000"
                           },
                           {
                               "Value":  1688
                           },
                           {
                               "Value":  "MSEDGEWIN10"
                           },
                           {
                               "Value":  "0"
                           },
                           {
                               "Value":  "fe80::d1b7:2334:df84:1757;192.168.208.184;"
                           },
                           {
                               "Value":  "C:\\Windows\\System32\\svchost.exe"
                           },
                           {
                               "Value":  "NT AUTHORITY\\NETWORK SERVICE"
                           }
                       ],
        "Message":  null
    }
]
