    {
        "Id":  13,
        "Version":  2,
        "Qualifiers":  null,
        "Level":  4,
        "Task":  13,
        "Opcode":  0,
        "Keywords":  -9223372036854775808,
        "RecordId":  4166,
        "ProviderName":  "Microsoft-Windows-Sysmon",
        "ProviderId":  "5770385f-c22a-43e0-bf4c-06f5698ffbd9",
        "LogName":  "Microsoft-Windows-Sysmon/Operational",
        "ProcessId":  2808,
        "ThreadId":  3828,
        "MachineName":  "MSEDGEWIN10",
        "UserId":  {
                       "BinaryLength":  12,
                       "AccountDomainSid":  null,
                       "Value":  "S-1-5-18"
                   },
        "TimeCreated":  "\/Date(1740464894843)\/",
        "ActivityId":  null,
        "RelatedActivityId":  null,
        "ContainerLog":  "d:\\gs1_rm556392\\c2.evtx",
        "MatchedQueryIds":  [

                            ],
        "Bookmark":  {

                     },
        "LevelDisplayName":  null,
        "OpcodeDisplayName":  null,
        "TaskDisplayName":  null,
        "KeywordsDisplayNames":  null,
        "Properties":  [
                           {
                               "Value":  "T1031,T1050"
                           },
                           {
                               "Value":  "SetValue"
                           },
                           {
                               "Value":  "2025-02-25 06:28:14.815"
                           },
                           {
                               "Value":  "43199d79-62f1-67bd-0b00-000000001000"
                           },
                           {
                               "Value":  616
                           },
                           {
                               "Value":  "C:\\Windows\\system32\\services.exe"
                           },
                           {
                               "Value":  "HKLM\\System\\CurrentControlSet\\Services\\UnistoreSvc_45c7b\\Start"
                           },
                           {
                               "Value":  "DWORD (0x00000003)"
                           },
                           {
                               "Value":  "NT AUTHORITY\\SYSTEM"
                           }
                       ],
        "Message":  null
    },
    {
        "Id":  13,
        "Version":  2,
        "Qualifiers":  null,
        "Level":  4,
        "Task":  13,
        "Opcode":  0,
        "Keywords":  -9223372036854775808,
        "RecordId":  4167,
        "ProviderName":  "Microsoft-Windows-Sysmon",
        "ProviderId":  "5770385f-c22a-43e0-bf4c-06f5698ffbd9",
        "LogName":  "Microsoft-Windows-Sysmon/Operational",
        "ProcessId":  2808,
        "ThreadId":  3828,
        "MachineName":  "MSEDGEWIN10",
        "UserId":  {
                       "BinaryLength":  12,
                       "AccountDomainSid":  null,
                       "Value":  "S-1-5-18"
                   },
        "TimeCreated":  "\/Date(1740464894844)\/",
        "ActivityId":  null,
        "RelatedActivityId":  null,
        "ContainerLog":  "d:\\gs1_rm556392\\c2.evtx",
        "MatchedQueryIds":  [

                            ],
        "Bookmark":  {

                     },
        "LevelDisplayName":  null,
        "OpcodeDisplayName":  null,
        "TaskDisplayName":  null,
        "KeywordsDisplayNames":  null,
        "Properties":  [
                           {
                               "Value":  "T1031,T1050"
                           },
                           {
                               "Value":  "SetValue"
                           },
                           {
                               "Value":  "2025-02-25 06:28:14.815"
                           },
                           {
                               "Value":  "43199d79-62f1-67bd-0b00-000000001000"
                           },
                           {
                               "Value":  616
                           },
                           {
                               "Value":  "C:\\Windows\\system32\\services.exe"
                           },
                           {
                               "Value":  "HKLM\\System\\CurrentControlSet\\Services\\UnistoreSvc_45c7b\\ImagePath"
                           },
                           {
                               "Value":  "C:\\Windows\\System32\\svchost.exe -k UnistackSvcGroup"
                           },
                           {
                               "Value":  "NT AUTHORITY\\SYSTEM"
                           }
                       ],
        "Message":  null
    },
    {
        "Id":  13,
        "Version":  2,
        "Qualifiers":  null,
        "Level":  4,
        "Task":  13,
        "Opcode":  0,
        "Keywords":  -9223372036854775808,
        "RecordId":  4168,
        "ProviderName":  "Microsoft-Windows-Sysmon",
        "ProviderId":  "5770385f-c22a-43e0-bf4c-06f5698ffbd9",
        "LogName":  "Microsoft-Windows-Sysmon/Operational",
        "ProcessId":  2808,
        "ThreadId":  3828,
        "MachineName":  "MSEDGEWIN10",
        "UserId":  {
                       "BinaryLength":  12,
                       "AccountDomainSid":  null,
                       "Value":  "S-1-5-18"
                   },
        "TimeCreated":  "\/Date(1740464894844)\/",
        "ActivityId":  null,
        "RelatedActivityId":  null,
        "ContainerLog":  "d:\\gs1_rm556392\\c2.evtx",
        "MatchedQueryIds":  [

                            ],
        "Bookmark":  {

                     },
        "LevelDisplayName":  null,
        "OpcodeDisplayName":  null,
        "TaskDisplayName":  null,
        "KeywordsDisplayNames":  null,
        "Properties":  [
                           {
                               "Value":  "T1031,T1050"
                           },
                           {
                               "Value":  "SetValue"
                           },
                           {
                               "Value":  "2025-02-25 06:28:14.831"
                           },
                           {
                               "Value":  "43199d79-62f1-67bd-0b00-000000001000"
                           },
                           {
                               "Value":  616
                           },
                           {
                               "Value":  "C:\\Windows\\system32\\services.exe"
                           },
                           {
                               "Value":  "HKLM\\System\\CurrentControlSet\\Services\\UserDataSvc_45c7b\\Start"
                           },
                           {
                               "Value":  "DWORD (0x00000003)"
                           },
                           {
                               "Value":  "NT AUTHORITY\\SYSTEM"
                           }
                       ],
        "Message":  null
    },
    {
        "Id":  13,
        "Version":  2,
        "Qualifiers":  null,
        "Level":  4,
        "Task":  13,
        "Opcode":  0,
        "Keywords":  -9223372036854775808,
        "RecordId":  4169,
        "ProviderName":  "Microsoft-Windows-Sysmon",
        "ProviderId":  "5770385f-c22a-43e0-bf4c-06f5698ffbd9",
        "LogName":  "Microsoft-Windows-Sysmon/Operational",
        "ProcessId":  2808,
        "ThreadId":  3828,
        "MachineName":  "MSEDGEWIN10",
        "UserId":  {
                       "BinaryLength":  12,
                       "AccountDomainSid":  null,
                       "Value":  "S-1-5-18"
                   },
        "TimeCreated":  "\/Date(1740464894844)\/",
        "ActivityId":  null,
        "RelatedActivityId":  null,
        "ContainerLog":  "d:\\gs1_rm556392\\c2.evtx",
        "MatchedQueryIds":  [

                            ],
        "Bookmark":  {

                     },
        "LevelDisplayName":  null,
        "OpcodeDisplayName":  null,
        "TaskDisplayName":  null,
        "KeywordsDisplayNames":  null,
        "Properties":  [
                           {
                               "Value":  "T1031,T1050"
                           },
                           {
                               "Value":  "SetValue"
                           },
                           {
                               "Value":  "2025-02-25 06:28:14.831"
                           },
                           {
                               "Value":  "43199d79-62f1-67bd-0b00-000000001000"
                           },
                           {
                               "Value":  616
                           },
                           {
                               "Value":  "C:\\Windows\\system32\\services.exe"
                           },
                           {
                               "Value":  "HKLM\\System\\CurrentControlSet\\Services\\UserDataSvc_45c7b\\ImagePath"
                           },
                           {
                               "Value":  "C:\\Windows\\system32\\svchost.exe -k UnistackSvcGroup"
                           },
                           {
                               "Value":  "NT AUTHORITY\\SYSTEM"
                           }
                       ],
        "Message":  null
    },
    {
        "Id":  13,
        "Version":  2,
        "Qualifiers":  null,
        "Level":  4,
        "Task":  13,
        "Opcode":  0,
        "Keywords":  -9223372036854775808,
        "RecordId":  4170,
        "ProviderName":  "Microsoft-Windows-Sysmon",
        "ProviderId":  "5770385f-c22a-43e0-bf4c-06f5698ffbd9",
        "LogName":  "Microsoft-Windows-Sysmon/Operational",
        "ProcessId":  2808,
        "ThreadId":  3828,
        "MachineName":  "MSEDGEWIN10",
        "UserId":  {
                       "BinaryLength":  12,
                       "AccountDomainSid":  null,
                       "Value":  "S-1-5-18"
                   },
        "TimeCreated":  "\/Date(1740464894845)\/",
        "ActivityId":  null,
        "RelatedActivityId":  null,
        "ContainerLog":  "d:\\gs1_rm556392\\c2.evtx",
        "MatchedQueryIds":  [

                            ],
        "Bookmark":  {

                     },
        "LevelDisplayName":  null,
        "OpcodeDisplayName":  null,
        "TaskDisplayName":  null,
        "KeywordsDisplayNames":  null,
        "Properties":  [
                           {
                               "Value":  "T1031,T1050"
                           },
                           {
                               "Value":  "SetValue"
                           },
                           {
                               "Value":  "2025-02-25 06:28:14.831"
                           },
                           {
                               "Value":  "43199d79-62f1-67bd-0b00-000000001000"
                           },
                           {
                               "Value":  616
                           },
                           {
                               "Value":  "C:\\Windows\\system32\\services.exe"
                           },
                           {
                               "Value":  "HKLM\\System\\CurrentControlSet\\Services\\WpnUserService_45c7b\\Start"
                           },
                           {
                               "Value":  "DWORD (0x00000002)"
                           },
                           {
                               "Value":  "NT AUTHORITY\\SYSTEM"
                           }
                       ],
        "Message":  null
    },
    {
        "Id":  13,
        "Version":  2,
        "Qualifiers":  null,
        "Level":  4,
        "Task":  13,
        "Opcode":  0,
        "Keywords":  -9223372036854775808,
        "RecordId":  4171,
        "ProviderName":  "Microsoft-Windows-Sysmon",
        "ProviderId":  "5770385f-c22a-43e0-bf4c-06f5698ffbd9",
        "LogName":  "Microsoft-Windows-Sysmon/Operational",
        "ProcessId":  2808,
        "ThreadId":  3828,
        "MachineName":  "MSEDGEWIN10",
        "UserId":  {
                       "BinaryLength":  12,
                       "AccountDomainSid":  null,
                       "Value":  "S-1-5-18"
                   },
        "TimeCreated":  "\/Date(1740464894845)\/",
        "ActivityId":  null,
        "RelatedActivityId":  null,
        "ContainerLog":  "d:\\gs1_rm556392\\c2.evtx",
        "MatchedQueryIds":  [

                            ],
        "Bookmark":  {

                     },
        "LevelDisplayName":  null,
        "OpcodeDisplayName":  null,
        "TaskDisplayName":  null,
        "KeywordsDisplayNames":  null,
        "Properties":  [
                           {
                               "Value":  "T1031,T1050"
                           },
                           {
                               "Value":  "SetValue"
                           },
                           {
                               "Value":  "2025-02-25 06:28:14.831"
                           },
                           {
                               "Value":  "43199d79-62f1-67bd-0b00-000000001000"
                           },
                           {
                               "Value":  616
                           },
                           {
                               "Value":  "C:\\Windows\\system32\\services.exe"
                           },
                           {
                               "Value":  "HKLM\\System\\CurrentControlSet\\Services\\WpnUserService_45c7b\\ImagePath"
                           },
                           {
                               "Value":  "C:\\Windows\\system32\\svchost.exe -k UnistackSvcGroup"
                           },
                           {
                               "Value":  "NT AUTHORITY\\SYSTEM"
                           }
                       ],
        "Message":  null
    },
    {
        "Id":  1,
        "Version":  5,
        "Qualifiers":  null,
        "Level":  4,
        "Task":  1,
        "Opcode":  0,
        "Keywords":  -9223372036854775808,
        "RecordId":  4172,
        "ProviderName":  "Microsoft-Windows-Sysmon",
        "ProviderId":  "5770385f-c22a-43e0-bf4c-06f5698ffbd9",
        "LogName":  "Microsoft-Windows-Sysmon/Operational",
        "ProcessId":  2808,
        "ThreadId":  3828,
        "MachineName":  "MSEDGEWIN10",
        "UserId":  {
                       "BinaryLength":  12,
                       "AccountDomainSid":  null,
                       "Value":  "S-1-5-18"
                   },
        "TimeCreated":  "\/Date(1740464894862)\/",
        "ActivityId":  null,
        "RelatedActivityId":  null,
        "ContainerLog":  "d:\\gs1_rm556392\\c2.evtx",
        "MatchedQueryIds":  [

                            ],
        "Bookmark":  {

                     },
        "LevelDisplayName":  null,
        "OpcodeDisplayName":  null,
        "TaskDisplayName":  null,
        "KeywordsDisplayNames":  null,
        "Properties":  [
                           {
                               "Value":  "-"
                           },
                           {
                               "Value":  "2025-02-25 06:28:14.853"
                           },
                           {
                               "Value":  "43199d79-62fe-67bd-7700-000000001000"
                           },
                           {
                               "Value":  4568
                           },
                           {
                               "Value":  "C:\\Windows\\System32\\svchost.exe"
                           },
                           {
                               "Value":  "10.0.17763.1 (WinBuild.160101.0800)"
                           },
                           {
                               "Value":  "Host Process for Windows Services"
                           },
                           {
                               "Value":  "Microsoft® Windows® Operating System"
                           },
                           {
                               "Value":  "Microsoft Corporation"
                           },
                           {
                               "Value":  "svchost.exe"
                           },
                           {
                               "Value":  "C:\\Windows\\system32\\svchost.exe -k UnistackSvcGroup -s CDPUserSvc"
                           },
                           {
                               "Value":  "C:\\Windows\\system32\\"
                           },
                           {
                               "Value":  "MSEDGEWIN10\\IEUser"
                           },
                           {
                               "Value":  "43199d79-62fe-67bd-3c3c-040000000000"
                           },
                           {
                               "Value":  277564
                           },
                           {
                               "Value":  1
                           },
                           {
                               "Value":  "Medium"
                           },
                           {
                               "Value":  "MD5=8A0A29438052FAED8A2532DA50455756,SHA256=7FD065BAC18C5278777AE44908101CDFED72D26FA741367F0AD4D02020787AB6,IMPHASH=247B9220E5D9B720A82B2C8B5069AD69"
                           },
                           {
                               "Value":  "43199d79-62f1-67bd-0b00-000000001000"
                           },
                           {
                               "Value":  616
                           },
                           {
                               "Value":  "C:\\Windows\\System32\\services.exe"
                           },
                           {
                               "Value":  "C:\\Windows\\system32\\services.exe"
                           },
                           {
                               "Value":  "NT AUTHORITY\\SYSTEM"
                           }
                       ],
        "Message":  null
    },
    {
        "Id":  1,
        "Version":  5,
        "Qualifiers":  null,
        "Level":  4,
        "Task":  1,
        "Opcode":  0,
        "Keywords":  -9223372036854775808,
        "RecordId":  4173,
        "ProviderName":  "Microsoft-Windows-Sysmon",
        "ProviderId":  "5770385f-c22a-43e0-bf4c-06f5698ffbd9",
        "LogName":  "Microsoft-Windows-Sysmon/Operational",
        "ProcessId":  2808,
        "ThreadId":  3828,
        "MachineName":  "MSEDGEWIN10",
        "UserId":  {
                       "BinaryLength":  12,
                       "AccountDomainSid":  null,
                       "Value":  "S-1-5-18"
                   },
        "TimeCreated":  "\/Date(1740464894908)\/",
        "ActivityId":  null,
        "RelatedActivityId":  null,
        "ContainerLog":  "d:\\gs1_rm556392\\c2.evtx",
        "MatchedQueryIds":  [

                            ],
        "Bookmark":  {

                     },
        "LevelDisplayName":  null,
        "OpcodeDisplayName":  null,
        "TaskDisplayName":  null,
        "KeywordsDisplayNames":  null,
        "Properties":  [
                           {
                               "Value":  "-"
                           },
                           {
                               "Value":  "2025-02-25 06:28:14.907"
                           },
                           {
                               "Value":  "43199d79-62fe-67bd-7800-000000001000"
                           },
                           {
                               "Value":  4604
                           },
                           {
                               "Value":  "C:\\Windows\\System32\\svchost.exe"
                           },
                           {
                               "Value":  "10.0.17763.1 (WinBuild.160101.0800)"
                           },
                           {
                               "Value":  "Host Process for Windows Services"
                           },
                           {
                               "Value":  "Microsoft® Windows® Operating System"
                           },
                           {
                               "Value":  "Microsoft Corporation"
                           },
                           {
                               "Value":  "svchost.exe"
                           },
                           {
                               "Value":  "C:\\Windows\\system32\\svchost.exe -k UnistackSvcGroup -s WpnUserService"
                           },
                           {
                               "Value":  "C:\\Windows\\system32\\"
                           },
                           {
                               "Value":  "MSEDGEWIN10\\IEUser"
                           },
                           {
                               "Value":  "43199d79-62fe-67bd-3c3c-040000000000"
                           },
                           {
                               "Value":  277564
                           },
                           {
                               "Value":  1
                           },
                           {
                               "Value":  "Medium"
                           },
                           {
                               "Value":  "MD5=8A0A29438052FAED8A2532DA50455756,SHA256=7FD065BAC18C5278777AE44908101CDFED72D26FA741367F0AD4D02020787AB6,IMPHASH=247B9220E5D9B720A82B2C8B5069AD69"
                           },
                           {
                               "Value":  "43199d79-62f1-67bd-0b00-000000001000"
                           },
                           {
                               "Value":  616
                           },
                           {
                               "Value":  "C:\\Windows\\System32\\services.exe"
                           },
                           {
                               "Value":  "C:\\Windows\\system32\\services.exe"
                           },
                           {
                               "Value":  "NT AUTHORITY\\SYSTEM"
                           }
                       ],
        "Message":  null
    },
    {
        "Id":  1,
        "Version":  5,
        "Qualifiers":  null,
        "Level":  4,
        "Task":  1,
        "Opcode":  0,
        "Keywords":  -9223372036854775808,
        "RecordId":  4174,
        "ProviderName":  "Microsoft-Windows-Sysmon",
        "ProviderId":  "5770385f-c22a-43e0-bf4c-06f5698ffbd9",
        "LogName":  "Microsoft-Windows-Sysmon/Operational",
        "ProcessId":  2808,
        "ThreadId":  3828,
        "MachineName":  "MSEDGEWIN10",
        "UserId":  {
                       "BinaryLength":  12,
                       "AccountDomainSid":  null,
                       "Value":  "S-1-5-18"
                   },
        "TimeCreated":  "\/Date(1740464895030)\/",
        "ActivityId":  null,
        "RelatedActivityId":  null,
        "ContainerLog":  "d:\\gs1_rm556392\\c2.evtx",
        "MatchedQueryIds":  [

                            ],
        "Bookmark":  {

                     },
        "LevelDisplayName":  null,
        "OpcodeDisplayName":  null,
        "TaskDisplayName":  null,
        "KeywordsDisplayNames":  null,
        "Properties":  [
                           {
                               "Value":  "-"
                           },
                           {
                               "Value":  "2025-02-25 06:28:15.012"
                           },
                           {
                               "Value":  "43199d79-62ff-67bd-7900-000000001000"
                           },
                           {
                               "Value":  4668
                           },
                           {
                               "Value":  "C:\\Windows\\System32\\taskhostw.exe"
                           },
                           {
                               "Value":  "10.0.17763.1 (WinBuild.160101.0800)"
                           },
                           {
                               "Value":  "Host Process for Windows Tasks"
                           },
                           {
                               "Value":  "Microsoft® Windows® Operating System"
                           },
                           {
                               "Value":  "Microsoft Corporation"
                           },
                           {
                               "Value":  "taskhostw.exe"
                           },
                           {
                               "Value":  "taskhostw.exe {222A245B-E637-4AE9-A93F-A59CA119A75E}"
                           },
                           {
                               "Value":  "C:\\Windows\\system32\\"
                           },
                           {
                               "Value":  "MSEDGEWIN10\\IEUser"
                           },
                           {
                               "Value":  "43199d79-62fe-67bd-3c3c-040000000000"
                           },
                           {
                               "Value":  277564
                           },
                           {
                               "Value":  1
                           },
                           {
                               "Value":  "Medium"
                           },
                           {
                               "Value":  "MD5=F225F37717C8D714B56CF21C7C1E9C34,SHA256=E272D0E33299BCA60479683EAE0D9B5D880293C01B337D5759FEE812EA631A39,IMPHASH=9839C7FD9649496B162F72128209528A"
                           },
                           {
                               "Value":  "43199d79-62f2-67bd-1a00-000000001000"
                           },
                           {
                               "Value":  1128
                           },
                           {
                               "Value":  "C:\\Windows\\System32\\svchost.exe"
                           },
                           {
                               "Value":  "C:\\Windows\\system32\\svchost.exe -k netsvcs -p -s Schedule"
                           },
                           {
                               "Value":  "NT AUTHORITY\\SYSTEM"
                           }
                       ],
        "Message":  null
    },
    {
        "Id":  1,
        "Version":  5,
        "Qualifiers":  null,
        "Level":  4,
        "Task":  1,
        "Opcode":  0,
        "Keywords":  -9223372036854775808,
        "RecordId":  4175,
        "ProviderName":  "Microsoft-Windows-Sysmon",
        "ProviderId":  "5770385f-c22a-43e0-bf4c-06f5698ffbd9",
        "LogName":  "Microsoft-Windows-Sysmon/Operational",
        "ProcessId":  2808,
        "ThreadId":  3828,
        "MachineName":  "MSEDGEWIN10",
        "UserId":  {
                       "BinaryLength":  12,
                       "AccountDomainSid":  null,
                       "Value":  "S-1-5-18"
                   },
        "TimeCreated":  "\/Date(1740464895123)\/",
        "ActivityId":  null,
        "RelatedActivityId":  null,
        "ContainerLog":  "d:\\gs1_rm556392\\c2.evtx",
        "MatchedQueryIds":  [

                            ],
        "Bookmark":  {

                     },
        "LevelDisplayName":  null,
        "OpcodeDisplayName":  null,
        "TaskDisplayName":  null,
        "KeywordsDisplayNames":  null,
        "Properties":  [
                           {
                               "Value":  "-"
                           },
                           {
                               "Value":  "2025-02-25 06:28:15.062"
                           },
                           {
                               "Value":  "43199d79-62ff-67bd-7a00-000000001000"
                           },
                           {
                               "Value":  4704
                           },
                           {
                               "Value":  "C:\\Windows\\System32\\taskhostw.exe"
                           },
                           {
                               "Value":  "10.0.17763.1 (WinBuild.160101.0800)"
                           },
                           {
                               "Value":  "Host Process for Windows Tasks"
                           },
                           {
                               "Value":  "Microsoft® Windows® Operating System"
                           },
                           {
                               "Value":  "Microsoft Corporation"
                           },
                           {
                               "Value":  "taskhostw.exe"
                           },
                           {
                               "Value":  "taskhostw.exe"
                           },
                           {
                               "Value":  "C:\\Windows\\system32\\"
                           },
                           {
                               "Value":  "MSEDGEWIN10\\IEUser"
                           },
                           {
                               "Value":  "43199d79-62fe-67bd-3c3c-040000000000"
                           },
                           {
                               "Value":  277564
                           },
                           {
                               "Value":  1
                           },
                           {
                               "Value":  "Medium"
                           },
                           {
                               "Value":  "MD5=F225F37717C8D714B56CF21C7C1E9C34,SHA256=E272D0E33299BCA60479683EAE0D9B5D880293C01B337D5759FEE812EA631A39,IMPHASH=9839C7FD9649496B162F72128209528A"
                           },
                           {
                               "Value":  "43199d79-62f2-67bd-1a00-000000001000"
                           },
                           {
                               "Value":  1128
                           },
                           {
                               "Value":  "C:\\Windows\\System32\\svchost.exe"
                           },
                           {
                               "Value":  "C:\\Windows\\system32\\svchost.exe -k netsvcs -p -s Schedule"
                           },
                           {
                               "Value":  "NT AUTHORITY\\SYSTEM"
                           }
                       ],
        "Message":  null
    },
    {
        "Id":  1,
        "Version":  5,
        "Qualifiers":  null,
        "Level":  4,
        "Task":  1,
        "Opcode":  0,
        "Keywords":  -9223372036854775808,
        "RecordId":  4176,
        "ProviderName":  "Microsoft-Windows-Sysmon",
        "ProviderId":  "5770385f-c22a-43e0-bf4c-06f5698ffbd9",
        "LogName":  "Microsoft-Windows-Sysmon/Operational",
        "ProcessId":  2808,
        "ThreadId":  3828,
        "MachineName":  "MSEDGEWIN10",
        "UserId":  {
                       "BinaryLength":  12,
                       "AccountDomainSid":  null,
                       "Value":  "S-1-5-18"
                   },
        "TimeCreated":  "\/Date(1740464895124)\/",
        "ActivityId":  null,
        "RelatedActivityId":  null,
        "ContainerLog":  "d:\\gs1_rm556392\\c2.evtx",
        "MatchedQueryIds":  [

                            ],
        "Bookmark":  {

                     },
        "LevelDisplayName":  null,
        "OpcodeDisplayName":  null,
        "TaskDisplayName":  null,
        "KeywordsDisplayNames":  null,
        "Properties":  [
                           {
                               "Value":  "-"
                           },
                           {
                               "Value":  "2025-02-25 06:28:15.096"
                           },
                           {
                               "Value":  "43199d79-62ff-67bd-7b00-000000001000"
                           },
                           {
                               "Value":  4716
                           },
                           {
                               "Value":  "C:\\Windows\\System32\\taskhostw.exe"
                           },
                           {
                               "Value":  "10.0.17763.1 (WinBuild.160101.0800)"
                           },
                           {
                               "Value":  "Host Process for Windows Tasks"
                           },
                           {
                               "Value":  "Microsoft® Windows® Operating System"
                           },
                           {
                               "Value":  "Microsoft Corporation"
                           },
                           {
                               "Value":  "taskhostw.exe"
                           },
                           {
                               "Value":  "taskhostw.exe"
                           },
                           {
                               "Value":  "C:\\Windows\\system32\\"
                           },
                           {
                               "Value":  "MSEDGEWIN10\\IEUser"
                           },
                           {
                               "Value":  "43199d79-62fe-67bd-0c3c-040000000000"
                           },
                           {
                               "Value":  277516
                           },
                           {
                               "Value":  1
                           },
                           {
                               "Value":  "High"
                           },
                           {
                               "Value":  "MD5=F225F37717C8D714B56CF21C7C1E9C34,SHA256=E272D0E33299BCA60479683EAE0D9B5D880293C01B337D5759FEE812EA631A39,IMPHASH=9839C7FD9649496B162F72128209528A"
                           },
                           {
                               "Value":  "43199d79-62f2-67bd-1a00-000000001000"
                           },
                           {
                               "Value":  1128
                           },
                           {
                               "Value":  "C:\\Windows\\System32\\svchost.exe"
                           },
                           {
                               "Value":  "C:\\Windows\\system32\\svchost.exe -k netsvcs -p -s Schedule"
                           },
                           {
                               "Value":  "NT AUTHORITY\\SYSTEM"
                           }
                       ],
        "Message":  null
    },
    {
        "Id":  1,
        "Version":  5,
        "Qualifiers":  null,
        "Level":  4,
        "Task":  1,
        "Opcode":  0,
        "Keywords":  -9223372036854775808,
        "RecordId":  4177,
        "ProviderName":  "Microsoft-Windows-Sysmon",
        "ProviderId":  "5770385f-c22a-43e0-bf4c-06f5698ffbd9",
        "LogName":  "Microsoft-Windows-Sysmon/Operational",
        "ProcessId":  2808,
        "ThreadId":  3828,
        "MachineName":  "MSEDGEWIN10",
        "UserId":  {
                       "BinaryLength":  12,
                       "AccountDomainSid":  null,
                       "Value":  "S-1-5-18"
                   },
        "TimeCreated":  "\/Date(1740464895136)\/",
        "ActivityId":  null,
        "RelatedActivityId":  null,
        "ContainerLog":  "d:\\gs1_rm556392\\c2.evtx",
        "MatchedQueryIds":  [

                            ],
        "Bookmark":  {

                     },
        "LevelDisplayName":  null,
        "OpcodeDisplayName":  null,
        "TaskDisplayName":  null,
        "KeywordsDisplayNames":  null,
        "Properties":  [
                           {
                               "Value":  "-"
                           },
                           {
                               "Value":  "2025-02-25 06:28:15.134"
                           },
                           {
                               "Value":  "43199d79-62ff-67bd-7c00-000000001000"
                           },
                           {
                               "Value":  4724
                           },
                           {
                               "Value":  "C:\\Windows\\System32\\svchost.exe"
                           },
                           {
                               "Value":  "10.0.17763.1 (WinBuild.160101.0800)"
                           },
                           {
                               "Value":  "Host Process for Windows Services"
                           },
                           {
                               "Value":  "Microsoft® Windows® Operating System"
                           },
                           {
                               "Value":  "Microsoft Corporation"
                           },
                           {
                               "Value":  "svchost.exe"
                           },
                           {
                               "Value":  "C:\\Windows\\system32\\svchost.exe -k netsvcs -p -s TokenBroker"
                           },
                           {
                               "Value":  "C:\\Windows\\system32\\"
                           },
                           {
                               "Value":  "NT AUTHORITY\\SYSTEM"
                           },
                           {
                               "Value":  "43199d79-62f1-67bd-e703-000000000000"
                           },
                           {
                               "Value":  999
                           },
                           {
                               "Value":  0
                           },
                           {
                               "Value":  "System"
                           },
                           {
                               "Value":  "MD5=8A0A29438052FAED8A2532DA50455756,SHA256=7FD065BAC18C5278777AE44908101CDFED72D26FA741367F0AD4D02020787AB6,IMPHASH=247B9220E5D9B720A82B2C8B5069AD69"
                           },
                           {
                               "Value":  "43199d79-62f1-67bd-0b00-000000001000"
                           },
                           {
                               "Value":  616
                           },
                           {
                               "Value":  "C:\\Windows\\System32\\services.exe"
                           },
                           {
                               "Value":  "C:\\Windows\\system32\\services.exe"
                           },
                           {
                               "Value":  "NT AUTHORITY\\SYSTEM"
                           }
                       ],
        "Message":  null
    },
    {
        "Id":  1,
        "Version":  5,
        "Qualifiers":  null,
        "Level":  4,
        "Task":  1,
        "Opcode":  0,
        "Keywords":  -9223372036854775808,
        "RecordId":  4178,
        "ProviderName":  "Microsoft-Windows-Sysmon",
        "ProviderId":  "5770385f-c22a-43e0-bf4c-06f5698ffbd9",
        "LogName":  "Microsoft-Windows-Sysmon/Operational",
        "ProcessId":  2808,
        "ThreadId":  3828,
        "MachineName":  "MSEDGEWIN10",
        "UserId":  {
                       "BinaryLength":  12,
                       "AccountDomainSid":  null,
                       "Value":  "S-1-5-18"
                   },
        "TimeCreated":  "\/Date(1740464895359)\/",
        "ActivityId":  null,
        "RelatedActivityId":  null,
        "ContainerLog":  "d:\\gs1_rm556392\\c2.evtx",
        "MatchedQueryIds":  [

                            ],
        "Bookmark":  {

                     },
        "LevelDisplayName":  null,
        "OpcodeDisplayName":  null,
        "TaskDisplayName":  null,
        "KeywordsDisplayNames":  null,
        "Properties":  [
                           {
                               "Value":  "-"
                           },
                           {
                               "Value":  "2025-02-25 06:28:15.333"
                           },
                           {
                               "Value":  "43199d79-62ff-67bd-7d00-000000001000"
                           },
                           {
                               "Value":  4836
                           },
                           {
                               "Value":  "C:\\Windows\\System32\\svchost.exe"
                           },
                           {
                               "Value":  "10.0.17763.1 (WinBuild.160101.0800)"
                           },
                           {
                               "Value":  "Host Process for Windows Services"
                           },
                           {
                               "Value":  "Microsoft® Windows® Operating System"
                           },
                           {
                               "Value":  "Microsoft Corporation"
                           },
                           {
                               "Value":  "svchost.exe"
                           },
                           {
                               "Value":  "C:\\Windows\\System32\\svchost.exe -k LocalSystemNetworkRestricted -p -s TabletInputService"
                           },
                           {
                               "Value":  "C:\\Windows\\system32\\"
                           },
                           {
                               "Value":  "NT AUTHORITY\\SYSTEM"
                           },
                           {
                               "Value":  "43199d79-62f1-67bd-e703-000000000000"
                           },
                           {
                               "Value":  999
                           },
                           {
                               "Value":  0
                           },
                           {
                               "Value":  "System"
                           },
                           {
                               "Value":  "MD5=8A0A29438052FAED8A2532DA50455756,SHA256=7FD065BAC18C5278777AE44908101CDFED72D26FA741367F0AD4D02020787AB6,IMPHASH=247B9220E5D9B720A82B2C8B5069AD69"
                           },
                           {
                               "Value":  "43199d79-62f1-67bd-0b00-000000001000"
                           },
                           {
                               "Value":  616
                           },
                           {
                               "Value":  "C:\\Windows\\System32\\services.exe"
                           },
                           {
                               "Value":  "C:\\Windows\\system32\\services.exe"
                           },
                           {
                               "Value":  "NT AUTHORITY\\SYSTEM"
                           }
                       ],
        "Message":  null
    },
    {
        "Id":  1,
        "Version":  5,
        "Qualifiers":  null,
        "Level":  4,
        "Task":  1,
        "Opcode":  0,
        "Keywords":  -9223372036854775808,
        "RecordId":  4179,
        "ProviderName":  "Microsoft-Windows-Sysmon",
        "ProviderId":  "5770385f-c22a-43e0-bf4c-06f5698ffbd9",
        "LogName":  "Microsoft-Windows-Sysmon/Operational",
        "ProcessId":  2808,
        "ThreadId":  3828,
        "MachineName":  "MSEDGEWIN10",
        "UserId":  {
                       "BinaryLength":  12,
                       "AccountDomainSid":  null,
                       "Value":  "S-1-5-18"
                   },
        "TimeCreated":  "\/Date(1740464895359)\/",
        "ActivityId":  null,
        "RelatedActivityId":  null,
        "ContainerLog":  "d:\\gs1_rm556392\\c2.evtx",
        "MatchedQueryIds":  [

                            ],
        "Bookmark":  {

                     },
        "LevelDisplayName":  null,
        "OpcodeDisplayName":  null,
        "TaskDisplayName":  null,
        "KeywordsDisplayNames":  null,
        "Properties":  [
                           {
                               "Value":  "-"
                           },
                           {
                               "Value":  "2025-02-25 06:28:15.345"
                           },
                           {
                               "Value":  "43199d79-62ff-67bd-7e00-000000001000"
                           },
                           {
                               "Value":  4844
                           },
                           {
                               "Value":  "C:\\Windows\\System32\\svchost.exe"
                           },
                           {
                               "Value":  "10.0.17763.1 (WinBuild.160101.0800)"
                           },
                           {
                               "Value":  "Host Process for Windows Services"
                           },
                           {
                               "Value":  "Microsoft® Windows® Operating System"
                           },
                           {
                               "Value":  "Microsoft Corporation"
                           },
                           {
                               "Value":  "svchost.exe"
                           },
                           {
                               "Value":  "C:\\Windows\\system32\\svchost.exe -k appmodel -p -s StateRepository"
                           },
                           {
                               "Value":  "C:\\Windows\\system32\\"
                           },
                           {
                               "Value":  "NT AUTHORITY\\SYSTEM"
                           },
                           {
                               "Value":  "43199d79-62f1-67bd-e703-000000000000"
                           },
                           {
                               "Value":  999
                           },
                           {
                               "Value":  0
                           },
                           {
                               "Value":  "System"
                           },
                           {
                               "Value":  "MD5=8A0A29438052FAED8A2532DA50455756,SHA256=7FD065BAC18C5278777AE44908101CDFED72D26FA741367F0AD4D02020787AB6,IMPHASH=247B9220E5D9B720A82B2C8B5069AD69"
                           },
                           {
                               "Value":  "43199d79-62f1-67bd-0b00-000000001000"
                           },
                           {
                               "Value":  616
                           },
                           {
                               "Value":  "C:\\Windows\\System32\\services.exe"
                           },
                           {
                               "Value":  "C:\\Windows\\system32\\services.exe"
                           },
                           {
                               "Value":  "NT AUTHORITY\\SYSTEM"
                           }
                       ],
        "Message":  null
    },
