    {
        "Id":  13,
        "Version":  2,
        "Qualifiers":  null,
        "Level":  4,
        "Task":  13,
        "Opcode":  0,
        "Keywords":  -9223372036854775808,
        "RecordId":  4117,
        "ProviderName":  "Microsoft-Windows-Sysmon",
        "ProviderId":  "5770385f-c22a-43e0-bf4c-06f5698ffbd9",
        "LogName":  "Microsoft-Windows-Sysmon/Operational",
        "ProcessId":  2808,
        "ThreadId":  3828,
        "MachineName":  "MSEDGEWIN10",
        "UserId":  {
                       "BinaryLength":  12,
                       "AccountDomainSid":  null,
                       "Value":  "S-1-5-18"
                   },
        "TimeCreated":  "\/Date(1740464890328)\/",
        "ActivityId":  null,
        "RelatedActivityId":  null,
        "ContainerLog":  "d:\\gs1_rm556392\\c2.evtx",
        "MatchedQueryIds":  [

                            ],
        "Bookmark":  {

                     },
        "LevelDisplayName":  null,
        "OpcodeDisplayName":  null,
        "TaskDisplayName":  null,
        "KeywordsDisplayNames":  null,
        "Properties":  [
                           {
                               "Value":  "-"
                           },
                           {
                               "Value":  "SetValue"
                           },
                           {
                               "Value":  "2025-02-25 06:28:10.315"
                           },
                           {
                               "Value":  "43199d79-62fa-67bd-5d00-000000001000"
                           },
                           {
                               "Value":  3928
                           },
                           {
                               "Value":  "C:\\Windows\\system32\\wevtutil.exe"
                           },
                           {
                               "Value":  "HKLM\\SOFTWARE\\Microsoft\\Windows\\CurrentVersion\\WINEVT\\Channels\\Microsoft-Windows-Windows Defender/WHC\\MaxSizeUpper"
                           },
                           {
                               "Value":  "DWORD (0x00000000)"
                           },
                           {
                               "Value":  "NT AUTHORITY\\SYSTEM"
                           }
                       ],
        "Message":  null
    },
    {
        "Id":  13,
        "Version":  2,
        "Qualifiers":  null,
        "Level":  4,
        "Task":  13,
        "Opcode":  0,
        "Keywords":  -9223372036854775808,
        "RecordId":  4118,
        "ProviderName":  "Microsoft-Windows-Sysmon",
        "ProviderId":  "5770385f-c22a-43e0-bf4c-06f5698ffbd9",
        "LogName":  "Microsoft-Windows-Sysmon/Operational",
        "ProcessId":  2808,
        "ThreadId":  3828,
        "MachineName":  "MSEDGEWIN10",
        "UserId":  {
                       "BinaryLength":  12,
                       "AccountDomainSid":  null,
                       "Value":  "S-1-5-18"
                   },
        "TimeCreated":  "\/Date(1740464890328)\/",
        "ActivityId":  null,
        "RelatedActivityId":  null,
        "ContainerLog":  "d:\\gs1_rm556392\\c2.evtx",
        "MatchedQueryIds":  [

                            ],
        "Bookmark":  {

                     },
        "LevelDisplayName":  null,
        "OpcodeDisplayName":  null,
        "TaskDisplayName":  null,
        "KeywordsDisplayNames":  null,
        "Properties":  [
                           {
                               "Value":  "-"
                           },
                           {
                               "Value":  "SetValue"
                           },
                           {
                               "Value":  "2025-02-25 06:28:10.315"
                           },
                           {
                               "Value":  "43199d79-62fa-67bd-5d00-000000001000"
                           },
                           {
                               "Value":  3928
                           },
                           {
                               "Value":  "C:\\Windows\\system32\\wevtutil.exe"
                           },
                           {
                               "Value":  "HKLM\\SOFTWARE\\Microsoft\\Windows\\CurrentVersion\\WINEVT\\Channels\\Microsoft-Windows-Windows Defender/WHC\\Type"
                           },
                           {
                               "Value":  "DWORD (0x00000001)"
                           },
                           {
                               "Value":  "NT AUTHORITY\\SYSTEM"
                           }
                       ],
        "Message":  null
    },
    {
        "Id":  1,
        "Version":  5,
        "Qualifiers":  null,
        "Level":  4,
        "Task":  1,
        "Opcode":  0,
        "Keywords":  -9223372036854775808,
        "RecordId":  4119,
        "ProviderName":  "Microsoft-Windows-Sysmon",
        "ProviderId":  "5770385f-c22a-43e0-bf4c-06f5698ffbd9",
        "LogName":  "Microsoft-Windows-Sysmon/Operational",
        "ProcessId":  2808,
        "ThreadId":  3828,
        "MachineName":  "MSEDGEWIN10",
        "UserId":  {
                       "BinaryLength":  12,
                       "AccountDomainSid":  null,
                       "Value":  "S-1-5-18"
                   },
        "TimeCreated":  "\/Date(1740464890710)\/",
        "ActivityId":  null,
        "RelatedActivityId":  null,
        "ContainerLog":  "d:\\gs1_rm556392\\c2.evtx",
        "MatchedQueryIds":  [

                            ],
        "Bookmark":  {

                     },
        "LevelDisplayName":  null,
        "OpcodeDisplayName":  null,
        "TaskDisplayName":  null,
        "KeywordsDisplayNames":  null,
        "Properties":  [
                           {
                               "Value":  "-"
                           },
                           {
                               "Value":  "2025-02-25 06:28:10.699"
                           },
                           {
                               "Value":  "43199d79-62fa-67bd-5f00-000000001000"
                           },
                           {
                               "Value":  4048
                           },
                           {
                               "Value":  "C:\\Windows\\System32\\msdtc.exe"
                           },
                           {
                               "Value":  "2001.12.10941.16384 (WinBuild.160101.0800)"
                           },
                           {
                               "Value":  "Microsoft Distributed Transaction Coordinator Service"
                           },
                           {
                               "Value":  "Microsoft® Windows® Operating System"
                           },
                           {
                               "Value":  "Microsoft Corporation"
                           },
                           {
                               "Value":  "MSDTC.EXE"
                           },
                           {
                               "Value":  "C:\\Windows\\System32\\msdtc.exe"
                           },
                           {
                               "Value":  "C:\\Windows\\system32\\"
                           },
                           {
                               "Value":  "NT AUTHORITY\\NETWORK SERVICE"
                           },
                           {
                               "Value":  "43199d79-62f1-67bd-e403-000000000000"
                           },
                           {
                               "Value":  996
                           },
                           {
                               "Value":  0
                           },
                           {
                               "Value":  "System"
                           },
                           {
                               "Value":  "MD5=7215CE218BDEAD41B708F098258CF972,SHA256=1EAB4B9691E9EFA1DA02BDCB84035F65EDA4B525E5AEE925A6E1E4107F8E4F31,IMPHASH=D76D41E51FC79BF5C56F90FE6A798765"
                           },
                           {
                               "Value":  "43199d79-62f1-67bd-0b00-000000001000"
                           },
                           {
                               "Value":  616
                           },
                           {
                               "Value":  "C:\\Windows\\System32\\services.exe"
                           },
                           {
                               "Value":  "C:\\Windows\\system32\\services.exe"
                           },
                           {
                               "Value":  "NT AUTHORITY\\SYSTEM"
                           }
                       ],
        "Message":  null
    },
    {
        "Id":  1,
        "Version":  5,
        "Qualifiers":  null,
        "Level":  4,
        "Task":  1,
        "Opcode":  0,
        "Keywords":  -9223372036854775808,
        "RecordId":  4120,
        "ProviderName":  "Microsoft-Windows-Sysmon",
        "ProviderId":  "5770385f-c22a-43e0-bf4c-06f5698ffbd9",
        "LogName":  "Microsoft-Windows-Sysmon/Operational",
        "ProcessId":  2808,
        "ThreadId":  3828,
        "MachineName":  "MSEDGEWIN10",
        "UserId":  {
                       "BinaryLength":  12,
                       "AccountDomainSid":  null,
                       "Value":  "S-1-5-18"
                   },
        "TimeCreated":  "\/Date(1740464891061)\/",
        "ActivityId":  null,
        "RelatedActivityId":  null,
        "ContainerLog":  "d:\\gs1_rm556392\\c2.evtx",
        "MatchedQueryIds":  [

                            ],
        "Bookmark":  {

                     },
        "LevelDisplayName":  null,
        "OpcodeDisplayName":  null,
        "TaskDisplayName":  null,
        "KeywordsDisplayNames":  null,
        "Properties":  [
                           {
                               "Value":  "-"
                           },
                           {
                               "Value":  "2025-02-25 06:28:11.026"
                           },
                           {
                               "Value":  "43199d79-62fb-67bd-6000-000000001000"
                           },
                           {
                               "Value":  2632
                           },
                           {
                               "Value":  "C:\\Windows\\System32\\VSSVC.exe"
                           },
                           {
                               "Value":  "10.0.17763.1 (WinBuild.160101.0800)"
                           },
                           {
                               "Value":  "Microsoft® Volume Shadow Copy Service"
                           },
                           {
                               "Value":  "Microsoft® Windows® Operating System"
                           },
                           {
                               "Value":  "Microsoft Corporation"
                           },
                           {
                               "Value":  "VSSVC.EXE"
                           },
                           {
                               "Value":  "C:\\Windows\\system32\\vssvc.exe"
                           },
                           {
                               "Value":  "C:\\Windows\\system32\\"
                           },
                           {
                               "Value":  "NT AUTHORITY\\SYSTEM"
                           },
                           {
                               "Value":  "43199d79-62f1-67bd-e703-000000000000"
                           },
                           {
                               "Value":  999
                           },
                           {
                               "Value":  0
                           },
                           {
                               "Value":  "System"
                           },
                           {
                               "Value":  "MD5=70757EE40A3DFC19BFEE29E67100C708,SHA256=83B1F49FE9EC6D5EB109B36FBECF36984B3AAF06ACDE67F329876A6B69EE6278,IMPHASH=D013BBE605003724306CBF26BE73548F"
                           },
                           {
                               "Value":  "43199d79-62f1-67bd-0b00-000000001000"
                           },
                           {
                               "Value":  616
                           },
                           {
                               "Value":  "C:\\Windows\\System32\\services.exe"
                           },
                           {
                               "Value":  "C:\\Windows\\system32\\services.exe"
                           },
                           {
                               "Value":  "NT AUTHORITY\\SYSTEM"
                           }
                       ],
        "Message":  null
    },
    {
        "Id":  1,
        "Version":  5,
        "Qualifiers":  null,
        "Level":  4,
        "Task":  1,
        "Opcode":  0,
        "Keywords":  -9223372036854775808,
        "RecordId":  4121,
        "ProviderName":  "Microsoft-Windows-Sysmon",
        "ProviderId":  "5770385f-c22a-43e0-bf4c-06f5698ffbd9",
        "LogName":  "Microsoft-Windows-Sysmon/Operational",
        "ProcessId":  2808,
        "ThreadId":  3828,
        "MachineName":  "MSEDGEWIN10",
        "UserId":  {
                       "BinaryLength":  12,
                       "AccountDomainSid":  null,
                       "Value":  "S-1-5-18"
                   },
        "TimeCreated":  "\/Date(1740464891220)\/",
        "ActivityId":  null,
        "RelatedActivityId":  null,
        "ContainerLog":  "d:\\gs1_rm556392\\c2.evtx",
        "MatchedQueryIds":  [

                            ],
        "Bookmark":  {

                     },
        "LevelDisplayName":  null,
        "OpcodeDisplayName":  null,
        "TaskDisplayName":  null,
        "KeywordsDisplayNames":  null,
        "Properties":  [
                           {
                               "Value":  "-"
                           },
                           {
                               "Value":  "2025-02-25 06:28:11.219"
                           },
                           {
                               "Value":  "43199d79-62fb-67bd-6100-000000001000"
                           },
                           {
                               "Value":  2660
                           },
                           {
                               "Value":  "C:\\Windows\\System32\\wevtutil.exe"
                           },
                           {
                               "Value":  "10.0.17763.1 (WinBuild.160101.0800)"
                           },
                           {
                               "Value":  "Eventing Command Line Utility"
                           },
                           {
                               "Value":  "Microsoft® Windows® Operating System"
                           },
                           {
                               "Value":  "Microsoft Corporation"
                           },
                           {
                               "Value":  "wevtutil.exe"
                           },
                           {
                               "Value":  "C:\\Windows\\system32\\wevtutil.exe uninstall-manifest \"C:\\ProgramData\\Microsoft\\Windows Defender\\platform\\4.18.24090.11-0\\Microsoft-Antimalware-Service.man\""
                           },
                           {
                               "Value":  "C:\\Windows\\system32\\"
                           },
                           {
                               "Value":  "NT AUTHORITY\\SYSTEM"
                           },
                           {
                               "Value":  "43199d79-62f1-67bd-e703-000000000000"
                           },
                           {
                               "Value":  999
                           },
                           {
                               "Value":  0
                           },
                           {
                               "Value":  "System"
                           },
                           {
                               "Value":  "MD5=3D2AA064E7017000B1219BBA83D03DC6,SHA256=CCFFE548D686EB10FD825171D9C6D1C20AA59E639130AC8A9098776369E77B99,IMPHASH=05EF63632ADCBF76EE5EE8705934B349"
                           },
                           {
                               "Value":  "43199d79-62f5-67bd-4600-000000001000"
                           },
                           {
                               "Value":  2756
                           },
                           {
                               "Value":  "C:\\ProgramData\\Microsoft\\Windows Defender\\Platform\\4.18.24090.11-0\\MsMpEng.exe"
                           },
                           {
                               "Value":  "\"C:\\ProgramData\\Microsoft\\Windows Defender\\platform\\4.18.24090.11-0\\MsMpEng.exe\""
                           },
                           {
                               "Value":  "NT AUTHORITY\\SYSTEM"
                           }
                       ],
        "Message":  null
    },
    {
        "Id":  1,
        "Version":  5,
        "Qualifiers":  null,
        "Level":  4,
        "Task":  1,
        "Opcode":  0,
        "Keywords":  -9223372036854775808,
        "RecordId":  4122,
        "ProviderName":  "Microsoft-Windows-Sysmon",
        "ProviderId":  "5770385f-c22a-43e0-bf4c-06f5698ffbd9",
        "LogName":  "Microsoft-Windows-Sysmon/Operational",
        "ProcessId":  2808,
        "ThreadId":  3828,
        "MachineName":  "MSEDGEWIN10",
        "UserId":  {
                       "BinaryLength":  12,
                       "AccountDomainSid":  null,
                       "Value":  "S-1-5-18"
                   },
        "TimeCreated":  "\/Date(1740464891319)\/",
        "ActivityId":  null,
        "RelatedActivityId":  null,
        "ContainerLog":  "d:\\gs1_rm556392\\c2.evtx",
        "MatchedQueryIds":  [

                            ],
        "Bookmark":  {

                     },
        "LevelDisplayName":  null,
        "OpcodeDisplayName":  null,
        "TaskDisplayName":  null,
        "KeywordsDisplayNames":  null,
        "Properties":  [
                           {
                               "Value":  "-"
                           },
                           {
                               "Value":  "2025-02-25 06:28:11.317"
                           },
                           {
                               "Value":  "43199d79-62fb-67bd-6300-000000001000"
                           },
                           {
                               "Value":  3960
                           },
                           {
                               "Value":  "C:\\Windows\\System32\\wevtutil.exe"
                           },
                           {
                               "Value":  "10.0.17763.1 (WinBuild.160101.0800)"
                           },
                           {
                               "Value":  "Eventing Command Line Utility"
                           },
                           {
                               "Value":  "Microsoft® Windows® Operating System"
                           },
                           {
                               "Value":  "Microsoft Corporation"
                           },
                           {
                               "Value":  "wevtutil.exe"
                           },
                           {
                               "Value":  "C:\\Windows\\system32\\wevtutil.exe install-manifest \"C:\\ProgramData\\Microsoft\\Windows Defender\\platform\\4.18.24090.11-0\\Microsoft-Antimalware-Service.man\" \"/resourceFilePath:C:\\ProgramData\\Microsoft\\Windows Defender\\platform\\4.18.24090.11-0\\MpSvc.dll\" \"/messageFilePath:C:\\ProgramData\\Microsoft\\Windows Defender\\platform\\4.18.24090.11-0\\MpSvc.dll\" \"/parameterFilePath:C:\\ProgramData\\Microsoft\\Windows Defender\\platform\\4.18.24090.11-0\\MpSvc.dll\""
                           },
                           {
                               "Value":  "C:\\Windows\\system32\\"
                           },
                           {
                               "Value":  "NT AUTHORITY\\SYSTEM"
                           },
                           {
                               "Value":  "43199d79-62f1-67bd-e703-000000000000"
                           },
                           {
                               "Value":  999
                           },
                           {
                               "Value":  0
                           },
                           {
                               "Value":  "System"
                           },
                           {
                               "Value":  "MD5=3D2AA064E7017000B1219BBA83D03DC6,SHA256=CCFFE548D686EB10FD825171D9C6D1C20AA59E639130AC8A9098776369E77B99,IMPHASH=05EF63632ADCBF76EE5EE8705934B349"
                           },
                           {
                               "Value":  "43199d79-62f5-67bd-4600-000000001000"
                           },
                           {
                               "Value":  2756
                           },
                           {
                               "Value":  "C:\\ProgramData\\Microsoft\\Windows Defender\\Platform\\4.18.24090.11-0\\MsMpEng.exe"
                           },
                           {
                               "Value":  "\"C:\\ProgramData\\Microsoft\\Windows Defender\\platform\\4.18.24090.11-0\\MsMpEng.exe\""
                           },
                           {
                               "Value":  "NT AUTHORITY\\SYSTEM"
                           }
                       ],
        "Message":  null
    },
    {
        "Id":  1,
        "Version":  5,
        "Qualifiers":  null,
        "Level":  4,
        "Task":  1,
        "Opcode":  0,
        "Keywords":  -9223372036854775808,
        "RecordId":  4123,
        "ProviderName":  "Microsoft-Windows-Sysmon",
        "ProviderId":  "5770385f-c22a-43e0-bf4c-06f5698ffbd9",
        "LogName":  "Microsoft-Windows-Sysmon/Operational",
        "ProcessId":  2808,
        "ThreadId":  3828,
        "MachineName":  "MSEDGEWIN10",
        "UserId":  {
                       "BinaryLength":  12,
                       "AccountDomainSid":  null,
                       "Value":  "S-1-5-18"
                   },
        "TimeCreated":  "\/Date(1740464891484)\/",
        "ActivityId":  null,
        "RelatedActivityId":  null,
        "ContainerLog":  "d:\\gs1_rm556392\\c2.evtx",
        "MatchedQueryIds":  [

                            ],
        "Bookmark":  {

                     },
        "LevelDisplayName":  null,
        "OpcodeDisplayName":  null,
        "TaskDisplayName":  null,
        "KeywordsDisplayNames":  null,
        "Properties":  [
                           {
                               "Value":  "-"
                           },
                           {
                               "Value":  "2025-02-25 06:28:11.483"
                           },
                           {
                               "Value":  "43199d79-62fb-67bd-6500-000000001000"
                           },
                           {
                               "Value":  3936
                           },
                           {
                               "Value":  "C:\\Windows\\System32\\wevtutil.exe"
                           },
                           {
                               "Value":  "10.0.17763.1 (WinBuild.160101.0800)"
                           },
                           {
                               "Value":  "Eventing Command Line Utility"
                           },
                           {
                               "Value":  "Microsoft® Windows® Operating System"
                           },
                           {
                               "Value":  "Microsoft Corporation"
                           },
                           {
                               "Value":  "wevtutil.exe"
                           },
                           {
                               "Value":  "C:\\Windows\\system32\\wevtutil.exe uninstall-manifest \"C:\\ProgramData\\Microsoft\\Windows Defender\\platform\\4.18.24090.11-0\\Microsoft-Antimalware-NIS.man\""
                           },
                           {
                               "Value":  "C:\\Windows\\system32\\"
                           },
                           {
                               "Value":  "NT AUTHORITY\\SYSTEM"
                           },
                           {
                               "Value":  "43199d79-62f1-67bd-e703-000000000000"
                           },
                           {
                               "Value":  999
                           },
                           {
                               "Value":  0
                           },
                           {
                               "Value":  "System"
                           },
                           {
                               "Value":  "MD5=3D2AA064E7017000B1219BBA83D03DC6,SHA256=CCFFE548D686EB10FD825171D9C6D1C20AA59E639130AC8A9098776369E77B99,IMPHASH=05EF63632ADCBF76EE5EE8705934B349"
                           },
                           {
                               "Value":  "43199d79-62f5-67bd-4600-000000001000"
                           },
                           {
                               "Value":  2756
                           },
                           {
                               "Value":  "C:\\ProgramData\\Microsoft\\Windows Defender\\Platform\\4.18.24090.11-0\\MsMpEng.exe"
                           },
                           {
                               "Value":  "\"C:\\ProgramData\\Microsoft\\Windows Defender\\platform\\4.18.24090.11-0\\MsMpEng.exe\""
                           },
                           {
                               "Value":  "NT AUTHORITY\\SYSTEM"
                           }
                       ],
        "Message":  null
    },
    {
        "Id":  1,
        "Version":  5,
        "Qualifiers":  null,
        "Level":  4,
        "Task":  1,
        "Opcode":  0,
        "Keywords":  -9223372036854775808,
        "RecordId":  4124,
        "ProviderName":  "Microsoft-Windows-Sysmon",
        "ProviderId":  "5770385f-c22a-43e0-bf4c-06f5698ffbd9",
        "LogName":  "Microsoft-Windows-Sysmon/Operational",
        "ProcessId":  2808,
        "ThreadId":  3828,
        "MachineName":  "MSEDGEWIN10",
        "UserId":  {
                       "BinaryLength":  12,
                       "AccountDomainSid":  null,
                       "Value":  "S-1-5-18"
                   },
        "TimeCreated":  "\/Date(1740464891576)\/",
        "ActivityId":  null,
        "RelatedActivityId":  null,
        "ContainerLog":  "d:\\gs1_rm556392\\c2.evtx",
        "MatchedQueryIds":  [

                            ],
        "Bookmark":  {

                     },
        "LevelDisplayName":  null,
        "OpcodeDisplayName":  null,
        "TaskDisplayName":  null,
        "KeywordsDisplayNames":  null,
        "Properties":  [
                           {
                               "Value":  "-"
                           },
                           {
                               "Value":  "2025-02-25 06:28:11.574"
                           },
                           {
                               "Value":  "43199d79-62fb-67bd-6700-000000001000"
                           },
                           {
                               "Value":  3388
                           },
                           {
                               "Value":  "C:\\Windows\\System32\\wevtutil.exe"
                           },
                           {
                               "Value":  "10.0.17763.1 (WinBuild.160101.0800)"
                           },
                           {
                               "Value":  "Eventing Command Line Utility"
                           },
                           {
                               "Value":  "Microsoft® Windows® Operating System"
                           },
                           {
                               "Value":  "Microsoft Corporation"
                           },
                           {
                               "Value":  "wevtutil.exe"
                           },
                           {
                               "Value":  "C:\\Windows\\system32\\wevtutil.exe install-manifest \"C:\\ProgramData\\Microsoft\\Windows Defender\\platform\\4.18.24090.11-0\\Microsoft-Antimalware-NIS.man\" \"/resourceFilePath:C:\\ProgramData\\Microsoft\\Windows Defender\\platform\\4.18.24090.11-0\\NisSrv.exe\" \"/messageFilePath:C:\\ProgramData\\Microsoft\\Windows Defender\\platform\\4.18.24090.11-0\\NisSrv.exe\" \"/parameterFilePath:C:\\ProgramData\\Microsoft\\Windows Defender\\platform\\4.18.24090.11-0\\NisSrv.exe\""
                           },
                           {
                               "Value":  "C:\\Windows\\system32\\"
                           },
                           {
                               "Value":  "NT AUTHORITY\\SYSTEM"
                           },
                           {
                               "Value":  "43199d79-62f1-67bd-e703-000000000000"
                           },
                           {
                               "Value":  999
                           },
                           {
                               "Value":  0
                           },
                           {
                               "Value":  "System"
                           },
                           {
                               "Value":  "MD5=3D2AA064E7017000B1219BBA83D03DC6,SHA256=CCFFE548D686EB10FD825171D9C6D1C20AA59E639130AC8A9098776369E77B99,IMPHASH=05EF63632ADCBF76EE5EE8705934B349"
                           },
                           {
                               "Value":  "43199d79-62f5-67bd-4600-000000001000"
                           },
                           {
                               "Value":  2756
                           },
                           {
                               "Value":  "C:\\ProgramData\\Microsoft\\Windows Defender\\Platform\\4.18.24090.11-0\\MsMpEng.exe"
                           },
                           {
                               "Value":  "\"C:\\ProgramData\\Microsoft\\Windows Defender\\platform\\4.18.24090.11-0\\MsMpEng.exe\""
                           },
                           {
                               "Value":  "NT AUTHORITY\\SYSTEM"
                           }
                       ],
        "Message":  null
    },
    {
        "Id":  22,
        "Version":  5,
        "Qualifiers":  null,
        "Level":  4,
        "Task":  22,
        "Opcode":  0,
        "Keywords":  -9223372036854775808,
        "RecordId":  4125,
        "ProviderName":  "Microsoft-Windows-Sysmon",
        "ProviderId":  "5770385f-c22a-43e0-bf4c-06f5698ffbd9",
        "LogName":  "Microsoft-Windows-Sysmon/Operational",
        "ProcessId":  2808,
        "ThreadId":  3868,
        "MachineName":  "MSEDGEWIN10",
        "UserId":  {
                       "BinaryLength":  12,
                       "AccountDomainSid":  null,
                       "Value":  "S-1-5-18"
                   },
        "TimeCreated":  "\/Date(1740464891755)\/",
        "ActivityId":  null,
        "RelatedActivityId":  null,
        "ContainerLog":  "d:\\gs1_rm556392\\c2.evtx",
        "MatchedQueryIds":  [

                            ],
        "Bookmark":  {

                     },
        "LevelDisplayName":  null,
        "OpcodeDisplayName":  null,
        "TaskDisplayName":  null,
        "KeywordsDisplayNames":  null,
        "Properties":  [
                           {
                               "Value":  "-"
                           },
                           {
                               "Value":  "2025-02-25 06:28:10.680"
                           },
                           {
                               "Value":  "43199d79-62f7-67bd-5100-000000001000"
                           },
                           {
                               "Value":  3492
                           },
                           {
                               "Value":  "MSEDGEWIN10"
                           },
                           {
                               "Value":  "0"
                           },
                           {
                               "Value":  "192.168.208.184;"
                           },
                           {
                               "Value":  "C:\\Windows\\System32\\dllhost.exe"
                           },
                           {
                               "Value":  "NT AUTHORITY\\SYSTEM"
                           }
                       ],
        "Message":  null
    },
    {
        "Id":  1,
        "Version":  5,
        "Qualifiers":  null,
        "Level":  4,
        "Task":  1,
        "Opcode":  0,
        "Keywords":  -9223372036854775808,
        "RecordId":  4126,
        "ProviderName":  "Microsoft-Windows-Sysmon",
        "ProviderId":  "5770385f-c22a-43e0-bf4c-06f5698ffbd9",
        "LogName":  "Microsoft-Windows-Sysmon/Operational",
        "ProcessId":  2808,
        "ThreadId":  3828,
        "MachineName":  "MSEDGEWIN10",
        "UserId":  {
                       "BinaryLength":  12,
                       "AccountDomainSid":  null,
                       "Value":  "S-1-5-18"
                   },
        "TimeCreated":  "\/Date(1740464891756)\/",
        "ActivityId":  null,
        "RelatedActivityId":  null,
        "ContainerLog":  "d:\\gs1_rm556392\\c2.evtx",
        "MatchedQueryIds":  [

                            ],
        "Bookmark":  {

                     },
        "LevelDisplayName":  null,
        "OpcodeDisplayName":  null,
        "TaskDisplayName":  null,
        "KeywordsDisplayNames":  null,
        "Properties":  [
                           {
                               "Value":  "-"
                           },
                           {
                               "Value":  "2025-02-25 06:28:11.754"
                           },
                           {
                               "Value":  "43199d79-62fb-67bd-6900-000000001000"
                           },
                           {
                               "Value":  4080
                           },
                           {
                               "Value":  "C:\\Windows\\System32\\wevtutil.exe"
                           },
                           {
                               "Value":  "10.0.17763.1 (WinBuild.160101.0800)"
                           },
                           {
                               "Value":  "Eventing Command Line Utility"
                           },
                           {
                               "Value":  "Microsoft® Windows® Operating System"
                           },
                           {
                               "Value":  "Microsoft Corporation"
                           },
                           {
                               "Value":  "wevtutil.exe"
                           },
                           {
                               "Value":  "C:\\Windows\\system32\\wevtutil.exe uninstall-manifest \"C:\\ProgramData\\Microsoft\\Windows Defender\\platform\\4.18.24090.11-0\\Microsoft-Antimalware-RTP.man\""
                           },
                           {
                               "Value":  "C:\\Windows\\system32\\"
                           },
                           {
                               "Value":  "NT AUTHORITY\\SYSTEM"
                           },
                           {
                               "Value":  "43199d79-62f1-67bd-e703-000000000000"
                           },
                           {
                               "Value":  999
                           },
                           {
                               "Value":  0
                           },
                           {
                               "Value":  "System"
                           },
                           {
                               "Value":  "MD5=3D2AA064E7017000B1219BBA83D03DC6,SHA256=CCFFE548D686EB10FD825171D9C6D1C20AA59E639130AC8A9098776369E77B99,IMPHASH=05EF63632ADCBF76EE5EE8705934B349"
                           },
                           {
                               "Value":  "43199d79-62f5-67bd-4600-000000001000"
                           },
                           {
                               "Value":  2756
                           },
                           {
                               "Value":  "C:\\ProgramData\\Microsoft\\Windows Defender\\Platform\\4.18.24090.11-0\\MsMpEng.exe"
                           },
                           {
                               "Value":  "\"C:\\ProgramData\\Microsoft\\Windows Defender\\platform\\4.18.24090.11-0\\MsMpEng.exe\""
                           },
                           {
                               "Value":  "NT AUTHORITY\\SYSTEM"
                           }
                       ],
        "Message":  null
    },
    {
        "Id":  1,
        "Version":  5,
        "Qualifiers":  null,
        "Level":  4,
        "Task":  1,
        "Opcode":  0,
        "Keywords":  -9223372036854775808,
        "RecordId":  4127,
        "ProviderName":  "Microsoft-Windows-Sysmon",
        "ProviderId":  "5770385f-c22a-43e0-bf4c-06f5698ffbd9",
        "LogName":  "Microsoft-Windows-Sysmon/Operational",
        "ProcessId":  2808,
        "ThreadId":  3828,
        "MachineName":  "MSEDGEWIN10",
        "UserId":  {
                       "BinaryLength":  12,
                       "AccountDomainSid":  null,
                       "Value":  "S-1-5-18"
                   },
        "TimeCreated":  "\/Date(1740464891855)\/",
        "ActivityId":  null,
        "RelatedActivityId":  null,
        "ContainerLog":  "d:\\gs1_rm556392\\c2.evtx",
        "MatchedQueryIds":  [

                            ],
        "Bookmark":  {

                     },
        "LevelDisplayName":  null,
        "OpcodeDisplayName":  null,
        "TaskDisplayName":  null,
        "KeywordsDisplayNames":  null,
        "Properties":  [
                           {
                               "Value":  "-"
                           },
                           {
                               "Value":  "2025-02-25 06:28:11.853"
                           },
                           {
                               "Value":  "43199d79-62fb-67bd-6b00-000000001000"
                           },
                           {
                               "Value":  4132
                           },
                           {
                               "Value":  "C:\\Windows\\System32\\wevtutil.exe"
                           },
                           {
                               "Value":  "10.0.17763.1 (WinBuild.160101.0800)"
                           },
                           {
                               "Value":  "Eventing Command Line Utility"
                           },
                           {
                               "Value":  "Microsoft® Windows® Operating System"
                           },
                           {
                               "Value":  "Microsoft Corporation"
                           },
                           {
                               "Value":  "wevtutil.exe"
                           },
                           {
                               "Value":  "C:\\Windows\\system32\\wevtutil.exe install-manifest \"C:\\ProgramData\\Microsoft\\Windows Defender\\platform\\4.18.24090.11-0\\Microsoft-Antimalware-RTP.man\" \"/resourceFilePath:C:\\ProgramData\\Microsoft\\Windows Defender\\platform\\4.18.24090.11-0\\MpRtp.dll\" \"/messageFilePath:C:\\ProgramData\\Microsoft\\Windows Defender\\platform\\4.18.24090.11-0\\MpRtp.dll\" \"/parameterFilePath:C:\\ProgramData\\Microsoft\\Windows Defender\\platform\\4.18.24090.11-0\\MpRtp.dll\""
                           },
                           {
                               "Value":  "C:\\Windows\\system32\\"
                           },
                           {
                               "Value":  "NT AUTHORITY\\SYSTEM"
                           },
                           {
                               "Value":  "43199d79-62f1-67bd-e703-000000000000"
                           },
                           {
                               "Value":  999
                           },
                           {
                               "Value":  0
                           },
                           {
                               "Value":  "System"
                           },
                           {
                               "Value":  "MD5=3D2AA064E7017000B1219BBA83D03DC6,SHA256=CCFFE548D686EB10FD825171D9C6D1C20AA59E639130AC8A9098776369E77B99,IMPHASH=05EF63632ADCBF76EE5EE8705934B349"
                           },
                           {
                               "Value":  "43199d79-62f5-67bd-4600-000000001000"
                           },
                           {
                               "Value":  2756
                           },
                           {
                               "Value":  "C:\\ProgramData\\Microsoft\\Windows Defender\\Platform\\4.18.24090.11-0\\MsMpEng.exe"
                           },
                           {
                               "Value":  "\"C:\\ProgramData\\Microsoft\\Windows Defender\\platform\\4.18.24090.11-0\\MsMpEng.exe\""
                           },
                           {
                               "Value":  "NT AUTHORITY\\SYSTEM"
                           }
                       ],
        "Message":  null
    },
    {
        "Id":  1,
        "Version":  5,
        "Qualifiers":  null,
        "Level":  4,
        "Task":  1,
        "Opcode":  0,
        "Keywords":  -9223372036854775808,
        "RecordId":  4128,
        "ProviderName":  "Microsoft-Windows-Sysmon",
        "ProviderId":  "5770385f-c22a-43e0-bf4c-06f5698ffbd9",
        "LogName":  "Microsoft-Windows-Sysmon/Operational",
        "ProcessId":  2808,
        "ThreadId":  3828,
        "MachineName":  "MSEDGEWIN10",
        "UserId":  {
                       "BinaryLength":  12,
                       "AccountDomainSid":  null,
                       "Value":  "S-1-5-18"
                   },
        "TimeCreated":  "\/Date(1740464892010)\/",
        "ActivityId":  null,
        "RelatedActivityId":  null,
        "ContainerLog":  "d:\\gs1_rm556392\\c2.evtx",
        "MatchedQueryIds":  [

                            ],
        "Bookmark":  {

                     },
        "LevelDisplayName":  null,
        "OpcodeDisplayName":  null,
        "TaskDisplayName":  null,
        "KeywordsDisplayNames":  null,
        "Properties":  [
                           {
                               "Value":  "-"
                           },
                           {
                               "Value":  "2025-02-25 06:28:12.009"
                           },
                           {
                               "Value":  "43199d79-62fc-67bd-6d00-000000001000"
                           },
                           {
                               "Value":  4188
                           },
                           {
                               "Value":  "C:\\Windows\\System32\\wevtutil.exe"
                           },
                           {
                               "Value":  "10.0.17763.1 (WinBuild.160101.0800)"
                           },
                           {
                               "Value":  "Eventing Command Line Utility"
                           },
                           {
                               "Value":  "Microsoft® Windows® Operating System"
                           },
                           {
                               "Value":  "Microsoft Corporation"
                           },
                           {
                               "Value":  "wevtutil.exe"
                           },
                           {
                               "Value":  "C:\\Windows\\system32\\wevtutil.exe uninstall-manifest \"C:\\ProgramData\\Microsoft\\Windows Defender\\platform\\4.18.24090.11-0\\Microsoft-Antimalware-Protection.man\""
                           },
                           {
                               "Value":  "C:\\Windows\\system32\\"
                           },
                           {
                               "Value":  "NT AUTHORITY\\SYSTEM"
                           },
                           {
                               "Value":  "43199d79-62f1-67bd-e703-000000000000"
                           },
                           {
                               "Value":  999
                           },
                           {
                               "Value":  0
                           },
                           {
                               "Value":  "System"
                           },
                           {
                               "Value":  "MD5=3D2AA064E7017000B1219BBA83D03DC6,SHA256=CCFFE548D686EB10FD825171D9C6D1C20AA59E639130AC8A9098776369E77B99,IMPHASH=05EF63632ADCBF76EE5EE8705934B349"
                           },
                           {
                               "Value":  "43199d79-62f5-67bd-4600-000000001000"
                           },
                           {
                               "Value":  2756
                           },
                           {
                               "Value":  "C:\\ProgramData\\Microsoft\\Windows Defender\\Platform\\4.18.24090.11-0\\MsMpEng.exe"
                           },
                           {
                               "Value":  "\"C:\\ProgramData\\Microsoft\\Windows Defender\\platform\\4.18.24090.11-0\\MsMpEng.exe\""
                           },
                           {
                               "Value":  "NT AUTHORITY\\SYSTEM"
                           }
                       ],
        "Message":  null
    },
