[
    {
        "Id":  1,
        "Version":  5,
        "Qualifiers":  null,
        "Level":  4,
        "Task":  1,
        "Opcode":  0,
        "Keywords":  -9223372036854775808,
        "RecordId":  3986,
        "ProviderName":  "Microsoft-Windows-Sysmon",
        "ProviderId":  "5770385f-c22a-43e0-bf4c-06f5698ffbd9",
        "LogName":  "Microsoft-Windows-Sysmon/Operational",
        "ProcessId":  2732,
        "ThreadId":  4308,
        "MachineName":  "MSEDGEWIN10",
        "UserId":  {
                       "BinaryLength":  12,
                       "AccountDomainSid":  null,
                       "Value":  "S-1-5-18"
                   },
        "TimeCreated":  "\/Date(1740464211700)\/",
        "ActivityId":  null,
        "RelatedActivityId":  null,
        "ContainerLog":  "d:\\gs1_rm556392\\c2.evtx",
        "MatchedQueryIds":  [

                            ],
        "Bookmark":  {

                     },
        "LevelDisplayName":  null,
        "OpcodeDisplayName":  null,
        "TaskDisplayName":  null,
        "KeywordsDisplayNames":  null,
        "Properties":  [
                           {
                               "Value":  "-"
                           },
                           {
                               "Value":  "2025-02-25 06:16:51.696"
                           },
                           {
                               "Value":  "43199d79-6053-67bd-4a02-000000000f00"
                           },
                           {
                               "Value":  7472
                           },
                           {
                               "Value":  "C:\\Windows\\System32\\svchost.exe"
                           },
                           {
                               "Value":  "10.0.17763.1 (WinBuild.160101.0800)"
                           },
                           {
                               "Value":  "Host Process for Windows Services"
                           },
                           {
                               "Value":  "Microsoft® Windows® Operating System"
                           },
                           {
                               "Value":  "Microsoft Corporation"
                           },
                           {
                               "Value":  "svchost.exe"
                           },
                           {
                               "Value":  "C:\\Windows\\System32\\svchost.exe -k netsvcs -p"
                           },
                           {
                               "Value":  "C:\\Windows\\system32\\"
                           },
                           {
                               "Value":  "NT AUTHORITY\\SYSTEM"
                           },
                           {
                               "Value":  "43199d79-574f-67bd-e703-000000000000"
                           },
                           {
                               "Value":  999
                           },
                           {
                               "Value":  0
                           },
                           {
                               "Value":  "System"
                           },
                           {
                               "Value":  "MD5=8A0A29438052FAED8A2532DA50455756,SHA256=7FD065BAC18C5278777AE44908101CDFED72D26FA741367F0AD4D02020787AB6,IMPHASH=247B9220E5D9B720A82B2C8B5069AD69"
                           },
                           {
                               "Value":  "43199d79-574f-67bd-0b00-000000000f00"
                           },
                           {
                               "Value":  620
                           },
                           {
                               "Value":  "C:\\Windows\\System32\\services.exe"
                           },
                           {
                               "Value":  "C:\\Windows\\system32\\services.exe"
                           },
                           {
                               "Value":  "NT AUTHORITY\\SYSTEM"
                           }
                       ],
        "Message":  null
    },
    {
        "Id":  22,
        "Version":  5,
        "Qualifiers":  null,
        "Level":  4,
        "Task":  22,
        "Opcode":  0,
        "Keywords":  -9223372036854775808,
        "RecordId":  3987,
        "ProviderName":  "Microsoft-Windows-Sysmon",
        "ProviderId":  "5770385f-c22a-43e0-bf4c-06f5698ffbd9",
        "LogName":  "Microsoft-Windows-Sysmon/Operational",
        "ProcessId":  2732,
        "ThreadId":  4320,
        "MachineName":  "MSEDGEWIN10",
        "UserId":  {
                       "BinaryLength":  12,
                       "AccountDomainSid":  null,
                       "Value":  "S-1-5-18"
                   },
        "TimeCreated":  "\/Date(1740464221667)\/",
        "ActivityId":  null,
        "RelatedActivityId":  null,
        "ContainerLog":  "d:\\gs1_rm556392\\c2.evtx",
        "MatchedQueryIds":  [

                            ],
        "Bookmark":  {

                     },
        "LevelDisplayName":  null,
        "OpcodeDisplayName":  null,
        "TaskDisplayName":  null,
        "KeywordsDisplayNames":  null,
        "Properties":  [
                           {
                               "Value":  "-"
                           },
                           {
                               "Value":  "2025-02-25 06:21:11.492"
                           },
                           {
                               "Value":  "43199d79-605c-67bd-4c02-000000000f00"
                           },
                           {
                               "Value":  9176
                           },
                           {
                               "Value":  "img-s-msn-com.akamaized.net"
                           },
                           {
                               "Value":  "0"
                           },
                           {
                               "Value":  "type:  5 a1834.dscg2.akamai.net;::ffff:191.249.246.145;::ffff:191.249.246.123;::ffff:191.249.246.139;"
                           },
                           {
                               "Value":  "C:\\Windows\\System32\\MicrosoftEdgeCP.exe"
                           },
                           {
                               "Value":  "MSEDGEWIN10\\IEUser"
                           }
                       ],
        "Message":  null
    },
    {
        "Id":  22,
        "Version":  5,
        "Qualifiers":  null,
        "Level":  4,
        "Task":  22,
        "Opcode":  0,
        "Keywords":  -9223372036854775808,
        "RecordId":  3988,
        "ProviderName":  "Microsoft-Windows-Sysmon",
        "ProviderId":  "5770385f-c22a-43e0-bf4c-06f5698ffbd9",
        "LogName":  "Microsoft-Windows-Sysmon/Operational",
        "ProcessId":  2732,
        "ThreadId":  4320,
        "MachineName":  "MSEDGEWIN10",
        "UserId":  {
                       "BinaryLength":  12,
                       "AccountDomainSid":  null,
                       "Value":  "S-1-5-18"
                   },
        "TimeCreated":  "\/Date(1740464221667)\/",
        "ActivityId":  null,
        "RelatedActivityId":  null,
        "ContainerLog":  "d:\\gs1_rm556392\\c2.evtx",
        "MatchedQueryIds":  [

                            ],
        "Bookmark":  {

                     },
        "LevelDisplayName":  null,
        "OpcodeDisplayName":  null,
        "TaskDisplayName":  null,
        "KeywordsDisplayNames":  null,
        "Properties":  [
                           {
                               "Value":  "-"
                           },
                           {
                               "Value":  "2025-02-25 06:21:11.519"
                           },
                           {
                               "Value":  "43199d79-5fd6-67bd-3d02-000000000f00"
                           },
                           {
                               "Value":  1160
                           },
                           {
                               "Value":  "img-s-msn-com.akamaized.net"
                           },
                           {
                               "Value":  "0"
                           },
                           {
                               "Value":  "type:  5 a1834.dscg2.akamai.net;::ffff:191.249.246.145;::ffff:191.249.246.123;::ffff:191.249.246.139;"
                           },
                           {
                               "Value":  "C:\\Windows\\SystemApps\\Microsoft.MicrosoftEdge_8wekyb3d8bbwe\\MicrosoftEdge.exe"
                           },
                           {
                               "Value":  "MSEDGEWIN10\\IEUser"
                           }
                       ],
        "Message":  null
    },
    {
        "Id":  22,
        "Version":  5,
        "Qualifiers":  null,
        "Level":  4,
        "Task":  22,
        "Opcode":  0,
        "Keywords":  -9223372036854775808,
        "RecordId":  3989,
        "ProviderName":  "Microsoft-Windows-Sysmon",
        "ProviderId":  "5770385f-c22a-43e0-bf4c-06f5698ffbd9",
        "LogName":  "Microsoft-Windows-Sysmon/Operational",
        "ProcessId":  2732,
        "ThreadId":  4320,
        "MachineName":  "MSEDGEWIN10",
        "UserId":  {
                       "BinaryLength":  12,
                       "AccountDomainSid":  null,
                       "Value":  "S-1-5-18"
                   },
        "TimeCreated":  "\/Date(1740464283201)\/",
        "ActivityId":  null,
        "RelatedActivityId":  null,
        "ContainerLog":  "d:\\gs1_rm556392\\c2.evtx",
        "MatchedQueryIds":  [

                            ],
        "Bookmark":  {

                     },
        "LevelDisplayName":  null,
        "OpcodeDisplayName":  null,
        "TaskDisplayName":  null,
        "KeywordsDisplayNames":  null,
        "Properties":  [
                           {
                               "Value":  "-"
                           },
                           {
                               "Value":  "2025-02-25 06:22:19.330"
                           },
                           {
                               "Value":  "43199d79-5fd6-67bd-3d02-000000000f00"
                           },
                           {
                               "Value":  1160
                           },
                           {
                               "Value":  "hackudo.com"
                           },
                           {
                               "Value":  "0"
                           },
                           {
                               "Value":  "::ffff:192.168.208.182;"
                           },
                           {
                               "Value":  "C:\\Windows\\SystemApps\\Microsoft.MicrosoftEdge_8wekyb3d8bbwe\\MicrosoftEdge.exe"
                           },
                           {
                               "Value":  "MSEDGEWIN10\\IEUser"
                           }
                       ],
        "Message":  null
    },
    {
        "Id":  22,
        "Version":  5,
        "Qualifiers":  null,
        "Level":  4,
        "Task":  22,
        "Opcode":  0,
        "Keywords":  -9223372036854775808,
        "RecordId":  3990,
        "ProviderName":  "Microsoft-Windows-Sysmon",
        "ProviderId":  "5770385f-c22a-43e0-bf4c-06f5698ffbd9",
        "LogName":  "Microsoft-Windows-Sysmon/Operational",
        "ProcessId":  2732,
        "ThreadId":  4320,
        "MachineName":  "MSEDGEWIN10",
        "UserId":  {
                       "BinaryLength":  12,
                       "AccountDomainSid":  null,
                       "Value":  "S-1-5-18"
                   },
        "TimeCreated":  "\/Date(1740464283201)\/",
        "ActivityId":  null,
        "RelatedActivityId":  null,
        "ContainerLog":  "d:\\gs1_rm556392\\c2.evtx",
        "MatchedQueryIds":  [

                            ],
        "Bookmark":  {

                     },
        "LevelDisplayName":  null,
        "OpcodeDisplayName":  null,
        "TaskDisplayName":  null,
        "KeywordsDisplayNames":  null,
        "Properties":  [
                           {
                               "Value":  "-"
                           },
                           {
                               "Value":  "2025-02-25 06:22:19.376"
                           },
                           {
                               "Value":  "43199d79-6054-67bd-4b02-000000000f00"
                           },
                           {
                               "Value":  8240
                           },
                           {
                               "Value":  "hackudo.com"
                           },
                           {
                               "Value":  "0"
                           },
                           {
                               "Value":  "::ffff:192.168.208.182;"
                           },
                           {
                               "Value":  "C:\\Windows\\System32\\MicrosoftEdgeCP.exe"
                           },
                           {
                               "Value":  "MSEDGEWIN10\\IEUser"
                           }
                       ],
        "Message":  null
    },
    {
        "Id":  1,
        "Version":  5,
        "Qualifiers":  null,
        "Level":  4,
        "Task":  1,
        "Opcode":  0,
        "Keywords":  -9223372036854775808,
        "RecordId":  3991,
        "ProviderName":  "Microsoft-Windows-Sysmon",
        "ProviderId":  "5770385f-c22a-43e0-bf4c-06f5698ffbd9",
        "LogName":  "Microsoft-Windows-Sysmon/Operational",
        "ProcessId":  2732,
        "ThreadId":  4308,
        "MachineName":  "MSEDGEWIN10",
        "UserId":  {
                       "BinaryLength":  12,
                       "AccountDomainSid":  null,
                       "Value":  "S-1-5-18"
                   },
        "TimeCreated":  "\/Date(1740464318296)\/",
        "ActivityId":  null,
        "RelatedActivityId":  null,
        "ContainerLog":  "d:\\gs1_rm556392\\c2.evtx",
        "MatchedQueryIds":  [

                            ],
        "Bookmark":  {

                     },
        "LevelDisplayName":  null,
        "OpcodeDisplayName":  null,
        "TaskDisplayName":  null,
        "KeywordsDisplayNames":  null,
        "Properties":  [
                           {
                               "Value":  "-"
                           },
                           {
                               "Value":  "2025-02-25 06:18:38.295"
                           },
                           {
                               "Value":  "43199d79-60be-67bd-5302-000000000f00"
                           },
                           {
                               "Value":  6232
                           },
                           {
                               "Value":  "C:\\Users\\IEUser\\Desktop\\bizonho.exe"
                           },
                           {
                               "Value":  "2.2.14"
                           },
                           {
                               "Value":  "ApacheBench command line utility"
                           },
                           {
                               "Value":  "Apache HTTP Server"
                           },
                           {
                               "Value":  "Apache Software Foundation"
                           },
                           {
                               "Value":  "ab.exe"
                           },
                           {
                               "Value":  "\"C:\\Users\\IEUser\\Desktop\\bizonho.exe\" "
                           },
                           {
                               "Value":  "C:\\Users\\IEUser\\Desktop\\"
                           },
                           {
                               "Value":  "MSEDGEWIN10\\IEUser"
                           },
                           {
                               "Value":  "43199d79-5785-67bd-6e08-060000000000"
                           },
                           {
                               "Value":  395374
                           },
                           {
                               "Value":  1
                           },
                           {
                               "Value":  "Medium"
                           },
                           {
                               "Value":  "MD5=88FA0EC7CA9336105C46D55B62B68697,SHA256=203164542CF40AB8613C2A3A6F9742B1508C85BBC4DDB0B0FC78C01B63784B50,IMPHASH=481F47BBB2C9C21E108D65F52B04C448"
                           },
                           {
                               "Value":  "43199d79-5789-67bd-9400-000000000f00"
                           },
                           {
                               "Value":  4656
                           },
                           {
                               "Value":  "C:\\Windows\\explorer.exe"
                           },
                           {
                               "Value":  "C:\\Windows\\Explorer.EXE"
                           },
                           {
                               "Value":  "MSEDGEWIN10\\IEUser"
                           }
                       ],
        "Message":  null
    },
    {
        "Id":  3,
        "Version":  5,
        "Qualifiers":  null,
        "Level":  4,
        "Task":  3,
        "Opcode":  0,
        "Keywords":  -9223372036854775808,
        "RecordId":  3992,
        "ProviderName":  "Microsoft-Windows-Sysmon",
        "ProviderId":  "5770385f-c22a-43e0-bf4c-06f5698ffbd9",
        "LogName":  "Microsoft-Windows-Sysmon/Operational",
        "ProcessId":  2732,
        "ThreadId":  3988,
        "MachineName":  "MSEDGEWIN10",
        "UserId":  {
                       "BinaryLength":  12,
                       "AccountDomainSid":  null,
                       "Value":  "S-1-5-18"
                   },
        "TimeCreated":  "\/Date(1740464320326)\/",
        "ActivityId":  null,
        "RelatedActivityId":  null,
        "ContainerLog":  "d:\\gs1_rm556392\\c2.evtx",
        "MatchedQueryIds":  [

                            ],
        "Bookmark":  {

                     },
        "LevelDisplayName":  null,
        "OpcodeDisplayName":  null,
        "TaskDisplayName":  null,
        "KeywordsDisplayNames":  null,
        "Properties":  [
                           {
                               "Value":  "Usermode"
                           },
                           {
                               "Value":  "2025-02-25 06:22:59.355"
                           },
                           {
                               "Value":  "43199d79-60be-67bd-5302-000000000f00"
                           },
                           {
                               "Value":  6232
                           },
                           {
                               "Value":  "C:\\Users\\IEUser\\Desktop\\bizonho.exe"
                           },
                           {
                               "Value":  "MSEDGEWIN10\\IEUser"
                           },
                           {
                               "Value":  "tcp"
                           },
                           {
                               "Value":  true
                           },
                           {
                               "Value":  false
                           },
                           {
                               "Value":  "192.168.208.184"
                           },
                           {
                               "Value":  "MSEDGEWIN10.localdomain"
                           },
                           {
                               "Value":  51035
                           },
                           {
                               "Value":  "-"
                           },
                           {
                               "Value":  false
                           },
                           {
                               "Value":  "192.168.208.182"
                           },
                           {
                               "Value":  "-"
                           },
                           {
                               "Value":  4444
                           },
                           {
                               "Value":  "-"
                           }
                       ],
        "Message":  null
    },
    {
        "Id":  1,
        "Version":  5,
        "Qualifiers":  null,
        "Level":  4,
        "Task":  1,
        "Opcode":  0,
        "Keywords":  -9223372036854775808,
        "RecordId":  3993,
        "ProviderName":  "Microsoft-Windows-Sysmon",
        "ProviderId":  "5770385f-c22a-43e0-bf4c-06f5698ffbd9",
        "LogName":  "Microsoft-Windows-Sysmon/Operational",
        "ProcessId":  2732,
        "ThreadId":  4308,
        "MachineName":  "MSEDGEWIN10",
        "UserId":  {
                       "BinaryLength":  12,
                       "AccountDomainSid":  null,
                       "Value":  "S-1-5-18"
                   },
        "TimeCreated":  "\/Date(1740464329630)\/",
        "ActivityId":  null,
        "RelatedActivityId":  null,
        "ContainerLog":  "d:\\gs1_rm556392\\c2.evtx",
        "MatchedQueryIds":  [

                            ],
        "Bookmark":  {

                     },
        "LevelDisplayName":  null,
        "OpcodeDisplayName":  null,
        "TaskDisplayName":  null,
        "KeywordsDisplayNames":  null,
        "Properties":  [
                           {
                               "Value":  "-"
                           },
                           {
                               "Value":  "2025-02-25 06:18:49.628"
                           },
                           {
                               "Value":  "43199d79-60c9-67bd-5402-000000000f00"
                           },
                           {
                               "Value":  5764
                           },
                           {
                               "Value":  "C:\\Windows\\SysWOW64\\cmd.exe"
                           },
                           {
                               "Value":  "10.0.17763.1 (WinBuild.160101.0800)"
                           },
                           {
                               "Value":  "Windows Command Processor"
                           },
                           {
                               "Value":  "Microsoft® Windows® Operating System"
                           },
                           {
                               "Value":  "Microsoft Corporation"
                           },
                           {
                               "Value":  "Cmd.Exe"
                           },
                           {
                               "Value":  "C:\\Windows\\system32\\cmd.exe "
                           },
                           {
                               "Value":  "C:\\Users\\IEUser\\Desktop\\"
                           },
                           {
                               "Value":  "MSEDGEWIN10\\IEUser"
                           },
                           {
                               "Value":  "43199d79-5785-67bd-6e08-060000000000"
                           },
                           {
                               "Value":  395374
                           },
                           {
                               "Value":  1
                           },
                           {
                               "Value":  "Medium"
                           },
                           {
                               "Value":  "MD5=49A39B84AFF09FEE66BB853130BD860D,SHA256=E51AD741825534E972A6BE69AF13599C2FA3AFAC95BDD605C9617D21DF895EFB,IMPHASH=392B4D61B1D1DADC1F06444DF258188A"
                           },
                           {
                               "Value":  "43199d79-60be-67bd-5302-000000000f00"
                           },
                           {
                               "Value":  6232
                           },
                           {
                               "Value":  "C:\\Users\\IEUser\\Desktop\\bizonho.exe"
                           },
                           {
                               "Value":  "\"C:\\Users\\IEUser\\Desktop\\bizonho.exe\" "
                           },
                           {
                               "Value":  "MSEDGEWIN10\\IEUser"
                           }
                       ],
        "Message":  null
    },
    {
        "Id":  1,
        "Version":  5,
        "Qualifiers":  null,
        "Level":  4,
        "Task":  1,
        "Opcode":  0,
        "Keywords":  -9223372036854775808,
        "RecordId":  3994,
        "ProviderName":  "Microsoft-Windows-Sysmon",
        "ProviderId":  "5770385f-c22a-43e0-bf4c-06f5698ffbd9",
        "LogName":  "Microsoft-Windows-Sysmon/Operational",
        "ProcessId":  2732,
        "ThreadId":  4308,
        "MachineName":  "MSEDGEWIN10",
        "UserId":  {
                       "BinaryLength":  12,
                       "AccountDomainSid":  null,
                       "Value":  "S-1-5-18"
                   },
        "TimeCreated":  "\/Date(1740464363926)\/",
        "ActivityId":  null,
        "RelatedActivityId":  null,
        "ContainerLog":  "d:\\gs1_rm556392\\c2.evtx",
        "MatchedQueryIds":  [

                            ],
        "Bookmark":  {

                     },
        "LevelDisplayName":  null,
        "OpcodeDisplayName":  null,
        "TaskDisplayName":  null,
        "KeywordsDisplayNames":  null,
        "Properties":  [
                           {
                               "Value":  "-"
                           },
                           {
                               "Value":  "2025-02-25 06:19:23.921"
                           },
                           {
                               "Value":  "43199d79-60eb-67bd-5602-000000000f00"
                           },
                           {
                               "Value":  6844
                           },
                           {
                               "Value":  "C:\\Windows\\SysWOW64\\net.exe"
                           },
                           {
                               "Value":  "10.0.17763.1 (WinBuild.160101.0800)"
                           },
                           {
                               "Value":  "Net Command"
                           },
                           {
                               "Value":  "Microsoft® Windows® Operating System"
                           },
                           {
                               "Value":  "Microsoft Corporation"
                           },
                           {
                               "Value":  "net.exe"
                           },
                           {
                               "Value":  "net  user tonhodalua"
                           },
                           {
                               "Value":  "C:\\Users\\IEUser\\Desktop\\"
                           },
                           {
                               "Value":  "MSEDGEWIN10\\IEUser"
                           },
                           {
                               "Value":  "43199d79-5785-67bd-6e08-060000000000"
                           },
                           {
                               "Value":  395374
                           },
                           {
                               "Value":  1
                           },
                           {
                               "Value":  "Medium"
                           },
                           {
                               "Value":  "MD5=CB0744AA7ACB8B8A960FCCE3259739EC,SHA256=1FB73D95BD75DCC9734C2586E8D9C5EEA74706786D6AD71523FFC8799817348F,IMPHASH=AC592B83B5CAEB41A6F6DF7DB53F9076"
                           },
                           {
                               "Value":  "43199d79-60c9-67bd-5402-000000000f00"
                           },
                           {
                               "Value":  5764
                           },
                           {
                               "Value":  "C:\\Windows\\SysWOW64\\cmd.exe"
                           },
                           {
                               "Value":  "C:\\Windows\\system32\\cmd.exe "
                           },
                           {
                               "Value":  "MSEDGEWIN10\\IEUser"
                           }
                       ],
        "Message":  null
    },
    {
        "Id":  1,
        "Version":  5,
        "Qualifiers":  null,
        "Level":  4,
        "Task":  1,
        "Opcode":  0,
        "Keywords":  -9223372036854775808,
        "RecordId":  3995,
        "ProviderName":  "Microsoft-Windows-Sysmon",
        "ProviderId":  "5770385f-c22a-43e0-bf4c-06f5698ffbd9",
        "LogName":  "Microsoft-Windows-Sysmon/Operational",
        "ProcessId":  2732,
        "ThreadId":  4308,
        "MachineName":  "MSEDGEWIN10",
        "UserId":  {
                       "BinaryLength":  12,
                       "AccountDomainSid":  null,
                       "Value":  "S-1-5-18"
                   },
        "TimeCreated":  "\/Date(1740464363961)\/",
        "ActivityId":  null,
        "RelatedActivityId":  null,
        "ContainerLog":  "d:\\gs1_rm556392\\c2.evtx",
        "MatchedQueryIds":  [

                            ],
        "Bookmark":  {

                     },
        "LevelDisplayName":  null,
        "OpcodeDisplayName":  null,
        "TaskDisplayName":  null,
        "KeywordsDisplayNames":  null,
        "Properties":  [
                           {
                               "Value":  "-"
                           },
                           {
                               "Value":  "2025-02-25 06:19:23.957"
                           },
                           {
                               "Value":  "43199d79-60eb-67bd-5702-000000000f00"
                           },
                           {
                               "Value":  4796
                           },
                           {
                               "Value":  "C:\\Windows\\SysWOW64\\net1.exe"
                           },
                           {
                               "Value":  "10.0.17763.1 (WinBuild.160101.0800)"
                           },
                           {
                               "Value":  "Net Command"
                           },
                           {
                               "Value":  "Microsoft® Windows® Operating System"
                           },
                           {
                               "Value":  "Microsoft Corporation"
                           },
                           {
                               "Value":  "net1.exe"
                           },
                           {
                               "Value":  "C:\\Windows\\system32\\net1  user tonhodalua"
                           },
                           {
                               "Value":  "C:\\Users\\IEUser\\Desktop\\"
                           },
                           {
                               "Value":  "MSEDGEWIN10\\IEUser"
                           },
                           {
                               "Value":  "43199d79-5785-67bd-6e08-060000000000"
                           },
                           {
                               "Value":  395374
                           },
                           {
                               "Value":  1
                           },
                           {
                               "Value":  "Medium"
                           },
                           {
                               "Value":  "MD5=E28124DF01CA79FD93F3B7C48DECDAC0,SHA256=383ECC5DBCDD98163C556CA6E4486C5DC6A35C3F1CFF88DCF12DA2CDABA80970,IMPHASH=F44A3CB56AC156111E03B2437FC54F18"
                           },
                           {
                               "Value":  "43199d79-60eb-67bd-5602-000000000f00"
                           },
                           {
                               "Value":  6844
                           },
                           {
                               "Value":  "C:\\Windows\\SysWOW64\\net.exe"
                           },
                           {
                               "Value":  "net  user tonhodalua"
                           },
                           {
                               "Value":  "MSEDGEWIN10\\IEUser"
                           }
                       ],
        "Message":  null
    },
    {
        "Id":  1,
        "Version":  5,
        "Qualifiers":  null,
        "Level":  4,
        "Task":  1,
        "Opcode":  0,
        "Keywords":  -9223372036854775808,
        "RecordId":  3996,
        "ProviderName":  "Microsoft-Windows-Sysmon",
        "ProviderId":  "5770385f-c22a-43e0-bf4c-06f5698ffbd9",
        "LogName":  "Microsoft-Windows-Sysmon/Operational",
        "ProcessId":  2732,
        "ThreadId":  4308,
        "MachineName":  "MSEDGEWIN10",
        "UserId":  {
                       "BinaryLength":  12,
                       "AccountDomainSid":  null,
                       "Value":  "S-1-5-18"
                   },
        "TimeCreated":  "\/Date(1740464390571)\/",
        "ActivityId":  null,
        "RelatedActivityId":  null,
        "ContainerLog":  "d:\\gs1_rm556392\\c2.evtx",
        "MatchedQueryIds":  [

                            ],
        "Bookmark":  {

                     },
        "LevelDisplayName":  null,
        "OpcodeDisplayName":  null,
        "TaskDisplayName":  null,
        "KeywordsDisplayNames":  null,
        "Properties":  [
                           {
                               "Value":  "-"
                           },
                           {
                               "Value":  "2025-02-25 06:19:50.570"
                           },
                           {
                               "Value":  "43199d79-6106-67bd-5802-000000000f00"
                           },
                           {
                               "Value":  8420
                           },
                           {
                               "Value":  "C:\\Windows\\SysWOW64\\net.exe"
                           },
                           {
                               "Value":  "10.0.17763.1 (WinBuild.160101.0800)"
                           },
                           {
                               "Value":  "Net Command"
                           },
                           {
                               "Value":  "Microsoft® Windows® Operating System"
                           },
                           {
                               "Value":  "Microsoft Corporation"
                           },
                           {
                               "Value":  "net.exe"
                           },
                           {
                               "Value":  "net  user /domain"
                           },
                           {
                               "Value":  "C:\\Users\\IEUser\\Desktop\\"
                           },
                           {
                               "Value":  "MSEDGEWIN10\\IEUser"
                           },
                           {
                               "Value":  "43199d79-5785-67bd-6e08-060000000000"
                           },
                           {
                               "Value":  395374
                           },
                           {
                               "Value":  1
                           },
                           {
                               "Value":  "Medium"
                           },
                           {
                               "Value":  "MD5=CB0744AA7ACB8B8A960FCCE3259739EC,SHA256=1FB73D95BD75DCC9734C2586E8D9C5EEA74706786D6AD71523FFC8799817348F,IMPHASH=AC592B83B5CAEB41A6F6DF7DB53F9076"
                           },
                           {
                               "Value":  "43199d79-60c9-67bd-5402-000000000f00"
                           },
                           {
                               "Value":  5764
                           },
                           {
                               "Value":  "C:\\Windows\\SysWOW64\\cmd.exe"
                           },
                           {
                               "Value":  "C:\\Windows\\system32\\cmd.exe "
                           },
                           {
                               "Value":  "MSEDGEWIN10\\IEUser"
                           }
                       ],
        "Message":  null
    },
    {
        "Id":  1,
        "Version":  5,
        "Qualifiers":  null,
        "Level":  4,
        "Task":  1,
        "Opcode":  0,
        "Keywords":  -9223372036854775808,
        "RecordId":  3997,
        "ProviderName":  "Microsoft-Windows-Sysmon",
        "ProviderId":  "5770385f-c22a-43e0-bf4c-06f5698ffbd9",
        "LogName":  "Microsoft-Windows-Sysmon/Operational",
        "ProcessId":  2732,
        "ThreadId":  4308,
        "MachineName":  "MSEDGEWIN10",
        "UserId":  {
                       "BinaryLength":  12,
                       "AccountDomainSid":  null,
                       "Value":  "S-1-5-18"
                   },
        "TimeCreated":  "\/Date(1740464390595)\/",
        "ActivityId":  null,
        "RelatedActivityId":  null,
        "ContainerLog":  "d:\\gs1_rm556392\\c2.evtx",
        "MatchedQueryIds":  [

                            ],
        "Bookmark":  {

                     },
        "LevelDisplayName":  null,
        "OpcodeDisplayName":  null,
        "TaskDisplayName":  null,
        "KeywordsDisplayNames":  null,
        "Properties":  [
                           {
                               "Value":  "-"
                           },
                           {
                               "Value":  "2025-02-25 06:19:50.593"
                           },
                           {
                               "Value":  "43199d79-6106-67bd-5902-000000000f00"
                           },
                           {
                               "Value":  9096
                           },
                           {
                               "Value":  "C:\\Windows\\SysWOW64\\net1.exe"
                           },
                           {
                               "Value":  "10.0.17763.1 (WinBuild.160101.0800)"
                           },
                           {
                               "Value":  "Net Command"
                           },
                           {
                               "Value":  "Microsoft® Windows® Operating System"
                           },
                           {
                               "Value":  "Microsoft Corporation"
                           },
                           {
                               "Value":  "net1.exe"
                           },
                           {
                               "Value":  "C:\\Windows\\system32\\net1  user /domain"
                           },
                           {
                               "Value":  "C:\\Users\\IEUser\\Desktop\\"
                           },
                           {
                               "Value":  "MSEDGEWIN10\\IEUser"
                           },
                           {
                               "Value":  "43199d79-5785-67bd-6e08-060000000000"
                           },
                           {
                               "Value":  395374
                           },
                           {
                               "Value":  1
                           },
                           {
                               "Value":  "Medium"
                           },
                           {
                               "Value":  "MD5=E28124DF01CA79FD93F3B7C48DECDAC0,SHA256=383ECC5DBCDD98163C556CA6E4486C5DC6A35C3F1CFF88DCF12DA2CDABA80970,IMPHASH=F44A3CB56AC156111E03B2437FC54F18"
                           },
                           {
                               "Value":  "43199d79-6106-67bd-5802-000000000f00"
                           },
                           {
                               "Value":  8420
                           },
                           {
                               "Value":  "C:\\Windows\\SysWOW64\\net.exe"
                           },
                           {
                               "Value":  "net  user /domain"
                           },
                           {
                               "Value":  "MSEDGEWIN10\\IEUser"
                           }
                       ],
        "Message":  null
    },
    {
        "Id":  1,
        "Version":  5,
        "Qualifiers":  null,
        "Level":  4,
        "Task":  1,
        "Opcode":  0,
        "Keywords":  -9223372036854775808,
        "RecordId":  3998,
        "ProviderName":  "Microsoft-Windows-Sysmon",
        "ProviderId":  "5770385f-c22a-43e0-bf4c-06f5698ffbd9",
        "LogName":  "Microsoft-Windows-Sysmon/Operational",
        "ProcessId":  2732,
        "ThreadId":  4308,
        "MachineName":  "MSEDGEWIN10",
        "UserId":  {
                       "BinaryLength":  12,
                       "AccountDomainSid":  null,
                       "Value":  "S-1-5-18"
                   },
        "TimeCreated":  "\/Date(1740464440947)\/",
        "ActivityId":  null,
        "RelatedActivityId":  null,
        "ContainerLog":  "d:\\gs1_rm556392\\c2.evtx",
        "MatchedQueryIds":  [

                            ],
        "Bookmark":  {

                     },
        "LevelDisplayName":  null,
        "OpcodeDisplayName":  null,
        "TaskDisplayName":  null,
        "KeywordsDisplayNames":  null,
        "Properties":  [
                           {
                               "Value":  "-"
                           },
                           {
                               "Value":  "2025-02-25 06:20:40.900"
                           },
                           {
                               "Value":  "43199d79-6138-67bd-5b02-000000000f00"
                           },
                           {
                               "Value":  9680
                           },
                           {
                               "Value":  "C:\\Users\\IEUser\\AppData\\Local\\Microsoft\\OneDrive\\OneDriveStandaloneUpdater.exe"
                           },
                           {
                               "Value":  "21.220.1024.0005"
                           },
                           {
                               "Value":  "Standalone Updater"
                           },
                           {
                               "Value":  "Microsoft OneDrive"
                           },
                           {
                               "Value":  "Microsoft Corporation"
                           },
                           {
                               "Value":  "OneDriveStandaloneUpdater.exe"
                           },
                           {
                               "Value":  "C:\\Users\\IEUser\\AppData\\Local\\Microsoft\\OneDrive\\OneDriveStandaloneUpdater.exe /reporting"
                           },
                           {
                               "Value":  "C:\\Windows\\system32\\"
                           },
                           {
                               "Value":  "MSEDGEWIN10\\IEUser"
                           },
                           {
                               "Value":  "43199d79-5785-67bd-6e08-060000000000"
                           },
                           {
                               "Value":  395374
                           },
                           {
                               "Value":  1
                           },
                           {
                               "Value":  "Medium"
                           },
                           {
                               "Value":  "MD5=9CDABFBF75FD35E615C9F85FEDAFCE8A,SHA256=969FBB03015DD9F33BAF45F2750E36B77003A7E18C3954FAB890CDDC94046673,IMPHASH=8A9B6B9A0104F7B970368F308D561C54"
                           },
                           {
                               "Value":  "43199d79-5750-67bd-2000-000000000f00"
                           },
                           {
                               "Value":  1364
                           },
                           {
                               "Value":  "C:\\Windows\\System32\\svchost.exe"
                           },
                           {
                               "Value":  "C:\\Windows\\system32\\svchost.exe -k netsvcs -p -s Schedule"
                           },
                           {
                               "Value":  "NT AUTHORITY\\SYSTEM"
                           }
                       ],
        "Message":  null
    },
    {
        "Id":  22,
        "Version":  5,
        "Qualifiers":  null,
        "Level":  4,
        "Task":  22,
        "Opcode":  0,
        "Keywords":  -9223372036854775808,
        "RecordId":  3999,
        "ProviderName":  "Microsoft-Windows-Sysmon",
        "ProviderId":  "5770385f-c22a-43e0-bf4c-06f5698ffbd9",
        "LogName":  "Microsoft-Windows-Sysmon/Operational",
        "ProcessId":  2732,
        "ThreadId":  4320,
        "MachineName":  "MSEDGEWIN10",
        "UserId":  {
                       "BinaryLength":  12,
                       "AccountDomainSid":  null,
                       "Value":  "S-1-5-18"
                   },
        "TimeCreated":  "\/Date(1740464442923)\/",
        "ActivityId":  null,
        "RelatedActivityId":  null,
        "ContainerLog":  "d:\\gs1_rm556392\\c2.evtx",
        "MatchedQueryIds":  [

                            ],
        "Bookmark":  {

                     },
        "LevelDisplayName":  null,
        "OpcodeDisplayName":  null,
        "TaskDisplayName":  null,
        "KeywordsDisplayNames":  null,
        "Properties":  [
                           {
                               "Value":  "-"
                           },
                           {
                               "Value":  "2025-02-25 06:25:16.823"
                           },
                           {
                               "Value":  "43199d79-5769-67bd-8200-000000000f00"
                           },
                           {
                               "Value":  1724
                           },
                           {
                               "Value":  "oneclient.sfx.ms"
                           },
                           {
                               "Value":  "0"
                           },
                           {
                               "Value":  "type:  5 oneclient.sfx.ms.edgekey.net;type:  5 e9659.dspg.akamaiedge.net;::ffff:23.201.217.84;"
                           },
                           {
                               "Value":  "C:\\Windows\\System32\\svchost.exe"
                           },
                           {
                               "Value":  "NT AUTHORITY\\SYSTEM"
                           }
                       ],
        "Message":  null
    },
